<?xml version="1.0" encoding="UTF-8"?>
<testsuite xmlns:xsi="http://www.w3.org/2001/XMLSchema-instance" xsi:noNamespaceSchemaLocation="https://maven.apache.org/surefire/maven-surefire-plugin/xsd/surefire-test-report.xsd" version="3.0.2" name="A3.projeto.A3Back.controller.AuthControllerUsernameExtractionPropertyTest" time="57.039" tests="2" errors="0" skipped="0" failures="0">
  <properties>
[...]
</properties>
  <testcase name="usernameExtractionShouldUseAuthenticatedEmpresaUsernameNotRequestUsername" classname="AuthControllerUsernameExtractionPropertyTest" time="29.329">
    <system-out><![CDATA[2025-11-24T07:03:52.222-03:00  INFO 12640 --- [A3Back] [           main] A.p.A3Back.controller.AuthController     : Login attempt for user: qzvalfw
2025-11-24T07:03:52.357-03:00  INFO 12640 --- [A3Back] [           main] A.p.A3Back.controller.AuthController     : JWT token generated successfully for user: QZVALFW
2025-11-24T07:03:52.494-03:00  INFO 12640 --- [A3Back] [           main] A.p.A3Back.controller.AuthController     : Login attempt for user: hmtbfwu
2025-11-24T07:03:52.621-03:00  INFO 12640 --- [A3Back] [           main] A.p.A3Back.controller.AuthController     : JWT token generated successfully for user: HMTBFWU
2025-11-24T07:03:52.738-03:00  INFO 12640 --- [A3Back] [           main] A.p.A3Back.controller.AuthController     : Login attempt for user: VzKhToJxIfHsMbUcWo
2025-11-24T07:03:52.868-03:00  INFO 12640 --- [A3Back] [           main] A.p.A3Back.controller.AuthController     : JWT token generated successfully for user: VZKHTOJXIFHSMBUCWO
2025-11-24T07:03:52.999-03:00  INFO 12640 --- [A3Back] [           main] A.p.A3Back.controller.AuthController     : Login attempt for user: BHQSFZZPUP
2025-11-24T07:03:53.127-03:00  INFO 12640 --- [A3Back] [           main] A.p.A3Back.controller.AuthController     : JWT token generated successfully for user: BHQSFZZPUP
2025-11-24T07:03:53.291-03:00  INFO 12640 --- [A3Back] [           main] A.p.A3Back.controller.AuthController     : Login attempt for user: aaa
2025-11-24T07:03:53.461-03:00  INFO 12640 --- [A3Back] [           main] A.p.A3Back.controller.AuthController     : JWT token generated successfully for user: AAA
2025-11-24T07:03:53.639-03:00  INFO 12640 --- [A3Back] [           main] A.p.A3Back.controller.AuthController     : Login attempt for user: krlgn
2025-11-24T07:03:53.780-03:00  INFO 12640 --- [A3Back] [           main] A.p.A3Back.controller.AuthController     : JWT token generated successfully for user: KRLGN
2025-11-24T07:03:53.959-03:00  INFO 12640 --- [A3Back] [           main] A.p.A3Back.controller.AuthController     : Login attempt for user: GXKMH
2025-11-24T07:03:54.433-03:00  INFO 12640 --- [A3Back] [           main] A.p.A3Back.controller.AuthController     : JWT token generated successfully for user: GXKMH
2025-11-24T07:03:54.647-03:00  INFO 12640 --- [A3Back] [           main] A.p.A3Back.controller.AuthController     : Login attempt for user: CMUYMKTNSRW
2025-11-24T07:03:54.810-03:00  INFO 12640 --- [A3Back] [           main] A.p.A3Back.controller.AuthController     : JWT token generated successfully for user: CMUYMKTNSRW
2025-11-24T07:03:55.036-03:00  INFO 12640 --- [A3Back] [           main] A.p.A3Back.controller.AuthController     : Login attempt for user: pdeyjznyh
2025-11-24T07:03:55.213-03:00  INFO 12640 --- [A3Back] [           main] A.p.A3Back.controller.AuthController     : JWT token generated successfully for user: PDEYJZNYH
2025-11-24T07:03:55.394-03:00  INFO 12640 --- [A3Back] [           main] A.p.A3Back.controller.AuthController     : Login attempt for user: GAEE
2025-11-24T07:03:55.549-03:00  INFO 12640 --- [A3Back] [           main] A.p.A3Back.controller.AuthController     : JWT token generated successfully for user: GAEE
2025-11-24T07:03:55.701-03:00  INFO 12640 --- [A3Back] [           main] A.p.A3Back.controller.AuthController     : Login attempt for user: UQOSNQQBUURKPDDRGVE
2025-11-24T07:03:55.825-03:00  INFO 12640 --- [A3Back] [           main] A.p.A3Back.controller.AuthController     : JWT token generated successfully for user: UQOSNQQBUURKPDDRGVE
2025-11-24T07:03:55.952-03:00  INFO 12640 --- [A3Back] [           main] A.p.A3Back.controller.AuthController     : Login attempt for user: XRYFRXUXEWLSWJKDRNGZ
2025-11-24T07:03:56.085-03:00  INFO 12640 --- [A3Back] [           main] A.p.A3Back.controller.AuthController     : JWT token generated successfully for user: XRYFRXUXEWLSWJKDRNGZ
2025-11-24T07:03:56.225-03:00  INFO 12640 --- [A3Back] [           main] A.p.A3Back.controller.AuthController     : Login attempt for user: EZSXVGTYSRC
2025-11-24T07:03:56.360-03:00  INFO 12640 --- [A3Back] [           main] A.p.A3Back.controller.AuthController     : JWT token generated successfully for user: EZSXVGTYSRC
2025-11-24T07:03:56.509-03:00  INFO 12640 --- [A3Back] [           main] A.p.A3Back.controller.AuthController     : Login attempt for user: OwKdVuQbEcGd
2025-11-24T07:03:56.652-03:00  INFO 12640 --- [A3Back] [           main] A.p.A3Back.controller.AuthController     : JWT token generated successfully for user: OWKDVUQBECGD
2025-11-24T07:03:56.788-03:00  INFO 12640 --- [A3Back] [           main] A.p.A3Back.controller.AuthController     : Login attempt for user: CPCCRAZVTYDSLSTVYU
2025-11-24T07:03:56.935-03:00  INFO 12640 --- [A3Back] [           main] A.p.A3Back.controller.AuthController     : JWT token generated successfully for user: CPCCRAZVTYDSLSTVYU
2025-11-24T07:03:57.067-03:00  INFO 12640 --- [A3Back] [           main] A.p.A3Back.controller.AuthController     : Login attempt for user: ArDdZ
2025-11-24T07:03:57.189-03:00  INFO 12640 --- [A3Back] [           main] A.p.A3Back.controller.AuthController     : JWT token generated successfully for user: ARDDZ
2025-11-24T07:03:57.318-03:00  INFO 12640 --- [A3Back] [           main] A.p.A3Back.controller.AuthController     : Login attempt for user: IhGbEzNcAzU
2025-11-24T07:03:57.451-03:00  INFO 12640 --- [A3Back] [           main] A.p.A3Back.controller.AuthController     : JWT token generated successfully for user: IHGBEZNCAZU
2025-11-24T07:03:57.584-03:00  INFO 12640 --- [A3Back] [           main] A.p.A3Back.controller.AuthController     : Login attempt for user: QsCsYhJuCrXo
2025-11-24T07:03:57.734-03:00  INFO 12640 --- [A3Back] [           main] A.p.A3Back.controller.AuthController     : JWT token generated successfully for user: QSCSYHJUCRXO
2025-11-24T07:03:57.868-03:00  INFO 12640 --- [A3Back] [           main] A.p.A3Back.controller.AuthController     : Login attempt for user: TCCILP
2025-11-24T07:03:58.010-03:00  INFO 12640 --- [A3Back] [           main] A.p.A3Back.controller.AuthController     : JWT token generated successfully for user: TCCILP
2025-11-24T07:03:58.138-03:00  INFO 12640 --- [A3Back] [           main] A.p.A3Back.controller.AuthController     : Login attempt for user: VGW
2025-11-24T07:03:58.269-03:00  INFO 12640 --- [A3Back] [           main] A.p.A3Back.controller.AuthController     : JWT token generated successfully for user: VGW
2025-11-24T07:03:58.400-03:00  INFO 12640 --- [A3Back] [           main] A.p.A3Back.controller.AuthController     : Login attempt for user: cafel
2025-11-24T07:03:58.533-03:00  INFO 12640 --- [A3Back] [           main] A.p.A3Back.controller.AuthController     : JWT token generated successfully for user: CAFEL
2025-11-24T07:03:58.676-03:00  INFO 12640 --- [A3Back] [           main] A.p.A3Back.controller.AuthController     : Login attempt for user: AAA
2025-11-24T07:03:58.941-03:00  INFO 12640 --- [A3Back] [           main] A.p.A3Back.controller.AuthController     : JWT token generated successfully for user: AAA
2025-11-24T07:03:59.087-03:00  INFO 12640 --- [A3Back] [           main] A.p.A3Back.controller.AuthController     : Login attempt for user: foapehuhvjqpb
2025-11-24T07:03:59.241-03:00  INFO 12640 --- [A3Back] [           main] A.p.A3Back.controller.AuthController     : JWT token generated successfully for user: FOAPEHUHVJQPB
2025-11-24T07:03:59.366-03:00  INFO 12640 --- [A3Back] [           main] A.p.A3Back.controller.AuthController     : Login attempt for user: onsfwxamty
2025-11-24T07:03:59.499-03:00  INFO 12640 --- [A3Back] [           main] A.p.A3Back.controller.AuthController     : JWT token generated successfully for user: ONSFWXAMTY
2025-11-24T07:03:59.640-03:00  INFO 12640 --- [A3Back] [           main] A.p.A3Back.controller.AuthController     : Login attempt for user: AAA
2025-11-24T07:03:59.814-03:00  INFO 12640 --- [A3Back] [           main] A.p.A3Back.controller.AuthController     : JWT token generated successfully for user: AAA
2025-11-24T07:03:59.936-03:00  INFO 12640 --- [A3Back] [           main] A.p.A3Back.controller.AuthController     : Login attempt for user: uupupvppmqezlcjojyzt
2025-11-24T07:04:00.147-03:00  INFO 12640 --- [A3Back] [           main] A.p.A3Back.controller.AuthController     : JWT token generated successfully for user: UUPUPVPPMQEZLCJOJYZT
2025-11-24T07:04:00.277-03:00  INFO 12640 --- [A3Back] [           main] A.p.A3Back.controller.AuthController     : Login attempt for user: AaA
2025-11-24T07:04:00.432-03:00  INFO 12640 --- [A3Back] [           main] A.p.A3Back.controller.AuthController     : JWT token generated successfully for user: AAA
2025-11-24T07:04:00.607-03:00  INFO 12640 --- [A3Back] [           main] A.p.A3Back.controller.AuthController     : Login attempt for user: AaA
2025-11-24T07:04:00.806-03:00  INFO 12640 --- [A3Back] [           main] A.p.A3Back.controller.AuthController     : JWT token generated successfully for user: AAA
2025-11-24T07:04:00.971-03:00  INFO 12640 --- [A3Back] [           main] A.p.A3Back.controller.AuthController     : Login attempt for user: ZRFWDVMW
2025-11-24T07:04:01.131-03:00  INFO 12640 --- [A3Back] [           main] A.p.A3Back.controller.AuthController     : JWT token generated successfully for user: ZRFWDVMW
2025-11-24T07:04:01.355-03:00  INFO 12640 --- [A3Back] [           main] A.p.A3Back.controller.AuthController     : Login attempt for user: HmBpJgTzFqCc
2025-11-24T07:04:01.552-03:00  INFO 12640 --- [A3Back] [           main] A.p.A3Back.controller.AuthController     : JWT token generated successfully for user: HMBPJGTZFQCC
2025-11-24T07:04:01.729-03:00  INFO 12640 --- [A3Back] [           main] A.p.A3Back.controller.AuthController     : Login attempt for user: LvOdDuJhPgI
2025-11-24T07:04:01.854-03:00  INFO 12640 --- [A3Back] [           main] A.p.A3Back.controller.AuthController     : JWT token generated successfully for user: LVODDUJHPGI
2025-11-24T07:04:01.995-03:00  INFO 12640 --- [A3Back] [           main] A.p.A3Back.controller.AuthController     : Login attempt for user: GYNS
2025-11-24T07:04:02.115-03:00  INFO 12640 --- [A3Back] [           main] A.p.A3Back.controller.AuthController     : JWT token generated successfully for user: GYNS
2025-11-24T07:04:02.252-03:00  INFO 12640 --- [A3Back] [           main] A.p.A3Back.controller.AuthController     : Login attempt for user: nkrcxtqr
2025-11-24T07:04:02.387-03:00  INFO 12640 --- [A3Back] [           main] A.p.A3Back.controller.AuthController     : JWT token generated successfully for user: NKRCXTQR
2025-11-24T07:04:02.517-03:00  INFO 12640 --- [A3Back] [           main] A.p.A3Back.controller.AuthController     : Login attempt for user: sivtwba
2025-11-24T07:04:02.629-03:00  INFO 12640 --- [A3Back] [           main] A.p.A3Back.controller.AuthController     : JWT token generated successfully for user: SIVTWBA
2025-11-24T07:04:02.853-03:00  INFO 12640 --- [A3Back] [           main] A.p.A3Back.controller.AuthController     : Login attempt for user: ejj
2025-11-24T07:04:03.161-03:00  INFO 12640 --- [A3Back] [           main] A.p.A3Back.controller.AuthController     : JWT token generated successfully for user: EJJ
2025-11-24T07:04:03.327-03:00  INFO 12640 --- [A3Back] [           main] A.p.A3Back.controller.AuthController     : Login attempt for user: LpAvVlEhEhE
2025-11-24T07:04:03.444-03:00  INFO 12640 --- [A3Back] [           main] A.p.A3Back.controller.AuthController     : JWT token generated successfully for user: LPAVVLEHEHE
2025-11-24T07:04:03.577-03:00  INFO 12640 --- [A3Back] [           main] A.p.A3Back.controller.AuthController     : Login attempt for user: VpKpJsW
2025-11-24T07:04:03.732-03:00  INFO 12640 --- [A3Back] [           main] A.p.A3Back.controller.AuthController     : JWT token generated successfully for user: VPKPJSW
2025-11-24T07:04:03.868-03:00  INFO 12640 --- [A3Back] [           main] A.p.A3Back.controller.AuthController     : Login attempt for user: gocqx
2025-11-24T07:04:03.995-03:00  INFO 12640 --- [A3Back] [           main] A.p.A3Back.controller.AuthController     : JWT token generated successfully for user: GOCQX
2025-11-24T07:04:04.128-03:00  INFO 12640 --- [A3Back] [           main] A.p.A3Back.controller.AuthController     : Login attempt for user: OtMfTu
2025-11-24T07:04:04.277-03:00  INFO 12640 --- [A3Back] [           main] A.p.A3Back.controller.AuthController     : JWT token generated successfully for user: OTMFTU
2025-11-24T07:04:04.411-03:00  INFO 12640 --- [A3Back] [           main] A.p.A3Back.controller.AuthController     : Login attempt for user: ErAzTrUrYiVr
2025-11-24T07:04:04.544-03:00  INFO 12640 --- [A3Back] [           main] A.p.A3Back.controller.AuthController     : JWT token generated successfully for user: ERAZTRURYIVR
2025-11-24T07:04:04.693-03:00  INFO 12640 --- [A3Back] [           main] A.p.A3Back.controller.AuthController     : Login attempt for user: CyXaNpKmNyRcK
2025-11-24T07:04:04.823-03:00  INFO 12640 --- [A3Back] [           main] A.p.A3Back.controller.AuthController     : JWT token generated successfully for user: CYXANPKMNYRCK
2025-11-24T07:04:04.948-03:00  INFO 12640 --- [A3Back] [           main] A.p.A3Back.controller.AuthController     : Login attempt for user: NQAZJC
2025-11-24T07:04:05.094-03:00  INFO 12640 --- [A3Back] [           main] A.p.A3Back.controller.AuthController     : JWT token generated successfully for user: NQAZJC
2025-11-24T07:04:05.213-03:00  INFO 12640 --- [A3Back] [           main] A.p.A3Back.controller.AuthController     : Login attempt for user: BjWiPzXx
2025-11-24T07:04:05.345-03:00  INFO 12640 --- [A3Back] [           main] A.p.A3Back.controller.AuthController     : JWT token generated successfully for user: BJWIPZXX
2025-11-24T07:04:05.477-03:00  INFO 12640 --- [A3Back] [           main] A.p.A3Back.controller.AuthController     : Login attempt for user: zzz
2025-11-24T07:04:05.665-03:00  INFO 12640 --- [A3Back] [           main] A.p.A3Back.controller.AuthController     : JWT token generated successfully for user: ZZZ
2025-11-24T07:04:05.958-03:00  INFO 12640 --- [A3Back] [           main] A.p.A3Back.controller.AuthController     : Login attempt for user: TlSzO
2025-11-24T07:04:06.083-03:00  INFO 12640 --- [A3Back] [           main] A.p.A3Back.controller.AuthController     : JWT token generated successfully for user: TLSZO
2025-11-24T07:04:06.216-03:00  INFO 12640 --- [A3Back] [           main] A.p.A3Back.controller.AuthController     : Login attempt for user: RmFjYkAzKpXwU
2025-11-24T07:04:06.350-03:00  INFO 12640 --- [A3Back] [           main] A.p.A3Back.controller.AuthController     : JWT token generated successfully for user: RMFJYKAZKPXWU
2025-11-24T07:04:06.474-03:00  INFO 12640 --- [A3Back] [           main] A.p.A3Back.controller.AuthController     : Login attempt for user: mxnd
2025-11-24T07:04:06.608-03:00  INFO 12640 --- [A3Back] [           main] A.p.A3Back.controller.AuthController     : JWT token generated successfully for user: MXND
2025-11-24T07:04:06.731-03:00  INFO 12640 --- [A3Back] [           main] A.p.A3Back.controller.AuthController     : Login attempt for user: lnmcne
2025-11-24T07:04:06.861-03:00  INFO 12640 --- [A3Back] [           main] A.p.A3Back.controller.AuthController     : JWT token generated successfully for user: LNMCNE
2025-11-24T07:04:07.010-03:00  INFO 12640 --- [A3Back] [           main] A.p.A3Back.controller.AuthController     : Login attempt for user: FHIE
2025-11-24T07:04:07.134-03:00  INFO 12640 --- [A3Back] [           main] A.p.A3Back.controller.AuthController     : JWT token generated successfully for user: FHIE
2025-11-24T07:04:07.263-03:00  INFO 12640 --- [A3Back] [           main] A.p.A3Back.controller.AuthController     : Login attempt for user: zzz
2025-11-24T07:04:07.391-03:00  INFO 12640 --- [A3Back] [           main] A.p.A3Back.controller.AuthController     : JWT token generated successfully for user: ZZZ
2025-11-24T07:04:07.524-03:00  INFO 12640 --- [A3Back] [           main] A.p.A3Back.controller.AuthController     : Login attempt for user: ZGLZCZ
2025-11-24T07:04:07.653-03:00  INFO 12640 --- [A3Back] [           main] A.p.A3Back.controller.AuthController     : JWT token generated successfully for user: ZGLZCZ
2025-11-24T07:04:07.786-03:00  INFO 12640 --- [A3Back] [           main] A.p.A3Back.controller.AuthController     : Login attempt for user: okxswnrugdetz
2025-11-24T07:04:07.910-03:00  INFO 12640 --- [A3Back] [           main] A.p.A3Back.controller.AuthController     : JWT token generated successfully for user: OKXSWNRUGDETZ
2025-11-24T07:04:08.035-03:00  INFO 12640 --- [A3Back] [           main] A.p.A3Back.controller.AuthController     : Login attempt for user: ISNA
2025-11-24T07:04:08.159-03:00  INFO 12640 --- [A3Back] [           main] A.p.A3Back.controller.AuthController     : JWT token generated successfully for user: ISNA
2025-11-24T07:04:08.317-03:00  INFO 12640 --- [A3Back] [           main] A.p.A3Back.controller.AuthController     : Login attempt for user: OvBtMvKbWgEvKjW
2025-11-24T07:04:08.458-03:00  INFO 12640 --- [A3Back] [           main] A.p.A3Back.controller.AuthController     : JWT token generated successfully for user: OVBTMVKBWGEVKJW
2025-11-24T07:04:08.590-03:00  INFO 12640 --- [A3Back] [           main] A.p.A3Back.controller.AuthController     : Login attempt for user: zzz
2025-11-24T07:04:08.723-03:00  INFO 12640 --- [A3Back] [           main] A.p.A3Back.controller.AuthController     : JWT token generated successfully for user: ZZZ
2025-11-24T07:04:08.856-03:00  INFO 12640 --- [A3Back] [           main] A.p.A3Back.controller.AuthController     : Login attempt for user: lzlwmeldfsiw
2025-11-24T07:04:08.981-03:00  INFO 12640 --- [A3Back] [           main] A.p.A3Back.controller.AuthController     : JWT token generated successfully for user: LZLWMELDFSIW
2025-11-24T07:04:09.119-03:00  INFO 12640 --- [A3Back] [           main] A.p.A3Back.controller.AuthController     : Login attempt for user: NPFUB
2025-11-24T07:04:09.261-03:00  INFO 12640 --- [A3Back] [           main] A.p.A3Back.controller.AuthController     : JWT token generated successfully for user: NPFUB
2025-11-24T07:04:09.389-03:00  INFO 12640 --- [A3Back] [           main] A.p.A3Back.controller.AuthController     : Login attempt for user: HxFuWaCqFm
2025-11-24T07:04:09.513-03:00  INFO 12640 --- [A3Back] [           main] A.p.A3Back.controller.AuthController     : JWT token generated successfully for user: HXFUWACQFM
2025-11-24T07:04:09.642-03:00  INFO 12640 --- [A3Back] [           main] A.p.A3Back.controller.AuthController     : Login attempt for user: gucwim
2025-11-24T07:04:09.787-03:00  INFO 12640 --- [A3Back] [           main] A.p.A3Back.controller.AuthController     : JWT token generated successfully for user: GUCWIM
2025-11-24T07:04:09.917-03:00  INFO 12640 --- [A3Back] [           main] A.p.A3Back.controller.AuthController     : Login attempt for user: mohmkahzobdy
2025-11-24T07:04:10.038-03:00  INFO 12640 --- [A3Back] [           main] A.p.A3Back.controller.AuthController     : JWT token generated successfully for user: MOHMKAHZOBDY
2025-11-24T07:04:10.168-03:00  INFO 12640 --- [A3Back] [           main] A.p.A3Back.controller.AuthController     : Login attempt for user: KyNlGoFsFmLtSwIhYw
2025-11-24T07:04:10.294-03:00  INFO 12640 --- [A3Back] [           main] A.p.A3Back.controller.AuthController     : JWT token generated successfully for user: KYNLGOFSFMLTSWIHYW
2025-11-24T07:04:10.422-03:00  INFO 12640 --- [A3Back] [           main] A.p.A3Back.controller.AuthController     : Login attempt for user: MRJTYCWXHGVDE
2025-11-24T07:04:10.571-03:00  INFO 12640 --- [A3Back] [           main] A.p.A3Back.controller.AuthController     : JWT token generated successfully for user: MRJTYCWXHGVDE
2025-11-24T07:04:10.700-03:00  INFO 12640 --- [A3Back] [           main] A.p.A3Back.controller.AuthController     : Login attempt for user: CHUUGEPFF
2025-11-24T07:04:10.827-03:00  INFO 12640 --- [A3Back] [           main] A.p.A3Back.controller.AuthController     : JWT token generated successfully for user: CHUUGEPFF
2025-11-24T07:04:11.006-03:00  INFO 12640 --- [A3Back] [           main] A.p.A3Back.controller.AuthController     : Login attempt for user: qtyflybab
2025-11-24T07:04:11.121-03:00  INFO 12640 --- [A3Back] [           main] A.p.A3Back.controller.AuthController     : JWT token generated successfully for user: QTYFLYBAB
2025-11-24T07:04:11.258-03:00  INFO 12640 --- [A3Back] [           main] A.p.A3Back.controller.AuthController     : Login attempt for user: CNNDEVLRSIGZG
2025-11-24T07:04:11.390-03:00  INFO 12640 --- [A3Back] [           main] A.p.A3Back.controller.AuthController     : JWT token generated successfully for user: CNNDEVLRSIGZG
2025-11-24T07:04:11.523-03:00  INFO 12640 --- [A3Back] [           main] A.p.A3Back.controller.AuthController     : Login attempt for user: JjX
2025-11-24T07:04:11.637-03:00  INFO 12640 --- [A3Back] [           main] A.p.A3Back.controller.AuthController     : JWT token generated successfully for user: JJX
2025-11-24T07:04:11.944-03:00  INFO 12640 --- [A3Back] [           main] A.p.A3Back.controller.AuthController     : Login attempt for user: MTHBZBIVSSDLG
2025-11-24T07:04:12.066-03:00  INFO 12640 --- [A3Back] [           main] A.p.A3Back.controller.AuthController     : JWT token generated successfully for user: MTHBZBIVSSDLG
2025-11-24T07:04:12.197-03:00  INFO 12640 --- [A3Back] [           main] A.p.A3Back.controller.AuthController     : Login attempt for user: hmor
2025-11-24T07:04:12.327-03:00  INFO 12640 --- [A3Back] [           main] A.p.A3Back.controller.AuthController     : JWT token generated successfully for user: HMOR
2025-11-24T07:04:12.459-03:00  INFO 12640 --- [A3Back] [           main] A.p.A3Back.controller.AuthController     : Login attempt for user: RtTeAsBhJb
2025-11-24T07:04:12.582-03:00  INFO 12640 --- [A3Back] [           main] A.p.A3Back.controller.AuthController     : JWT token generated successfully for user: RTTEASBHJB
2025-11-24T07:04:12.705-03:00  INFO 12640 --- [A3Back] [           main] A.p.A3Back.controller.AuthController     : Login attempt for user: BXWQWIMSMF
2025-11-24T07:04:12.837-03:00  INFO 12640 --- [A3Back] [           main] A.p.A3Back.controller.AuthController     : JWT token generated successfully for user: BXWQWIMSMF
2025-11-24T07:04:12.968-03:00  INFO 12640 --- [A3Back] [           main] A.p.A3Back.controller.AuthController     : Login attempt for user: IVIQRVM
2025-11-24T07:04:13.102-03:00  INFO 12640 --- [A3Back] [           main] A.p.A3Back.controller.AuthController     : JWT token generated successfully for user: IVIQRVM
2025-11-24T07:04:13.221-03:00  INFO 12640 --- [A3Back] [           main] A.p.A3Back.controller.AuthController     : Login attempt for user: ZzZ
2025-11-24T07:04:13.355-03:00  INFO 12640 --- [A3Back] [           main] A.p.A3Back.controller.AuthController     : JWT token generated successfully for user: ZZZ
2025-11-24T07:04:13.485-03:00  INFO 12640 --- [A3Back] [           main] A.p.A3Back.controller.AuthController     : Login attempt for user: HlDlUwIhPvOrS
2025-11-24T07:04:13.612-03:00  INFO 12640 --- [A3Back] [           main] A.p.A3Back.controller.AuthController     : JWT token generated successfully for user: HLDLUWIHPVORS
2025-11-24T07:04:13.748-03:00  INFO 12640 --- [A3Back] [           main] A.p.A3Back.controller.AuthController     : Login attempt for user: PGXRXN
2025-11-24T07:04:13.871-03:00  INFO 12640 --- [A3Back] [           main] A.p.A3Back.controller.AuthController     : JWT token generated successfully for user: PGXRXN
2025-11-24T07:04:13.998-03:00  INFO 12640 --- [A3Back] [           main] A.p.A3Back.controller.AuthController     : Login attempt for user: SfVrX
2025-11-24T07:04:14.140-03:00  INFO 12640 --- [A3Back] [           main] A.p.A3Back.controller.AuthController     : JWT token generated successfully for user: SFVRX
2025-11-24T07:04:14.285-03:00  INFO 12640 --- [A3Back] [           main] A.p.A3Back.controller.AuthController     : Login attempt for user: UQUUANTJIK
2025-11-24T07:04:14.407-03:00  INFO 12640 --- [A3Back] [           main] A.p.A3Back.controller.AuthController     : JWT token generated successfully for user: UQUUANTJIK
2025-11-24T07:04:14.808-03:00  INFO 12640 --- [A3Back] [           main] A.p.A3Back.controller.AuthController     : Login attempt for user: wweahvne
2025-11-24T07:04:14.940-03:00  INFO 12640 --- [A3Back] [           main] A.p.A3Back.controller.AuthController     : JWT token generated successfully for user: WWEAHVNE
2025-11-24T07:04:15.101-03:00  INFO 12640 --- [A3Back] [           main] A.p.A3Back.controller.AuthController     : Login attempt for user: aaa
2025-11-24T07:04:15.232-03:00  INFO 12640 --- [A3Back] [           main] A.p.A3Back.controller.AuthController     : JWT token generated successfully for user: AAA
2025-11-24T07:04:15.358-03:00  INFO 12640 --- [A3Back] [           main] A.p.A3Back.controller.AuthController     : Login attempt for user: AwCb
2025-11-24T07:04:15.491-03:00  INFO 12640 --- [A3Back] [           main] A.p.A3Back.controller.AuthController     : JWT token generated successfully for user: AWCB
2025-11-24T07:04:15.616-03:00  INFO 12640 --- [A3Back] [           main] A.p.A3Back.controller.AuthController     : Login attempt for user: NHRGCDIEPXMZI
2025-11-24T07:04:15.749-03:00  INFO 12640 --- [A3Back] [           main] A.p.A3Back.controller.AuthController     : JWT token generated successfully for user: NHRGCDIEPXMZI
2025-11-24T07:04:15.883-03:00  INFO 12640 --- [A3Back] [           main] A.p.A3Back.controller.AuthController     : Login attempt for user: mcchfabnceql
2025-11-24T07:04:16.023-03:00  INFO 12640 --- [A3Back] [           main] A.p.A3Back.controller.AuthController     : JWT token generated successfully for user: MCCHFABNCEQL
2025-11-24T07:04:16.149-03:00  INFO 12640 --- [A3Back] [           main] A.p.A3Back.controller.AuthController     : Login attempt for user: NnBxXuVrL
2025-11-24T07:04:16.282-03:00  INFO 12640 --- [A3Back] [           main] A.p.A3Back.controller.AuthController     : JWT token generated successfully for user: NNBXXUVRL
2025-11-24T07:04:16.399-03:00  INFO 12640 --- [A3Back] [           main] A.p.A3Back.controller.AuthController     : Login attempt for user: tmzoqrfoayr
2025-11-24T07:04:16.581-03:00  INFO 12640 --- [A3Back] [           main] A.p.A3Back.controller.AuthController     : JWT token generated successfully for user: TMZOQRFOAYR
2025-11-24T07:04:16.715-03:00  INFO 12640 --- [A3Back] [           main] A.p.A3Back.controller.AuthController     : Login attempt for user: ejoidycowbk
2025-11-24T07:04:16.831-03:00  INFO 12640 --- [A3Back] [           main] A.p.A3Back.controller.AuthController     : JWT token generated successfully for user: EJOIDYCOWBK
2025-11-24T07:04:16.964-03:00  INFO 12640 --- [A3Back] [           main] A.p.A3Back.controller.AuthController     : Login attempt for user: aaa
2025-11-24T07:04:17.084-03:00  INFO 12640 --- [A3Back] [           main] A.p.A3Back.controller.AuthController     : JWT token generated successfully for user: AAA
2025-11-24T07:04:17.224-03:00  INFO 12640 --- [A3Back] [           main] A.p.A3Back.controller.AuthController     : Login attempt for user: CCYNYQG
2025-11-24T07:04:17.348-03:00  INFO 12640 --- [A3Back] [           main] A.p.A3Back.controller.AuthController     : JWT token generated successfully for user: CCYNYQG
2025-11-24T07:04:17.466-03:00  INFO 12640 --- [A3Back] [           main] A.p.A3Back.controller.AuthController     : Login attempt for user: ULRWSXJZCXIEX
2025-11-24T07:04:17.598-03:00  INFO 12640 --- [A3Back] [           main] A.p.A3Back.controller.AuthController     : JWT token generated successfully for user: ULRWSXJZCXIEX
2025-11-24T07:04:17.718-03:00  INFO 12640 --- [A3Back] [           main] A.p.A3Back.controller.AuthController     : Login attempt for user: LxPyUkHlWrZlB
2025-11-24T07:04:17.849-03:00  INFO 12640 --- [A3Back] [           main] A.p.A3Back.controller.AuthController     : JWT token generated successfully for user: LXPYUKHLWRZLB
2025-11-24T07:04:18.115-03:00  INFO 12640 --- [A3Back] [           main] A.p.A3Back.controller.AuthController     : Login attempt for user: ARHERNIZYHOT
2025-11-24T07:04:18.229-03:00  INFO 12640 --- [A3Back] [           main] A.p.A3Back.controller.AuthController     : JWT token generated successfully for user: ARHERNIZYHOT
2025-11-24T07:04:18.367-03:00  INFO 12640 --- [A3Back] [           main] A.p.A3Back.controller.AuthController     : Login attempt for user: CoUyJuKjKlJd
2025-11-24T07:04:18.501-03:00  INFO 12640 --- [A3Back] [           main] A.p.A3Back.controller.AuthController     : JWT token generated successfully for user: COUYJUKJKLJD
2025-11-24T07:04:18.631-03:00  INFO 12640 --- [A3Back] [           main] A.p.A3Back.controller.AuthController     : Login attempt for user: iqbk
2025-11-24T07:04:18.756-03:00  INFO 12640 --- [A3Back] [           main] A.p.A3Back.controller.AuthController     : JWT token generated successfully for user: IQBK
2025-11-24T07:04:18.875-03:00  INFO 12640 --- [A3Back] [           main] A.p.A3Back.controller.AuthController     : Login attempt for user: MAUGNN
2025-11-24T07:04:19.005-03:00  INFO 12640 --- [A3Back] [           main] A.p.A3Back.controller.AuthController     : JWT token generated successfully for user: MAUGNN
2025-11-24T07:04:19.146-03:00  INFO 12640 --- [A3Back] [           main] A.p.A3Back.controller.AuthController     : Login attempt for user: TaMeFsUgGu
2025-11-24T07:04:19.279-03:00  INFO 12640 --- [A3Back] [           main] A.p.A3Back.controller.AuthController     : JWT token generated successfully for user: TAMEFSUGGU
2025-11-24T07:04:19.413-03:00  INFO 12640 --- [A3Back] [           main] A.p.A3Back.controller.AuthController     : Login attempt for user: RHOXUALVORETD
2025-11-24T07:04:19.532-03:00  INFO 12640 --- [A3Back] [           main] A.p.A3Back.controller.AuthController     : JWT token generated successfully for user: RHOXUALVORETD
2025-11-24T07:04:19.663-03:00  INFO 12640 --- [A3Back] [           main] A.p.A3Back.controller.AuthController     : Login attempt for user: GiXqKdUf
2025-11-24T07:04:19.796-03:00  INFO 12640 --- [A3Back] [           main] A.p.A3Back.controller.AuthController     : JWT token generated successfully for user: GIXQKDUF
2025-11-24T07:04:19.927-03:00  INFO 12640 --- [A3Back] [           main] A.p.A3Back.controller.AuthController     : Login attempt for user: RoSiFfYlEiPfAaG
2025-11-24T07:04:20.045-03:00  INFO 12640 --- [A3Back] [           main] A.p.A3Back.controller.AuthController     : JWT token generated successfully for user: ROSIFFYLEIPFAAG
2025-11-24T07:04:20.195-03:00  INFO 12640 --- [A3Back] [           main] A.p.A3Back.controller.AuthController     : Login attempt for user: XIG
2025-11-24T07:04:20.329-03:00  INFO 12640 --- [A3Back] [           main] A.p.A3Back.controller.AuthController     : JWT token generated successfully for user: XIG
2025-11-24T07:04:20.448-03:00  INFO 12640 --- [A3Back] [           main] A.p.A3Back.controller.AuthController     : Login attempt for user: recnurgbj
2025-11-24T07:04:20.595-03:00  INFO 12640 --- [A3Back] [           main] A.p.A3Back.controller.AuthController     : JWT token generated successfully for user: RECNURGBJ
2025-11-24T07:04:20.714-03:00  INFO 12640 --- [A3Back] [           main] A.p.A3Back.controller.AuthController     : Login attempt for user: DlMpUvIyYaBgV
2025-11-24T07:04:20.830-03:00  INFO 12640 --- [A3Back] [           main] A.p.A3Back.controller.AuthController     : JWT token generated successfully for user: DLMPUVIYYABGV
2025-11-24T07:04:20.962-03:00  INFO 12640 --- [A3Back] [           main] A.p.A3Back.controller.AuthController     : Login attempt for user: uumm
2025-11-24T07:04:21.094-03:00  INFO 12640 --- [A3Back] [           main] A.p.A3Back.controller.AuthController     : JWT token generated successfully for user: UUMM
timestamp = 2025-11-24T07:04:21.094781500, AuthControllerUsernameExtractionPropertyTest:usernameExtractionShouldUseAuthenticatedEmpresaUsernameNotRequestUsername = 
                              |-----------------------jqwik-----------------------
tries = 100                   | # of calls to property
checks = 100                  | # of not rejected calls
generation = RANDOMIZED       | parameters are randomly generated
after-failure = SAMPLE_FIRST  | try previously failed sample, then previous seed
when-fixed-seed = ALLOW       | fixing the random seed is allowed
edge-cases#mode = MIXIN       | edge cases are mixed in
edge-cases#total = 8          | # of all combined edge cases
edge-cases#tried = 5          | # of edge cases tried in current run
seed = 7862834750039694520    | random seed to reproduce generated values


]]></system-out>
  </testcase>
  <testcase name="usernameFromAuthenticatedEmpresaShouldBeUsedForScamRetrieval" classname="AuthControllerUsernameExtractionPropertyTest" time="27.708">
    <system-out><![CDATA[2025-11-24T07:04:21.244-03:00  INFO 12640 --- [A3Back] [           main] A.p.A3Back.controller.AuthController     : Login attempt for user: ilET
2025-11-24T07:04:21.379-03:00  INFO 12640 --- [A3Back] [           main] A.p.A3Back.controller.AuthController     : JWT token generated successfully for user: ILET
2025-11-24T07:04:21.506-03:00  INFO 12640 --- [A3Back] [           main] A.p.A3Back.controller.AuthController     : Login attempt for user: AAZCkqmQIRolJ
2025-11-24T07:04:21.627-03:00  INFO 12640 --- [A3Back] [           main] A.p.A3Back.controller.AuthController     : JWT token generated successfully for user: AAZCKQMQIROLJ
2025-11-24T07:04:21.761-03:00  INFO 12640 --- [A3Back] [           main] A.p.A3Back.controller.AuthController     : Login attempt for user: EcfwVXlcfId
2025-11-24T07:04:22.039-03:00  INFO 12640 --- [A3Back] [           main] A.p.A3Back.controller.AuthController     : JWT token generated successfully for user: ECFWVXLCFID
2025-11-24T07:04:22.209-03:00  INFO 12640 --- [A3Back] [           main] A.p.A3Back.controller.AuthController     : Login attempt for user: DMkVUB
2025-11-24T07:04:22.335-03:00  INFO 12640 --- [A3Back] [           main] A.p.A3Back.controller.AuthController     : JWT token generated successfully for user: DMKVUB
2025-11-24T07:04:22.475-03:00  INFO 12640 --- [A3Back] [           main] A.p.A3Back.controller.AuthController     : Login attempt for user: FcelQdxdGo
2025-11-24T07:04:22.597-03:00  INFO 12640 --- [A3Back] [           main] A.p.A3Back.controller.AuthController     : JWT token generated successfully for user: FCELQDXDGO
2025-11-24T07:04:22.725-03:00  INFO 12640 --- [A3Back] [           main] A.p.A3Back.controller.AuthController     : Login attempt for user: lAgSEsHke
2025-11-24T07:04:22.846-03:00  INFO 12640 --- [A3Back] [           main] A.p.A3Back.controller.AuthController     : JWT token generated successfully for user: LAGSESHKE
2025-11-24T07:04:22.978-03:00  INFO 12640 --- [A3Back] [           main] A.p.A3Back.controller.AuthController     : Login attempt for user: PKRZDcRz
2025-11-24T07:04:23.091-03:00  INFO 12640 --- [A3Back] [           main] A.p.A3Back.controller.AuthController     : JWT token generated successfully for user: PKRZDCRZ
2025-11-24T07:04:23.226-03:00  INFO 12640 --- [A3Back] [           main] A.p.A3Back.controller.AuthController     : Login attempt for user: QSiqOSmRRIJ
2025-11-24T07:04:23.360-03:00  INFO 12640 --- [A3Back] [           main] A.p.A3Back.controller.AuthController     : JWT token generated successfully for user: QSIQOSMRRIJ
2025-11-24T07:04:23.480-03:00  INFO 12640 --- [A3Back] [           main] A.p.A3Back.controller.AuthController     : Login attempt for user: fvM
2025-11-24T07:04:23.611-03:00  INFO 12640 --- [A3Back] [           main] A.p.A3Back.controller.AuthController     : JWT token generated successfully for user: FVM
2025-11-24T07:04:23.741-03:00  INFO 12640 --- [A3Back] [           main] A.p.A3Back.controller.AuthController     : Login attempt for user: TtNgQdZWpFVgc
2025-11-24T07:04:23.859-03:00  INFO 12640 --- [A3Back] [           main] A.p.A3Back.controller.AuthController     : JWT token generated successfully for user: TTNGQDZWPFVGC
2025-11-24T07:04:23.993-03:00  INFO 12640 --- [A3Back] [           main] A.p.A3Back.controller.AuthController     : Login attempt for user: Noe
2025-11-24T07:04:24.124-03:00  INFO 12640 --- [A3Back] [           main] A.p.A3Back.controller.AuthController     : JWT token generated successfully for user: NOE
2025-11-24T07:04:24.279-03:00  INFO 12640 --- [A3Back] [           main] A.p.A3Back.controller.AuthController     : Login attempt for user: rLgD
2025-11-24T07:04:24.394-03:00  INFO 12640 --- [A3Back] [           main] A.p.A3Back.controller.AuthController     : JWT token generated successfully for user: RLGD
2025-11-24T07:04:24.541-03:00  INFO 12640 --- [A3Back] [           main] A.p.A3Back.controller.AuthController     : Login attempt for user: GZTMXFECOIuvl
2025-11-24T07:04:24.668-03:00  INFO 12640 --- [A3Back] [           main] A.p.A3Back.controller.AuthController     : JWT token generated successfully for user: GZTMXFECOIUVL
2025-11-24T07:04:24.825-03:00  INFO 12640 --- [A3Back] [           main] A.p.A3Back.controller.AuthController     : Login attempt for user: uCDscpnaG
2025-11-24T07:04:24.997-03:00  INFO 12640 --- [A3Back] [           main] A.p.A3Back.controller.AuthController     : JWT token generated successfully for user: UCDSCPNAG
2025-11-24T07:04:25.135-03:00  INFO 12640 --- [A3Back] [           main] A.p.A3Back.controller.AuthController     : Login attempt for user: ObviBSHu
2025-11-24T07:04:25.266-03:00  INFO 12640 --- [A3Back] [           main] A.p.A3Back.controller.AuthController     : JWT token generated successfully for user: OBVIBSHU
2025-11-24T07:04:25.407-03:00  INFO 12640 --- [A3Back] [           main] A.p.A3Back.controller.AuthController     : Login attempt for user: WSmyaiMPxaM
2025-11-24T07:04:25.540-03:00  INFO 12640 --- [A3Back] [           main] A.p.A3Back.controller.AuthController     : JWT token generated successfully for user: WSMYAIMPXAM
2025-11-24T07:04:25.673-03:00  INFO 12640 --- [A3Back] [           main] A.p.A3Back.controller.AuthController     : Login attempt for user: ykOdWGPnfNWfWX
2025-11-24T07:04:25.797-03:00  INFO 12640 --- [A3Back] [           main] A.p.A3Back.controller.AuthController     : JWT token generated successfully for user: YKODWGPNFNWFWX
2025-11-24T07:04:26.069-03:00  INFO 12640 --- [A3Back] [           main] A.p.A3Back.controller.AuthController     : Login attempt for user: nFYF
2025-11-24T07:04:26.192-03:00  INFO 12640 --- [A3Back] [           main] A.p.A3Back.controller.AuthController     : JWT token generated successfully for user: NFYF
2025-11-24T07:04:26.325-03:00  INFO 12640 --- [A3Back] [           main] A.p.A3Back.controller.AuthController     : Login attempt for user: cTOBoWsiKvqFkJFcpb
2025-11-24T07:04:26.449-03:00  INFO 12640 --- [A3Back] [           main] A.p.A3Back.controller.AuthController     : JWT token generated successfully for user: CTOBOWSIKVQFKJFCPB
2025-11-24T07:04:26.577-03:00  INFO 12640 --- [A3Back] [           main] A.p.A3Back.controller.AuthController     : Login attempt for user: IOP
2025-11-24T07:04:26.708-03:00  INFO 12640 --- [A3Back] [           main] A.p.A3Back.controller.AuthController     : JWT token generated successfully for user: IOP
2025-11-24T07:04:26.825-03:00  INFO 12640 --- [A3Back] [           main] A.p.A3Back.controller.AuthController     : Login attempt for user: ElsncUsBmIZNJQYpv
2025-11-24T07:04:26.955-03:00  INFO 12640 --- [A3Back] [           main] A.p.A3Back.controller.AuthController     : JWT token generated successfully for user: ELSNCUSBMIZNJQYPV
2025-11-24T07:04:27.085-03:00  INFO 12640 --- [A3Back] [           main] A.p.A3Back.controller.AuthController     : Login attempt for user: tkxEyytgQIDX
2025-11-24T07:04:27.205-03:00  INFO 12640 --- [A3Back] [           main] A.p.A3Back.controller.AuthController     : JWT token generated successfully for user: TKXEYYTGQIDX
2025-11-24T07:04:27.604-03:00  INFO 12640 --- [A3Back] [           main] A.p.A3Back.controller.AuthController     : Login attempt for user: AAA
2025-11-24T07:04:27.767-03:00  INFO 12640 --- [A3Back] [           main] A.p.A3Back.controller.AuthController     : JWT token generated successfully for user: AAA
2025-11-24T07:04:27.890-03:00  INFO 12640 --- [A3Back] [           main] A.p.A3Back.controller.AuthController     : Login attempt for user: zCzD
2025-11-24T07:04:28.021-03:00  INFO 12640 --- [A3Back] [           main] A.p.A3Back.controller.AuthController     : JWT token generated successfully for user: ZCZD
2025-11-24T07:04:28.153-03:00  INFO 12640 --- [A3Back] [           main] A.p.A3Back.controller.AuthController     : Login attempt for user: ZZZ
2025-11-24T07:04:28.284-03:00  INFO 12640 --- [A3Back] [           main] A.p.A3Back.controller.AuthController     : JWT token generated successfully for user: ZZZ
2025-11-24T07:04:28.408-03:00  INFO 12640 --- [A3Back] [           main] A.p.A3Back.controller.AuthController     : Login attempt for user: OqzSXV
2025-11-24T07:04:28.539-03:00  INFO 12640 --- [A3Back] [           main] A.p.A3Back.controller.AuthController     : JWT token generated successfully for user: OQZSXV
2025-11-24T07:04:28.653-03:00  INFO 12640 --- [A3Back] [           main] A.p.A3Back.controller.AuthController     : Login attempt for user: ASi
2025-11-24T07:04:28.787-03:00  INFO 12640 --- [A3Back] [           main] A.p.A3Back.controller.AuthController     : JWT token generated successfully for user: ASI
2025-11-24T07:04:28.921-03:00  INFO 12640 --- [A3Back] [           main] A.p.A3Back.controller.AuthController     : Login attempt for user: guTGZjzxntOZEsBgI
2025-11-24T07:04:29.049-03:00  INFO 12640 --- [A3Back] [           main] A.p.A3Back.controller.AuthController     : JWT token generated successfully for user: GUTGZJZXNTOZESBGI
2025-11-24T07:04:29.195-03:00  INFO 12640 --- [A3Back] [           main] A.p.A3Back.controller.AuthController     : Login attempt for user: aaa
2025-11-24T07:04:29.353-03:00  INFO 12640 --- [A3Back] [           main] A.p.A3Back.controller.AuthController     : JWT token generated successfully for user: AAA
2025-11-24T07:04:29.486-03:00  INFO 12640 --- [A3Back] [           main] A.p.A3Back.controller.AuthController     : Login attempt for user: csdoMxvdnclj
2025-11-24T07:04:29.602-03:00  INFO 12640 --- [A3Back] [           main] A.p.A3Back.controller.AuthController     : JWT token generated successfully for user: CSDOMXVDNCLJ
2025-11-24T07:04:29.732-03:00  INFO 12640 --- [A3Back] [           main] A.p.A3Back.controller.AuthController     : Login attempt for user: FrjMYcvzjXe
2025-11-24T07:04:29.857-03:00  INFO 12640 --- [A3Back] [           main] A.p.A3Back.controller.AuthController     : JWT token generated successfully for user: FRJMYCVZJXE
2025-11-24T07:04:29.986-03:00  INFO 12640 --- [A3Back] [           main] A.p.A3Back.controller.AuthController     : Login attempt for user: FiEBJDWF
2025-11-24T07:04:30.274-03:00  INFO 12640 --- [A3Back] [           main] A.p.A3Back.controller.AuthController     : JWT token generated successfully for user: FIEBJDWF
2025-11-24T07:04:30.406-03:00  INFO 12640 --- [A3Back] [           main] A.p.A3Back.controller.AuthController     : Login attempt for user: zzz
2025-11-24T07:04:30.537-03:00  INFO 12640 --- [A3Back] [           main] A.p.A3Back.controller.AuthController     : JWT token generated successfully for user: ZZZ
2025-11-24T07:04:30.669-03:00  INFO 12640 --- [A3Back] [           main] A.p.A3Back.controller.AuthController     : Login attempt for user: KktGNK
2025-11-24T07:04:30.802-03:00  INFO 12640 --- [A3Back] [           main] A.p.A3Back.controller.AuthController     : JWT token generated successfully for user: KKTGNK
2025-11-24T07:04:30.928-03:00  INFO 12640 --- [A3Back] [           main] A.p.A3Back.controller.AuthController     : Login attempt for user: PooeyCFCwguW
2025-11-24T07:04:31.034-03:00  INFO 12640 --- [A3Back] [           main] A.p.A3Back.controller.AuthController     : JWT token generated successfully for user: POOEYCFCWGUW
2025-11-24T07:04:31.178-03:00  INFO 12640 --- [A3Back] [           main] A.p.A3Back.controller.AuthController     : Login attempt for user: gyQhxxJnrna
2025-11-24T07:04:31.344-03:00  INFO 12640 --- [A3Back] [           main] A.p.A3Back.controller.AuthController     : JWT token generated successfully for user: GYQHXXJNRNA
2025-11-24T07:04:31.468-03:00  INFO 12640 --- [A3Back] [           main] A.p.A3Back.controller.AuthController     : Login attempt for user: DWwBsObKFeuj
2025-11-24T07:04:31.590-03:00  INFO 12640 --- [A3Back] [           main] A.p.A3Back.controller.AuthController     : JWT token generated successfully for user: DWWBSOBKFEUJ
2025-11-24T07:04:31.719-03:00  INFO 12640 --- [A3Back] [           main] A.p.A3Back.controller.AuthController     : Login attempt for user: Qsnmqe
2025-11-24T07:04:31.850-03:00  INFO 12640 --- [A3Back] [           main] A.p.A3Back.controller.AuthController     : JWT token generated successfully for user: QSNMQE
2025-11-24T07:04:31.983-03:00  INFO 12640 --- [A3Back] [           main] A.p.A3Back.controller.AuthController     : Login attempt for user: jdgVx
2025-11-24T07:04:32.100-03:00  INFO 12640 --- [A3Back] [           main] A.p.A3Back.controller.AuthController     : JWT token generated successfully for user: JDGVX
2025-11-24T07:04:32.242-03:00  INFO 12640 --- [A3Back] [           main] A.p.A3Back.controller.AuthController     : Login attempt for user: NcaJBBs
2025-11-24T07:04:32.368-03:00  INFO 12640 --- [A3Back] [           main] A.p.A3Back.controller.AuthController     : JWT token generated successfully for user: NCAJBBS
2025-11-24T07:04:32.483-03:00  INFO 12640 --- [A3Back] [           main] A.p.A3Back.controller.AuthController     : Login attempt for user: PHbCEwRVnJcZQDqze
2025-11-24T07:04:32.627-03:00  INFO 12640 --- [A3Back] [           main] A.p.A3Back.controller.AuthController     : JWT token generated successfully for user: PHBCEWRVNJCZQDQZE
2025-11-24T07:04:32.749-03:00  INFO 12640 --- [A3Back] [           main] A.p.A3Back.controller.AuthController     : Login attempt for user: oGSjcsvEdnWCqxJreTRV
2025-11-24T07:04:32.880-03:00  INFO 12640 --- [A3Back] [           main] A.p.A3Back.controller.AuthController     : JWT token generated successfully for user: OGSJCSVEDNWCQXJRETRV
2025-11-24T07:04:33.003-03:00  INFO 12640 --- [A3Back] [           main] A.p.A3Back.controller.AuthController     : Login attempt for user: hsfDJLi
2025-11-24T07:04:33.119-03:00  INFO 12640 --- [A3Back] [           main] A.p.A3Back.controller.AuthController     : JWT token generated successfully for user: HSFDJLI
2025-11-24T07:04:33.299-03:00  INFO 12640 --- [A3Back] [           main] A.p.A3Back.controller.AuthController     : Login attempt for user: xHU
2025-11-24T07:04:33.434-03:00  INFO 12640 --- [A3Back] [           main] A.p.A3Back.controller.AuthController     : JWT token generated successfully for user: XHU
2025-11-24T07:04:33.561-03:00  INFO 12640 --- [A3Back] [           main] A.p.A3Back.controller.AuthController     : Login attempt for user: hNAWJQ
2025-11-24T07:04:33.682-03:00  INFO 12640 --- [A3Back] [           main] A.p.A3Back.controller.AuthController     : JWT token generated successfully for user: HNAWJQ
2025-11-24T07:04:33.819-03:00  INFO 12640 --- [A3Back] [           main] A.p.A3Back.controller.AuthController     : Login attempt for user: VVMgbvXt
2025-11-24T07:04:33.935-03:00  INFO 12640 --- [A3Back] [           main] A.p.A3Back.controller.AuthController     : JWT token generated successfully for user: VVMGBVXT
2025-11-24T07:04:34.069-03:00  INFO 12640 --- [A3Back] [           main] A.p.A3Back.controller.AuthController     : Login attempt for user: fgJX
2025-11-24T07:04:34.384-03:00  INFO 12640 --- [A3Back] [           main] A.p.A3Back.controller.AuthController     : JWT token generated successfully for user: FGJX
2025-11-24T07:04:34.516-03:00  INFO 12640 --- [A3Back] [           main] A.p.A3Back.controller.AuthController     : Login attempt for user: mMxNsN
2025-11-24T07:04:34.641-03:00  INFO 12640 --- [A3Back] [           main] A.p.A3Back.controller.AuthController     : JWT token generated successfully for user: MMXNSN
2025-11-24T07:04:34.780-03:00  INFO 12640 --- [A3Back] [           main] A.p.A3Back.controller.AuthController     : Login attempt for user: AAA
2025-11-24T07:04:34.896-03:00  INFO 12640 --- [A3Back] [           main] A.p.A3Back.controller.AuthController     : JWT token generated successfully for user: AAA
2025-11-24T07:04:35.029-03:00  INFO 12640 --- [A3Back] [           main] A.p.A3Back.controller.AuthController     : Login attempt for user: UvoEfCoCKZZMaeaqtobQ
2025-11-24T07:04:35.156-03:00  INFO 12640 --- [A3Back] [           main] A.p.A3Back.controller.AuthController     : JWT token generated successfully for user: UVOEFCOCKZZMAEAQTOBQ
2025-11-24T07:04:35.285-03:00  INFO 12640 --- [A3Back] [           main] A.p.A3Back.controller.AuthController     : Login attempt for user: BqiLQrlZrVld
2025-11-24T07:04:35.416-03:00  INFO 12640 --- [A3Back] [           main] A.p.A3Back.controller.AuthController     : JWT token generated successfully for user: BQILQRLZRVLD
2025-11-24T07:04:35.549-03:00  INFO 12640 --- [A3Back] [           main] A.p.A3Back.controller.AuthController     : Login attempt for user: OiXCAsqFfDrEG
2025-11-24T07:04:35.673-03:00  INFO 12640 --- [A3Back] [           main] A.p.A3Back.controller.AuthController     : JWT token generated successfully for user: OIXCASQFFDREG
2025-11-24T07:04:35.797-03:00  INFO 12640 --- [A3Back] [           main] A.p.A3Back.controller.AuthController     : Login attempt for user: Exhl
2025-11-24T07:04:35.919-03:00  INFO 12640 --- [A3Back] [           main] A.p.A3Back.controller.AuthController     : JWT token generated successfully for user: EXHL
2025-11-24T07:04:36.048-03:00  INFO 12640 --- [A3Back] [           main] A.p.A3Back.controller.AuthController     : Login attempt for user: DWMfzu
2025-11-24T07:04:36.163-03:00  INFO 12640 --- [A3Back] [           main] A.p.A3Back.controller.AuthController     : JWT token generated successfully for user: DWMFZU
2025-11-24T07:04:36.313-03:00  INFO 12640 --- [A3Back] [           main] A.p.A3Back.controller.AuthController     : Login attempt for user: XfrtVfcpzti
2025-11-24T07:04:36.429-03:00  INFO 12640 --- [A3Back] [           main] A.p.A3Back.controller.AuthController     : JWT token generated successfully for user: XFRTVFCPZTI
2025-11-24T07:04:36.566-03:00  INFO 12640 --- [A3Back] [           main] A.p.A3Back.controller.AuthController     : Login attempt for user: XRWzMbci
2025-11-24T07:04:36.696-03:00  INFO 12640 --- [A3Back] [           main] A.p.A3Back.controller.AuthController     : JWT token generated successfully for user: XRWZMBCI
2025-11-24T07:04:36.814-03:00  INFO 12640 --- [A3Back] [           main] A.p.A3Back.controller.AuthController     : Login attempt for user: wfsrrANWbAC
2025-11-24T07:04:36.945-03:00  INFO 12640 --- [A3Back] [           main] A.p.A3Back.controller.AuthController     : JWT token generated successfully for user: WFSRRANWBAC
2025-11-24T07:04:37.068-03:00  INFO 12640 --- [A3Back] [           main] A.p.A3Back.controller.AuthController     : Login attempt for user: XGuwPKjA
2025-11-24T07:04:37.198-03:00  INFO 12640 --- [A3Back] [           main] A.p.A3Back.controller.AuthController     : JWT token generated successfully for user: XGUWPKJA
2025-11-24T07:04:37.328-03:00  INFO 12640 --- [A3Back] [           main] A.p.A3Back.controller.AuthController     : Login attempt for user: vPhoqTUrf
2025-11-24T07:04:37.445-03:00  INFO 12640 --- [A3Back] [           main] A.p.A3Back.controller.AuthController     : JWT token generated successfully for user: VPHOQTURF
2025-11-24T07:04:37.578-03:00  INFO 12640 --- [A3Back] [           main] A.p.A3Back.controller.AuthController     : Login attempt for user: BhDmXocM
2025-11-24T07:04:37.695-03:00  INFO 12640 --- [A3Back] [           main] A.p.A3Back.controller.AuthController     : JWT token generated successfully for user: BHDMXOCM
2025-11-24T07:04:37.828-03:00  INFO 12640 --- [A3Back] [           main] A.p.A3Back.controller.AuthController     : Login attempt for user: bEajQcoNATj
2025-11-24T07:04:37.963-03:00  INFO 12640 --- [A3Back] [           main] A.p.A3Back.controller.AuthController     : JWT token generated successfully for user: BEAJQCONATJ
2025-11-24T07:04:38.246-03:00  INFO 12640 --- [A3Back] [           main] A.p.A3Back.controller.AuthController     : Login attempt for user: Mhp
2025-11-24T07:04:38.364-03:00  INFO 12640 --- [A3Back] [           main] A.p.A3Back.controller.AuthController     : JWT token generated successfully for user: MHP
2025-11-24T07:04:38.500-03:00  INFO 12640 --- [A3Back] [           main] A.p.A3Back.controller.AuthController     : Login attempt for user: kHIask
2025-11-24T07:04:38.677-03:00  INFO 12640 --- [A3Back] [           main] A.p.A3Back.controller.AuthController     : JWT token generated successfully for user: KHIASK
2025-11-24T07:04:38.795-03:00  INFO 12640 --- [A3Back] [           main] A.p.A3Back.controller.AuthController     : Login attempt for user: VzQxaa
2025-11-24T07:04:38.929-03:00  INFO 12640 --- [A3Back] [           main] A.p.A3Back.controller.AuthController     : JWT token generated successfully for user: VZQXAA
2025-11-24T07:04:39.045-03:00  INFO 12640 --- [A3Back] [           main] A.p.A3Back.controller.AuthController     : Login attempt for user: oNLFSKmiNSfTDUpwL
2025-11-24T07:04:39.185-03:00  INFO 12640 --- [A3Back] [           main] A.p.A3Back.controller.AuthController     : JWT token generated successfully for user: ONLFSKMINSFTDUPWL
2025-11-24T07:04:39.335-03:00  INFO 12640 --- [A3Back] [           main] A.p.A3Back.controller.AuthController     : Login attempt for user: Qjv
2025-11-24T07:04:39.463-03:00  INFO 12640 --- [A3Back] [           main] A.p.A3Back.controller.AuthController     : JWT token generated successfully for user: QJV
2025-11-24T07:04:39.593-03:00  INFO 12640 --- [A3Back] [           main] A.p.A3Back.controller.AuthController     : Login attempt for user: jXdRNxSowPpG
2025-11-24T07:04:39.710-03:00  INFO 12640 --- [A3Back] [           main] A.p.A3Back.controller.AuthController     : JWT token generated successfully for user: JXDRNXSOWPPG
2025-11-24T07:04:39.843-03:00  INFO 12640 --- [A3Back] [           main] A.p.A3Back.controller.AuthController     : Login attempt for user: MJEEq
2025-11-24T07:04:39.960-03:00  INFO 12640 --- [A3Back] [           main] A.p.A3Back.controller.AuthController     : JWT token generated successfully for user: MJEEQ
2025-11-24T07:04:40.080-03:00  INFO 12640 --- [A3Back] [           main] A.p.A3Back.controller.AuthController     : Login attempt for user: MFw
2025-11-24T07:04:40.221-03:00  INFO 12640 --- [A3Back] [           main] A.p.A3Back.controller.AuthController     : JWT token generated successfully for user: MFW
2025-11-24T07:04:40.342-03:00  INFO 12640 --- [A3Back] [           main] A.p.A3Back.controller.AuthController     : Login attempt for user: nQMfjTBSt
2025-11-24T07:04:40.476-03:00  INFO 12640 --- [A3Back] [           main] A.p.A3Back.controller.AuthController     : JWT token generated successfully for user: NQMFJTBST
2025-11-24T07:04:40.873-03:00  INFO 12640 --- [A3Back] [           main] A.p.A3Back.controller.AuthController     : Login attempt for user: jMbmzxcLtDE
2025-11-24T07:04:41.000-03:00  INFO 12640 --- [A3Back] [           main] A.p.A3Back.controller.AuthController     : JWT token generated successfully for user: JMBMZXCLTDE
2025-11-24T07:04:41.129-03:00  INFO 12640 --- [A3Back] [           main] A.p.A3Back.controller.AuthController     : Login attempt for user: UrxuupcqcNhfHg
2025-11-24T07:04:41.259-03:00  INFO 12640 --- [A3Back] [           main] A.p.A3Back.controller.AuthController     : JWT token generated successfully for user: URXUUPCQCNHFHG
2025-11-24T07:04:41.375-03:00  INFO 12640 --- [A3Back] [           main] A.p.A3Back.controller.AuthController     : Login attempt for user: YwLzak
2025-11-24T07:04:41.495-03:00  INFO 12640 --- [A3Back] [           main] A.p.A3Back.controller.AuthController     : JWT token generated successfully for user: YWLZAK
2025-11-24T07:04:41.637-03:00  INFO 12640 --- [A3Back] [           main] A.p.A3Back.controller.AuthController     : Login attempt for user: TFSzLPGyKIGBw
2025-11-24T07:04:41.758-03:00  INFO 12640 --- [A3Back] [           main] A.p.A3Back.controller.AuthController     : JWT token generated successfully for user: TFSZLPGYKIGBW
2025-11-24T07:04:41.889-03:00  INFO 12640 --- [A3Back] [           main] A.p.A3Back.controller.AuthController     : Login attempt for user: kzvGLLOpEz
2025-11-24T07:04:42.008-03:00  INFO 12640 --- [A3Back] [           main] A.p.A3Back.controller.AuthController     : JWT token generated successfully for user: KZVGLLOPEZ
2025-11-24T07:04:42.143-03:00  INFO 12640 --- [A3Back] [           main] A.p.A3Back.controller.AuthController     : Login attempt for user: DviDQVo
2025-11-24T07:04:42.276-03:00  INFO 12640 --- [A3Back] [           main] A.p.A3Back.controller.AuthController     : JWT token generated successfully for user: DVIDQVO
2025-11-24T07:04:42.572-03:00  INFO 12640 --- [A3Back] [           main] A.p.A3Back.controller.AuthController     : Login attempt for user: ZlFENQXQb
2025-11-24T07:04:42.702-03:00  INFO 12640 --- [A3Back] [           main] A.p.A3Back.controller.AuthController     : JWT token generated successfully for user: ZLFENQXQB
2025-11-24T07:04:42.826-03:00  INFO 12640 --- [A3Back] [           main] A.p.A3Back.controller.AuthController     : Login attempt for user: zzz
2025-11-24T07:04:42.942-03:00  INFO 12640 --- [A3Back] [           main] A.p.A3Back.controller.AuthController     : JWT token generated successfully for user: ZZZ
2025-11-24T07:04:43.073-03:00  INFO 12640 --- [A3Back] [           main] A.p.A3Back.controller.AuthController     : Login attempt for user: hNCImgJdHky
2025-11-24T07:04:43.206-03:00  INFO 12640 --- [A3Back] [           main] A.p.A3Back.controller.AuthController     : JWT token generated successfully for user: HNCIMGJDHKY
2025-11-24T07:04:43.338-03:00  INFO 12640 --- [A3Back] [           main] A.p.A3Back.controller.AuthController     : Login attempt for user: HuKJkijbSLsZ
2025-11-24T07:04:43.469-03:00  INFO 12640 --- [A3Back] [           main] A.p.A3Back.controller.AuthController     : JWT token generated successfully for user: HUKJKIJBSLSZ
2025-11-24T07:04:43.591-03:00  INFO 12640 --- [A3Back] [           main] A.p.A3Back.controller.AuthController     : Login attempt for user: WWTmgYck
2025-11-24T07:04:43.723-03:00  INFO 12640 --- [A3Back] [           main] A.p.A3Back.controller.AuthController     : JWT token generated successfully for user: WWTMGYCK
2025-11-24T07:04:43.855-03:00  INFO 12640 --- [A3Back] [           main] A.p.A3Back.controller.AuthController     : Login attempt for user: bALq
2025-11-24T07:04:43.972-03:00  INFO 12640 --- [A3Back] [           main] A.p.A3Back.controller.AuthController     : JWT token generated successfully for user: BALQ
2025-11-24T07:04:44.099-03:00  INFO 12640 --- [A3Back] [           main] A.p.A3Back.controller.AuthController     : Login attempt for user: ssWx
2025-11-24T07:04:44.326-03:00  INFO 12640 --- [A3Back] [           main] A.p.A3Back.controller.AuthController     : JWT token generated successfully for user: SSWX
2025-11-24T07:04:44.458-03:00  INFO 12640 --- [A3Back] [           main] A.p.A3Back.controller.AuthController     : Login attempt for user: CrhWLrEFSiSdPZhcY
2025-11-24T07:04:44.576-03:00  INFO 12640 --- [A3Back] [           main] A.p.A3Back.controller.AuthController     : JWT token generated successfully for user: CRHWLREFSISDPZHCY
2025-11-24T07:04:44.707-03:00  INFO 12640 --- [A3Back] [           main] A.p.A3Back.controller.AuthController     : Login attempt for user: Ewl
2025-11-24T07:04:44.849-03:00  INFO 12640 --- [A3Back] [           main] A.p.A3Back.controller.AuthController     : JWT token generated successfully for user: EWL
2025-11-24T07:04:44.971-03:00  INFO 12640 --- [A3Back] [           main] A.p.A3Back.controller.AuthController     : Login attempt for user: GJARwYETud
2025-11-24T07:04:45.097-03:00  INFO 12640 --- [A3Back] [           main] A.p.A3Back.controller.AuthController     : JWT token generated successfully for user: GJARWYETUD
2025-11-24T07:04:45.224-03:00  INFO 12640 --- [A3Back] [           main] A.p.A3Back.controller.AuthController     : Login attempt for user: vHAUbjhps
2025-11-24T07:04:45.355-03:00  INFO 12640 --- [A3Back] [           main] A.p.A3Back.controller.AuthController     : JWT token generated successfully for user: VHAUBJHPS
2025-11-24T07:04:45.487-03:00  INFO 12640 --- [A3Back] [           main] A.p.A3Back.controller.AuthController     : Login attempt for user: WkmZnYqCr
2025-11-24T07:04:45.613-03:00  INFO 12640 --- [A3Back] [           main] A.p.A3Back.controller.AuthController     : JWT token generated successfully for user: WKMZNYQCR
2025-11-24T07:04:45.737-03:00  INFO 12640 --- [A3Back] [           main] A.p.A3Back.controller.AuthController     : Login attempt for user: kOsGKU
2025-11-24T07:04:45.856-03:00  INFO 12640 --- [A3Back] [           main] A.p.A3Back.controller.AuthController     : JWT token generated successfully for user: KOSGKU
2025-11-24T07:04:45.988-03:00  INFO 12640 --- [A3Back] [           main] A.p.A3Back.controller.AuthController     : Login attempt for user: xTC
2025-11-24T07:04:46.103-03:00  INFO 12640 --- [A3Back] [           main] A.p.A3Back.controller.AuthController     : JWT token generated successfully for user: XTC
2025-11-24T07:04:46.236-03:00  INFO 12640 --- [A3Back] [           main] A.p.A3Back.controller.AuthController     : Login attempt for user: dJKsgLGuG
2025-11-24T07:04:46.518-03:00  INFO 12640 --- [A3Back] [           main] A.p.A3Back.controller.AuthController     : JWT token generated successfully for user: DJKSGLGUG
2025-11-24T07:04:46.651-03:00  INFO 12640 --- [A3Back] [           main] A.p.A3Back.controller.AuthController     : Login attempt for user: tSi
2025-11-24T07:04:46.774-03:00  INFO 12640 --- [A3Back] [           main] A.p.A3Back.controller.AuthController     : JWT token generated successfully for user: TSI
2025-11-24T07:04:46.901-03:00  INFO 12640 --- [A3Back] [           main] A.p.A3Back.controller.AuthController     : Login attempt for user: acLikBACJA
2025-11-24T07:04:47.022-03:00  INFO 12640 --- [A3Back] [           main] A.p.A3Back.controller.AuthController     : JWT token generated successfully for user: ACLIKBACJA
2025-11-24T07:04:47.155-03:00  INFO 12640 --- [A3Back] [           main] A.p.A3Back.controller.AuthController     : Login attempt for user: MkWcQJBjRYGl
2025-11-24T07:04:47.285-03:00  INFO 12640 --- [A3Back] [           main] A.p.A3Back.controller.AuthController     : JWT token generated successfully for user: MKWCQJBJRYGL
2025-11-24T07:04:47.412-03:00  INFO 12640 --- [A3Back] [           main] A.p.A3Back.controller.AuthController     : Login attempt for user: nwMmsSVO
2025-11-24T07:04:47.535-03:00  INFO 12640 --- [A3Back] [           main] A.p.A3Back.controller.AuthController     : JWT token generated successfully for user: NWMMSSVO
2025-11-24T07:04:47.661-03:00  INFO 12640 --- [A3Back] [           main] A.p.A3Back.controller.AuthController     : Login attempt for user: mQZsHbv
2025-11-24T07:04:47.788-03:00  INFO 12640 --- [A3Back] [           main] A.p.A3Back.controller.AuthController     : JWT token generated successfully for user: MQZSHBV
2025-11-24T07:04:47.918-03:00  INFO 12640 --- [A3Back] [           main] A.p.A3Back.controller.AuthController     : Login attempt for user: RKoskRAxXGnoBifPBJbg
2025-11-24T07:04:48.034-03:00  INFO 12640 --- [A3Back] [           main] A.p.A3Back.controller.AuthController     : JWT token generated successfully for user: RKOSKRAXXGNOBIFPBJBG
2025-11-24T07:04:48.150-03:00  INFO 12640 --- [A3Back] [           main] A.p.A3Back.controller.AuthController     : Login attempt for user: IUkHsmX
2025-11-24T07:04:48.284-03:00  INFO 12640 --- [A3Back] [           main] A.p.A3Back.controller.AuthController     : JWT token generated successfully for user: IUKHSMX
2025-11-24T07:04:48.424-03:00  INFO 12640 --- [A3Back] [           main] A.p.A3Back.controller.AuthController     : Login attempt for user: WRMiIIwWpvcTb
2025-11-24T07:04:48.542-03:00  INFO 12640 --- [A3Back] [           main] A.p.A3Back.controller.AuthController     : JWT token generated successfully for user: WRMIIIWWPVCTB
2025-11-24T07:04:48.679-03:00  INFO 12640 --- [A3Back] [           main] A.p.A3Back.controller.AuthController     : Login attempt for user: itpVzxVy
2025-11-24T07:04:48.802-03:00  INFO 12640 --- [A3Back] [           main] A.p.A3Back.controller.AuthController     : JWT token generated successfully for user: ITPVZXVY
timestamp = 2025-11-24T07:04:48.802314800, AuthControllerUsernameExtractionPropertyTest:usernameFromAuthenticatedEmpresaShouldBeUsedForScamRetrieval = 
                              |-----------------------jqwik-----------------------
tries = 100                   | # of calls to property
checks = 100                  | # of not rejected calls
generation = RANDOMIZED       | parameters are randomly generated
after-failure = SAMPLE_FIRST  | try previously failed sample, then previous seed
when-fixed-seed = ALLOW       | fixing the random seed is allowed
edge-cases#mode = MIXIN       | edge cases are mixed in
edge-cases#total = 4          | # of all combined edge cases
edge-cases#tried = 4          | # of edge cases tried in current run
seed = -7089096045440029340   | random seed to reproduce generated values


]]></system-out>
  </testcase>
</testsuite>