<?xml version="1.0" encoding="UTF-8"?>
<testsuite xmlns:xsi="http://www.w3.org/2001/XMLSchema-instance" xsi:noNamespaceSchemaLocation="https://maven.apache.org/surefire/maven-surefire-plugin/xsd/surefire-test-report.xsd" version="3.0.2" name="A3.projeto.A3Back.controller.SecureLoggingPropertyTest" time="29.281" tests="1" errors="0" skipped="0" failures="0">
  <properties>
[...]
</properties>
  <testcase name="logsShouldNotContainSensitiveAuthenticationData" classname="SecureLoggingPropertyTest" time="29.242">
    <system-out><![CDATA[2025-11-24T07:04:49.184-03:00  INFO 12640 --- [A3Back] [           main] A.p.A3Back.controller.AuthController     : Login attempt for user: UJjmBQ
2025-11-24T07:04:49.339-03:00  INFO 12640 --- [A3Back] [           main] A.p.A3Back.controller.AuthController     : JWT token generated successfully for user: UJJMBQ
2025-11-24T07:04:49.467-03:00  INFO 12640 --- [A3Back] [           main] A.p.A3Back.controller.AuthController     : Login attempt for user: BbcqhWMimNkll
2025-11-24T07:04:49.584-03:00  INFO 12640 --- [A3Back] [           main] A.p.A3Back.controller.AuthController     : JWT token generated successfully for user: BBCQHWMIMNKLL
2025-11-24T07:04:49.773-03:00  INFO 12640 --- [A3Back] [           main] A.p.A3Back.controller.AuthController     : Login attempt for user: erniTkBlWQKzDByYt
2025-11-24T07:04:49.901-03:00  INFO 12640 --- [A3Back] [           main] A.p.A3Back.controller.AuthController     : JWT token generated successfully for user: ERNITKBLWQKZDBYYT
2025-11-24T07:04:50.016-03:00  INFO 12640 --- [A3Back] [           main] A.p.A3Back.controller.AuthController     : Login attempt for user: AEZHTUsk
2025-11-24T07:04:50.347-03:00  INFO 12640 --- [A3Back] [           main] A.p.A3Back.controller.AuthController     : JWT token generated successfully for user: AEZHTUSK
2025-11-24T07:04:50.532-03:00  INFO 12640 --- [A3Back] [           main] A.p.A3Back.controller.AuthController     : Login attempt for user: QGRRETcMckRc
2025-11-24T07:04:50.707-03:00  INFO 12640 --- [A3Back] [           main] A.p.A3Back.controller.AuthController     : JWT token generated successfully for user: QGRRETCMCKRC
2025-11-24T07:04:50.883-03:00  INFO 12640 --- [A3Back] [           main] A.p.A3Back.controller.AuthController     : Login attempt for user: CWUPkhaRCWj
2025-11-24T07:04:51.048-03:00  INFO 12640 --- [A3Back] [           main] A.p.A3Back.controller.AuthController     : JWT token generated successfully for user: CWUPKHARCWJ
2025-11-24T07:04:51.231-03:00  INFO 12640 --- [A3Back] [           main] A.p.A3Back.controller.AuthController     : Login attempt for user: RzEiXevn
2025-11-24T07:04:51.407-03:00  INFO 12640 --- [A3Back] [           main] A.p.A3Back.controller.AuthController     : JWT token generated successfully for user: RZEIXEVN
2025-11-24T07:04:51.616-03:00  INFO 12640 --- [A3Back] [           main] A.p.A3Back.controller.AuthController     : Login attempt for user: VgJNb
2025-11-24T07:04:52.115-03:00  INFO 12640 --- [A3Back] [           main] A.p.A3Back.controller.AuthController     : JWT token generated successfully for user: VGJNB
2025-11-24T07:04:52.284-03:00  INFO 12640 --- [A3Back] [           main] A.p.A3Back.controller.AuthController     : Login attempt for user: AAA
2025-11-24T07:04:52.413-03:00  INFO 12640 --- [A3Back] [           main] A.p.A3Back.controller.AuthController     : JWT token generated successfully for user: AAA
2025-11-24T07:04:52.545-03:00  INFO 12640 --- [A3Back] [           main] A.p.A3Back.controller.AuthController     : Login attempt for user: kiHnNc
2025-11-24T07:04:52.679-03:00  INFO 12640 --- [A3Back] [           main] A.p.A3Back.controller.AuthController     : JWT token generated successfully for user: KIHNNC
2025-11-24T07:04:52.815-03:00  INFO 12640 --- [A3Back] [           main] A.p.A3Back.controller.AuthController     : Login attempt for user: wceNVnEifb
2025-11-24T07:04:52.965-03:00  INFO 12640 --- [A3Back] [           main] A.p.A3Back.controller.AuthController     : JWT token generated successfully for user: WCENVNEIFB
2025-11-24T07:04:53.112-03:00  INFO 12640 --- [A3Back] [           main] A.p.A3Back.controller.AuthController     : Login attempt for user: AAA
2025-11-24T07:04:53.270-03:00  INFO 12640 --- [A3Back] [           main] A.p.A3Back.controller.AuthController     : JWT token generated successfully for user: AAA
2025-11-24T07:04:53.414-03:00  INFO 12640 --- [A3Back] [           main] A.p.A3Back.controller.AuthController     : Login attempt for user: nlP
2025-11-24T07:04:53.546-03:00  INFO 12640 --- [A3Back] [           main] A.p.A3Back.controller.AuthController     : JWT token generated successfully for user: NLP
2025-11-24T07:04:53.667-03:00  INFO 12640 --- [A3Back] [           main] A.p.A3Back.controller.AuthController     : Login attempt for user: FeullSxjvQyy
2025-11-24T07:04:53.798-03:00  INFO 12640 --- [A3Back] [           main] A.p.A3Back.controller.AuthController     : JWT token generated successfully for user: FEULLSXJVQYY
2025-11-24T07:04:53.933-03:00  INFO 12640 --- [A3Back] [           main] A.p.A3Back.controller.AuthController     : Login attempt for user: WwOYBRiUsrZDwrl
2025-11-24T07:04:54.056-03:00  INFO 12640 --- [A3Back] [           main] A.p.A3Back.controller.AuthController     : JWT token generated successfully for user: WWOYBRIUSRZDWRL
2025-11-24T07:04:54.178-03:00  INFO 12640 --- [A3Back] [           main] A.p.A3Back.controller.AuthController     : Login attempt for user: oOu
2025-11-24T07:04:54.329-03:00  INFO 12640 --- [A3Back] [           main] A.p.A3Back.controller.AuthController     : JWT token generated successfully for user: OOU
2025-11-24T07:04:54.463-03:00  INFO 12640 --- [A3Back] [           main] A.p.A3Back.controller.AuthController     : Login attempt for user: GHtUZcp
2025-11-24T07:04:54.595-03:00  INFO 12640 --- [A3Back] [           main] A.p.A3Back.controller.AuthController     : JWT token generated successfully for user: GHTUZCP
2025-11-24T07:04:54.727-03:00  INFO 12640 --- [A3Back] [           main] A.p.A3Back.controller.AuthController     : Login attempt for user: TvioG
2025-11-24T07:04:54.852-03:00  INFO 12640 --- [A3Back] [           main] A.p.A3Back.controller.AuthController     : JWT token generated successfully for user: TVIOG
2025-11-24T07:04:54.980-03:00  INFO 12640 --- [A3Back] [           main] A.p.A3Back.controller.AuthController     : Login attempt for user: AAA
2025-11-24T07:04:55.245-03:00  INFO 12640 --- [A3Back] [           main] A.p.A3Back.controller.AuthController     : JWT token generated successfully for user: AAA
2025-11-24T07:04:55.417-03:00  INFO 12640 --- [A3Back] [           main] A.p.A3Back.controller.AuthController     : Login attempt for user: bTJVDVdImPmvoXXFW
2025-11-24T07:04:55.542-03:00  INFO 12640 --- [A3Back] [           main] A.p.A3Back.controller.AuthController     : JWT token generated successfully for user: BTJVDVDIMPMVOXXFW
2025-11-24T07:04:55.676-03:00  INFO 12640 --- [A3Back] [           main] A.p.A3Back.controller.AuthController     : Login attempt for user: JNfehAEfIhSzMlTVH
2025-11-24T07:04:55.802-03:00  INFO 12640 --- [A3Back] [           main] A.p.A3Back.controller.AuthController     : JWT token generated successfully for user: JNFEHAEFIHSZMLTVH
2025-11-24T07:04:55.963-03:00  INFO 12640 --- [A3Back] [           main] A.p.A3Back.controller.AuthController     : Login attempt for user: UeJsumQ
2025-11-24T07:04:56.085-03:00  INFO 12640 --- [A3Back] [           main] A.p.A3Back.controller.AuthController     : JWT token generated successfully for user: UEJSUMQ
2025-11-24T07:04:56.211-03:00  INFO 12640 --- [A3Back] [           main] A.p.A3Back.controller.AuthController     : Login attempt for user: AAA
2025-11-24T07:04:56.330-03:00  INFO 12640 --- [A3Back] [           main] A.p.A3Back.controller.AuthController     : JWT token generated successfully for user: AAA
2025-11-24T07:04:56.463-03:00  INFO 12640 --- [A3Back] [           main] A.p.A3Back.controller.AuthController     : Login attempt for user: ohFMSUyry
2025-11-24T07:04:56.593-03:00  INFO 12640 --- [A3Back] [           main] A.p.A3Back.controller.AuthController     : JWT token generated successfully for user: OHFMSUYRY
2025-11-24T07:04:56.736-03:00  INFO 12640 --- [A3Back] [           main] A.p.A3Back.controller.AuthController     : Login attempt for user: CvXpFq
2025-11-24T07:04:56.910-03:00  INFO 12640 --- [A3Back] [           main] A.p.A3Back.controller.AuthController     : JWT token generated successfully for user: CVXPFQ
2025-11-24T07:04:57.110-03:00  INFO 12640 --- [A3Back] [           main] A.p.A3Back.controller.AuthController     : Login attempt for user: AAA
2025-11-24T07:04:57.291-03:00  INFO 12640 --- [A3Back] [           main] A.p.A3Back.controller.AuthController     : JWT token generated successfully for user: AAA
2025-11-24T07:04:57.445-03:00  INFO 12640 --- [A3Back] [           main] A.p.A3Back.controller.AuthController     : Login attempt for user: UoneEBzj
2025-11-24T07:04:57.630-03:00  INFO 12640 --- [A3Back] [           main] A.p.A3Back.controller.AuthController     : JWT token generated successfully for user: UONEEBZJ
2025-11-24T07:04:57.818-03:00  INFO 12640 --- [A3Back] [           main] A.p.A3Back.controller.AuthController     : Login attempt for user: ZZZ
2025-11-24T07:04:57.984-03:00  INFO 12640 --- [A3Back] [           main] A.p.A3Back.controller.AuthController     : JWT token generated successfully for user: ZZZ
2025-11-24T07:04:58.124-03:00  INFO 12640 --- [A3Back] [           main] A.p.A3Back.controller.AuthController     : Login attempt for user: ZZZ
2025-11-24T07:04:58.256-03:00  INFO 12640 --- [A3Back] [           main] A.p.A3Back.controller.AuthController     : JWT token generated successfully for user: ZZZ
2025-11-24T07:04:58.390-03:00  INFO 12640 --- [A3Back] [           main] A.p.A3Back.controller.AuthController     : Login attempt for user: mGcFB
2025-11-24T07:04:58.521-03:00  INFO 12640 --- [A3Back] [           main] A.p.A3Back.controller.AuthController     : JWT token generated successfully for user: MGCFB
2025-11-24T07:04:58.642-03:00  INFO 12640 --- [A3Back] [           main] A.p.A3Back.controller.AuthController     : Login attempt for user: BfS
2025-11-24T07:04:58.766-03:00  INFO 12640 --- [A3Back] [           main] A.p.A3Back.controller.AuthController     : JWT token generated successfully for user: BFS
2025-11-24T07:04:58.907-03:00  INFO 12640 --- [A3Back] [           main] A.p.A3Back.controller.AuthController     : Login attempt for user: ZZZ
2025-11-24T07:04:59.023-03:00  INFO 12640 --- [A3Back] [           main] A.p.A3Back.controller.AuthController     : JWT token generated successfully for user: ZZZ
2025-11-24T07:04:59.162-03:00  INFO 12640 --- [A3Back] [           main] A.p.A3Back.controller.AuthController     : Login attempt for user: uXlrHWJuW
2025-11-24T07:04:59.315-03:00  INFO 12640 --- [A3Back] [           main] A.p.A3Back.controller.AuthController     : JWT token generated successfully for user: UXLRHWJUW
2025-11-24T07:04:59.608-03:00  INFO 12640 --- [A3Back] [           main] A.p.A3Back.controller.AuthController     : Login attempt for user: eAhgRCubcJXnC
2025-11-24T07:04:59.728-03:00  INFO 12640 --- [A3Back] [           main] A.p.A3Back.controller.AuthController     : JWT token generated successfully for user: EAHGRCUBCJXNC
2025-11-24T07:04:59.859-03:00  INFO 12640 --- [A3Back] [           main] A.p.A3Back.controller.AuthController     : Login attempt for user: SSkEZPMujNNDlqyfcb
2025-11-24T07:04:59.988-03:00  INFO 12640 --- [A3Back] [           main] A.p.A3Back.controller.AuthController     : JWT token generated successfully for user: SSKEZPMUJNNDLQYFCB
2025-11-24T07:05:00.120-03:00  INFO 12640 --- [A3Back] [           main] A.p.A3Back.controller.AuthController     : Login attempt for user: XPFDhtKyyVkyp
2025-11-24T07:05:00.248-03:00  INFO 12640 --- [A3Back] [           main] A.p.A3Back.controller.AuthController     : JWT token generated successfully for user: XPFDHTKYYVKYP
2025-11-24T07:05:00.376-03:00  INFO 12640 --- [A3Back] [           main] A.p.A3Back.controller.AuthController     : Login attempt for user: mdCsqqHNIGD
2025-11-24T07:05:00.504-03:00  INFO 12640 --- [A3Back] [           main] A.p.A3Back.controller.AuthController     : JWT token generated successfully for user: MDCSQQHNIGD
2025-11-24T07:05:00.641-03:00  INFO 12640 --- [A3Back] [           main] A.p.A3Back.controller.AuthController     : Login attempt for user: wjaOeHxXpjWnmFbLMfse
2025-11-24T07:05:00.823-03:00  INFO 12640 --- [A3Back] [           main] A.p.A3Back.controller.AuthController     : JWT token generated successfully for user: WJAOEHXXPJWNMFBLMFSE
2025-11-24T07:05:00.950-03:00  INFO 12640 --- [A3Back] [           main] A.p.A3Back.controller.AuthController     : Login attempt for user: ZZZ
2025-11-24T07:05:01.073-03:00  INFO 12640 --- [A3Back] [           main] A.p.A3Back.controller.AuthController     : JWT token generated successfully for user: ZZZ
2025-11-24T07:05:01.204-03:00  INFO 12640 --- [A3Back] [           main] A.p.A3Back.controller.AuthController     : Login attempt for user: aMaPQGGTefDk
2025-11-24T07:05:01.328-03:00  INFO 12640 --- [A3Back] [           main] A.p.A3Back.controller.AuthController     : JWT token generated successfully for user: AMAPQGGTEFDK
2025-11-24T07:05:01.458-03:00  INFO 12640 --- [A3Back] [           main] A.p.A3Back.controller.AuthController     : Login attempt for user: AFCSDcNZ
2025-11-24T07:05:01.588-03:00  INFO 12640 --- [A3Back] [           main] A.p.A3Back.controller.AuthController     : JWT token generated successfully for user: AFCSDCNZ
2025-11-24T07:05:01.715-03:00  INFO 12640 --- [A3Back] [           main] A.p.A3Back.controller.AuthController     : Login attempt for user: cccFlomMg
2025-11-24T07:05:01.846-03:00  INFO 12640 --- [A3Back] [           main] A.p.A3Back.controller.AuthController     : JWT token generated successfully for user: CCCFLOMMG
2025-11-24T07:05:01.964-03:00  INFO 12640 --- [A3Back] [           main] A.p.A3Back.controller.AuthController     : Login attempt for user: ZZZ
2025-11-24T07:05:02.090-03:00  INFO 12640 --- [A3Back] [           main] A.p.A3Back.controller.AuthController     : JWT token generated successfully for user: ZZZ
2025-11-24T07:05:02.222-03:00  INFO 12640 --- [A3Back] [           main] A.p.A3Back.controller.AuthController     : Login attempt for user: CUVGchIkrKte
2025-11-24T07:05:02.348-03:00  INFO 12640 --- [A3Back] [           main] A.p.A3Back.controller.AuthController     : JWT token generated successfully for user: CUVGCHIKRKTE
2025-11-24T07:05:02.471-03:00  INFO 12640 --- [A3Back] [           main] A.p.A3Back.controller.AuthController     : Login attempt for user: VJFvVSTTGvnw
2025-11-24T07:05:02.852-03:00  INFO 12640 --- [A3Back] [           main] A.p.A3Back.controller.AuthController     : JWT token generated successfully for user: VJFVVSTTGVNW
2025-11-24T07:05:02.985-03:00  INFO 12640 --- [A3Back] [           main] A.p.A3Back.controller.AuthController     : Login attempt for user: wUIeurVfQaiA
2025-11-24T07:05:03.111-03:00  INFO 12640 --- [A3Back] [           main] A.p.A3Back.controller.AuthController     : JWT token generated successfully for user: WUIEURVFQAIA
2025-11-24T07:05:03.235-03:00  INFO 12640 --- [A3Back] [           main] A.p.A3Back.controller.AuthController     : Login attempt for user: GAhh
2025-11-24T07:05:03.369-03:00  INFO 12640 --- [A3Back] [           main] A.p.A3Back.controller.AuthController     : JWT token generated successfully for user: GAHH
2025-11-24T07:05:03.498-03:00  INFO 12640 --- [A3Back] [           main] A.p.A3Back.controller.AuthController     : Login attempt for user: QPgAcbG
2025-11-24T07:05:03.802-03:00  INFO 12640 --- [A3Back] [           main] A.p.A3Back.controller.AuthController     : JWT token generated successfully for user: QPGACBG
2025-11-24T07:05:03.936-03:00  INFO 12640 --- [A3Back] [           main] A.p.A3Back.controller.AuthController     : Login attempt for user: lnxqElqyIwL
2025-11-24T07:05:04.052-03:00  INFO 12640 --- [A3Back] [           main] A.p.A3Back.controller.AuthController     : JWT token generated successfully for user: LNXQELQYIWL
2025-11-24T07:05:04.185-03:00  INFO 12640 --- [A3Back] [           main] A.p.A3Back.controller.AuthController     : Login attempt for user: dAcBnQCe
2025-11-24T07:05:04.335-03:00  INFO 12640 --- [A3Back] [           main] A.p.A3Back.controller.AuthController     : JWT token generated successfully for user: DACBNQCE
2025-11-24T07:05:04.469-03:00  INFO 12640 --- [A3Back] [           main] A.p.A3Back.controller.AuthController     : Login attempt for user: LaolgdtnPmPLEz
2025-11-24T07:05:04.585-03:00  INFO 12640 --- [A3Back] [           main] A.p.A3Back.controller.AuthController     : JWT token generated successfully for user: LAOLGDTNPMPLEZ
2025-11-24T07:05:04.718-03:00  INFO 12640 --- [A3Back] [           main] A.p.A3Back.controller.AuthController     : Login attempt for user: lzNLO
2025-11-24T07:05:04.850-03:00  INFO 12640 --- [A3Back] [           main] A.p.A3Back.controller.AuthController     : JWT token generated successfully for user: LZNLO
2025-11-24T07:05:04.971-03:00  INFO 12640 --- [A3Back] [           main] A.p.A3Back.controller.AuthController     : Login attempt for user: aaa
2025-11-24T07:05:05.087-03:00  INFO 12640 --- [A3Back] [           main] A.p.A3Back.controller.AuthController     : JWT token generated successfully for user: AAA
2025-11-24T07:05:05.233-03:00  INFO 12640 --- [A3Back] [           main] A.p.A3Back.controller.AuthController     : Login attempt for user: JuwOpgKfLqkvIhRLJW
2025-11-24T07:05:05.355-03:00  INFO 12640 --- [A3Back] [           main] A.p.A3Back.controller.AuthController     : JWT token generated successfully for user: JUWOPGKFLQKVIHRLJW
2025-11-24T07:05:05.484-03:00  INFO 12640 --- [A3Back] [           main] A.p.A3Back.controller.AuthController     : Login attempt for user: iOOsGkTU
2025-11-24T07:05:05.601-03:00  INFO 12640 --- [A3Back] [           main] A.p.A3Back.controller.AuthController     : JWT token generated successfully for user: IOOSGKTU
2025-11-24T07:05:05.738-03:00  INFO 12640 --- [A3Back] [           main] A.p.A3Back.controller.AuthController     : Login attempt for user: aaa
2025-11-24T07:05:05.853-03:00  INFO 12640 --- [A3Back] [           main] A.p.A3Back.controller.AuthController     : JWT token generated successfully for user: AAA
2025-11-24T07:05:05.983-03:00  INFO 12640 --- [A3Back] [           main] A.p.A3Back.controller.AuthController     : Login attempt for user: fOUDDuqcsLp
2025-11-24T07:05:06.117-03:00  INFO 12640 --- [A3Back] [           main] A.p.A3Back.controller.AuthController     : JWT token generated successfully for user: FOUDDUQCSLP
2025-11-24T07:05:06.283-03:00  INFO 12640 --- [A3Back] [           main] A.p.A3Back.controller.AuthController     : Login attempt for user: NXwesu
2025-11-24T07:05:06.402-03:00  INFO 12640 --- [A3Back] [           main] A.p.A3Back.controller.AuthController     : JWT token generated successfully for user: NXWESU
2025-11-24T07:05:06.533-03:00  INFO 12640 --- [A3Back] [           main] A.p.A3Back.controller.AuthController     : Login attempt for user: betK
2025-11-24T07:05:06.667-03:00  INFO 12640 --- [A3Back] [           main] A.p.A3Back.controller.AuthController     : JWT token generated successfully for user: BETK
2025-11-24T07:05:06.786-03:00  INFO 12640 --- [A3Back] [           main] A.p.A3Back.controller.AuthController     : Login attempt for user: HNlERXMxwFPJ
2025-11-24T07:05:06.914-03:00  INFO 12640 --- [A3Back] [           main] A.p.A3Back.controller.AuthController     : JWT token generated successfully for user: HNLERXMXWFPJ
2025-11-24T07:05:07.034-03:00  INFO 12640 --- [A3Back] [           main] A.p.A3Back.controller.AuthController     : Login attempt for user: aaa
2025-11-24T07:05:07.166-03:00  INFO 12640 --- [A3Back] [           main] A.p.A3Back.controller.AuthController     : JWT token generated successfully for user: AAA
2025-11-24T07:05:07.299-03:00  INFO 12640 --- [A3Back] [           main] A.p.A3Back.controller.AuthController     : Login attempt for user: fThpXTdjBrJo
2025-11-24T07:05:07.416-03:00  INFO 12640 --- [A3Back] [           main] A.p.A3Back.controller.AuthController     : JWT token generated successfully for user: FTHPXTDJBRJO
2025-11-24T07:05:07.549-03:00  INFO 12640 --- [A3Back] [           main] A.p.A3Back.controller.AuthController     : Login attempt for user: lCX
2025-11-24T07:05:07.814-03:00  INFO 12640 --- [A3Back] [           main] A.p.A3Back.controller.AuthController     : JWT token generated successfully for user: LCX
2025-11-24T07:05:07.947-03:00  INFO 12640 --- [A3Back] [           main] A.p.A3Back.controller.AuthController     : Login attempt for user: evoWCupGMSJd
2025-11-24T07:05:08.078-03:00  INFO 12640 --- [A3Back] [           main] A.p.A3Back.controller.AuthController     : JWT token generated successfully for user: EVOWCUPGMSJD
2025-11-24T07:05:08.202-03:00  INFO 12640 --- [A3Back] [           main] A.p.A3Back.controller.AuthController     : Login attempt for user: AAA
2025-11-24T07:05:08.332-03:00  INFO 12640 --- [A3Back] [           main] A.p.A3Back.controller.AuthController     : JWT token generated successfully for user: AAA
2025-11-24T07:05:08.465-03:00  INFO 12640 --- [A3Back] [           main] A.p.A3Back.controller.AuthController     : Login attempt for user: TkfqSZyeJVpM
2025-11-24T07:05:08.591-03:00  INFO 12640 --- [A3Back] [           main] A.p.A3Back.controller.AuthController     : JWT token generated successfully for user: TKFQSZYEJVPM
2025-11-24T07:05:08.717-03:00  INFO 12640 --- [A3Back] [           main] A.p.A3Back.controller.AuthController     : Login attempt for user: aXHyRsav
2025-11-24T07:05:08.842-03:00  INFO 12640 --- [A3Back] [           main] A.p.A3Back.controller.AuthController     : JWT token generated successfully for user: AXHYRSAV
2025-11-24T07:05:08.975-03:00  INFO 12640 --- [A3Back] [           main] A.p.A3Back.controller.AuthController     : Login attempt for user: aaa
2025-11-24T07:05:09.097-03:00  INFO 12640 --- [A3Back] [           main] A.p.A3Back.controller.AuthController     : JWT token generated successfully for user: AAA
2025-11-24T07:05:09.232-03:00  INFO 12640 --- [A3Back] [           main] A.p.A3Back.controller.AuthController     : Login attempt for user: wwRGpMHPWATAjanKQVzp
2025-11-24T07:05:09.367-03:00  INFO 12640 --- [A3Back] [           main] A.p.A3Back.controller.AuthController     : JWT token generated successfully for user: WWRGPMHPWATAJANKQVZP
2025-11-24T07:05:09.492-03:00  INFO 12640 --- [A3Back] [           main] A.p.A3Back.controller.AuthController     : Login attempt for user: txp
2025-11-24T07:05:09.629-03:00  INFO 12640 --- [A3Back] [           main] A.p.A3Back.controller.AuthController     : JWT token generated successfully for user: TXP
2025-11-24T07:05:09.755-03:00  INFO 12640 --- [A3Back] [           main] A.p.A3Back.controller.AuthController     : Login attempt for user: zzz
2025-11-24T07:05:09.874-03:00  INFO 12640 --- [A3Back] [           main] A.p.A3Back.controller.AuthController     : JWT token generated successfully for user: ZZZ
2025-11-24T07:05:09.999-03:00  INFO 12640 --- [A3Back] [           main] A.p.A3Back.controller.AuthController     : Login attempt for user: CtPqTvFytiD
2025-11-24T07:05:10.129-03:00  INFO 12640 --- [A3Back] [           main] A.p.A3Back.controller.AuthController     : JWT token generated successfully for user: CTPQTVFYTID
2025-11-24T07:05:10.246-03:00  INFO 12640 --- [A3Back] [           main] A.p.A3Back.controller.AuthController     : Login attempt for user: lnokwVdygiBweEwaetsF
2025-11-24T07:05:10.385-03:00  INFO 12640 --- [A3Back] [           main] A.p.A3Back.controller.AuthController     : JWT token generated successfully for user: LNOKWVDYGIBWEEWAETSF
2025-11-24T07:05:10.504-03:00  INFO 12640 --- [A3Back] [           main] A.p.A3Back.controller.AuthController     : Login attempt for user: zzz
2025-11-24T07:05:10.631-03:00  INFO 12640 --- [A3Back] [           main] A.p.A3Back.controller.AuthController     : JWT token generated successfully for user: ZZZ
2025-11-24T07:05:10.764-03:00  INFO 12640 --- [A3Back] [           main] A.p.A3Back.controller.AuthController     : Login attempt for user: WgSuHZFIjGDtTYhM
2025-11-24T07:05:10.879-03:00  INFO 12640 --- [A3Back] [           main] A.p.A3Back.controller.AuthController     : JWT token generated successfully for user: WGSUHZFIJGDTTYHM
2025-11-24T07:05:11.012-03:00  INFO 12640 --- [A3Back] [           main] A.p.A3Back.controller.AuthController     : Login attempt for user: NvvXnIlW
2025-11-24T07:05:11.136-03:00  INFO 12640 --- [A3Back] [           main] A.p.A3Back.controller.AuthController     : JWT token generated successfully for user: NVVXNILW
2025-11-24T07:05:11.258-03:00  INFO 12640 --- [A3Back] [           main] A.p.A3Back.controller.AuthController     : Login attempt for user: UxBWkW
2025-11-24T07:05:11.390-03:00  INFO 12640 --- [A3Back] [           main] A.p.A3Back.controller.AuthController     : JWT token generated successfully for user: UXBWKW
2025-11-24T07:05:11.694-03:00  INFO 12640 --- [A3Back] [           main] A.p.A3Back.controller.AuthController     : Login attempt for user: ifORmKeLRkNQ
2025-11-24T07:05:11.860-03:00  INFO 12640 --- [A3Back] [           main] A.p.A3Back.controller.AuthController     : JWT token generated successfully for user: IFORMKELRKNQ
2025-11-24T07:05:11.993-03:00  INFO 12640 --- [A3Back] [           main] A.p.A3Back.controller.AuthController     : Login attempt for user: AAA
2025-11-24T07:05:12.122-03:00  INFO 12640 --- [A3Back] [           main] A.p.A3Back.controller.AuthController     : JWT token generated successfully for user: AAA
2025-11-24T07:05:12.246-03:00  INFO 12640 --- [A3Back] [           main] A.p.A3Back.controller.AuthController     : Login attempt for user: kdNJLNDbcLkki
2025-11-24T07:05:12.363-03:00  INFO 12640 --- [A3Back] [           main] A.p.A3Back.controller.AuthController     : JWT token generated successfully for user: KDNJLNDBCLKKI
2025-11-24T07:05:12.500-03:00  INFO 12640 --- [A3Back] [           main] A.p.A3Back.controller.AuthController     : Login attempt for user: sydXqeoN
2025-11-24T07:05:12.628-03:00  INFO 12640 --- [A3Back] [           main] A.p.A3Back.controller.AuthController     : JWT token generated successfully for user: SYDXQEON
2025-11-24T07:05:12.767-03:00  INFO 12640 --- [A3Back] [           main] A.p.A3Back.controller.AuthController     : Login attempt for user: krGoWUtjrh
2025-11-24T07:05:12.885-03:00  INFO 12640 --- [A3Back] [           main] A.p.A3Back.controller.AuthController     : JWT token generated successfully for user: KRGOWUTJRH
2025-11-24T07:05:13.018-03:00  INFO 12640 --- [A3Back] [           main] A.p.A3Back.controller.AuthController     : Login attempt for user: zzz
2025-11-24T07:05:13.147-03:00  INFO 12640 --- [A3Back] [           main] A.p.A3Back.controller.AuthController     : JWT token generated successfully for user: ZZZ
2025-11-24T07:05:13.276-03:00  INFO 12640 --- [A3Back] [           main] A.p.A3Back.controller.AuthController     : Login attempt for user: mLJAXrKMThw
2025-11-24T07:05:13.394-03:00  INFO 12640 --- [A3Back] [           main] A.p.A3Back.controller.AuthController     : JWT token generated successfully for user: MLJAXRKMTHW
2025-11-24T07:05:13.530-03:00  INFO 12640 --- [A3Back] [           main] A.p.A3Back.controller.AuthController     : Login attempt for user: zzz
2025-11-24T07:05:13.662-03:00  INFO 12640 --- [A3Back] [           main] A.p.A3Back.controller.AuthController     : JWT token generated successfully for user: ZZZ
2025-11-24T07:05:13.793-03:00  INFO 12640 --- [A3Back] [           main] A.p.A3Back.controller.AuthController     : Login attempt for user: xIVkAnr
2025-11-24T07:05:13.909-03:00  INFO 12640 --- [A3Back] [           main] A.p.A3Back.controller.AuthController     : JWT token generated successfully for user: XIVKANR
2025-11-24T07:05:14.042-03:00  INFO 12640 --- [A3Back] [           main] A.p.A3Back.controller.AuthController     : Login attempt for user: zzz
2025-11-24T07:05:14.170-03:00  INFO 12640 --- [A3Back] [           main] A.p.A3Back.controller.AuthController     : JWT token generated successfully for user: ZZZ
2025-11-24T07:05:14.302-03:00  INFO 12640 --- [A3Back] [           main] A.p.A3Back.controller.AuthController     : Login attempt for user: ZkBlfWkWd
2025-11-24T07:05:14.442-03:00  INFO 12640 --- [A3Back] [           main] A.p.A3Back.controller.AuthController     : JWT token generated successfully for user: ZKBLFWKWD
2025-11-24T07:05:14.575-03:00  INFO 12640 --- [A3Back] [           main] A.p.A3Back.controller.AuthController     : Login attempt for user: icVGMP
2025-11-24T07:05:14.702-03:00  INFO 12640 --- [A3Back] [           main] A.p.A3Back.controller.AuthController     : JWT token generated successfully for user: ICVGMP
2025-11-24T07:05:14.826-03:00  INFO 12640 --- [A3Back] [           main] A.p.A3Back.controller.AuthController     : Login attempt for user: ifoueazCXOTrM
2025-11-24T07:05:14.954-03:00  INFO 12640 --- [A3Back] [           main] A.p.A3Back.controller.AuthController     : JWT token generated successfully for user: IFOUEAZCXOTRM
2025-11-24T07:05:15.076-03:00  INFO 12640 --- [A3Back] [           main] A.p.A3Back.controller.AuthController     : Login attempt for user: typDTaiUp
2025-11-24T07:05:15.208-03:00  INFO 12640 --- [A3Back] [           main] A.p.A3Back.controller.AuthController     : JWT token generated successfully for user: TYPDTAIUP
2025-11-24T07:05:15.340-03:00  INFO 12640 --- [A3Back] [           main] A.p.A3Back.controller.AuthController     : Login attempt for user: YwG
2025-11-24T07:05:15.608-03:00  INFO 12640 --- [A3Back] [           main] A.p.A3Back.controller.AuthController     : JWT token generated successfully for user: YWG
2025-11-24T07:05:15.724-03:00  INFO 12640 --- [A3Back] [           main] A.p.A3Back.controller.AuthController     : Login attempt for user: SlzTLkNuSFKYexqjfg
2025-11-24T07:05:16.076-03:00  INFO 12640 --- [A3Back] [           main] A.p.A3Back.controller.AuthController     : JWT token generated successfully for user: SLZTLKNUSFKYEXQJFG
2025-11-24T07:05:16.268-03:00  INFO 12640 --- [A3Back] [           main] A.p.A3Back.controller.AuthController     : Login attempt for user: VlAzBz
2025-11-24T07:05:16.393-03:00  INFO 12640 --- [A3Back] [           main] A.p.A3Back.controller.AuthController     : JWT token generated successfully for user: VLAZBZ
2025-11-24T07:05:16.524-03:00  INFO 12640 --- [A3Back] [           main] A.p.A3Back.controller.AuthController     : Login attempt for user: RuLpLLpZFkdyK
2025-11-24T07:05:16.650-03:00  INFO 12640 --- [A3Back] [           main] A.p.A3Back.controller.AuthController     : JWT token generated successfully for user: RULPLLPZFKDYK
2025-11-24T07:05:16.788-03:00  INFO 12640 --- [A3Back] [           main] A.p.A3Back.controller.AuthController     : Login attempt for user: jiEvGtMkgeFxuZN
2025-11-24T07:05:16.913-03:00  INFO 12640 --- [A3Back] [           main] A.p.A3Back.controller.AuthController     : JWT token generated successfully for user: JIEVGTMKGEFXUZN
2025-11-24T07:05:17.044-03:00  INFO 12640 --- [A3Back] [           main] A.p.A3Back.controller.AuthController     : Login attempt for user: XifDDMkzDmjQR
2025-11-24T07:05:17.176-03:00  INFO 12640 --- [A3Back] [           main] A.p.A3Back.controller.AuthController     : JWT token generated successfully for user: XIFDDMKZDMJQR
2025-11-24T07:05:17.356-03:00  INFO 12640 --- [A3Back] [           main] A.p.A3Back.controller.AuthController     : Login attempt for user: zzz
2025-11-24T07:05:17.482-03:00  INFO 12640 --- [A3Back] [           main] A.p.A3Back.controller.AuthController     : JWT token generated successfully for user: ZZZ
2025-11-24T07:05:17.626-03:00  INFO 12640 --- [A3Back] [           main] A.p.A3Back.controller.AuthController     : Login attempt for user: PwX
2025-11-24T07:05:17.804-03:00  INFO 12640 --- [A3Back] [           main] A.p.A3Back.controller.AuthController     : JWT token generated successfully for user: PWX
2025-11-24T07:05:17.947-03:00  INFO 12640 --- [A3Back] [           main] A.p.A3Back.controller.AuthController     : Login attempt for user: jrqV
2025-11-24T07:05:18.077-03:00  INFO 12640 --- [A3Back] [           main] A.p.A3Back.controller.AuthController     : JWT token generated successfully for user: JRQV
timestamp = 2025-11-24T07:05:18.079211, SecureLoggingPropertyTest:logsShouldNotContainSensitiveAuthenticationData = 
                              |-----------------------jqwik-----------------------
tries = 100                   | # of calls to property
checks = 100                  | # of not rejected calls
generation = RANDOMIZED       | parameters are randomly generated
after-failure = SAMPLE_FIRST  | try previously failed sample, then previous seed
when-fixed-seed = ALLOW       | fixing the random seed is allowed
edge-cases#mode = MIXIN       | edge cases are mixed in
edge-cases#total = 16         | # of all combined edge cases
edge-cases#tried = 16         | # of edge cases tried in current run
seed = -4941923769367297961   | random seed to reproduce generated values


]]></system-out>
  </testcase>
</testsuite>