<?xml version="1.0" encoding="UTF-8"?>
<testsuite xmlns:xsi="http://www.w3.org/2001/XMLSchema-instance" xsi:noNamespaceSchemaLocation="https://maven.apache.org/surefire/maven-surefire-plugin/xsd/surefire-test-report.xsd" version="3.0.2" name="A3.projeto.A3Back.service.ScamRetrievalServicePropertyTest" time="7.571" tests="6" errors="0" skipped="0" failures="0">
  <properties>
[...]
</properties>
  <testcase name="usernameLoggingShouldOccurAtInfoLevel" classname="ScamRetrievalServicePropertyTest" time="0.728">
    <system-out><![CDATA[2025-11-24T07:05:20.493-03:00  INFO 12640 --- [A3Back] [           main] A.p.A3Back.service.ScamRetrievalService  : Retrieving scam reports for company: pxqtJI
2025-11-24T07:05:20.493-03:00  INFO 12640 --- [A3Back] [           main] A.p.A3Back.service.ScamRetrievalService  : Successfully retrieved 1 scam report(s) for company: pxqtJI
2025-11-24T07:05:20.495-03:00  INFO 12640 --- [A3Back] [           main] A.p.A3Back.service.ScamRetrievalService  : Retrieving scam reports for company: WhraGnpJhtuF
2025-11-24T07:05:20.497-03:00  INFO 12640 --- [A3Back] [           main] A.p.A3Back.service.ScamRetrievalService  : Successfully retrieved 1 scam report(s) for company: WhraGnpJhtuF
2025-11-24T07:05:20.497-03:00  INFO 12640 --- [A3Back] [           main] A.p.A3Back.service.ScamRetrievalService  : Retrieving scam reports for company: KdULdj
2025-11-24T07:05:20.497-03:00  INFO 12640 --- [A3Back] [           main] A.p.A3Back.service.ScamRetrievalService  : Successfully retrieved 1 scam report(s) for company: KdULdj
2025-11-24T07:05:20.509-03:00  INFO 12640 --- [A3Back] [           main] A.p.A3Back.service.ScamRetrievalService  : Retrieving scam reports for company: mqkZyGtQeJLBy
2025-11-24T07:05:20.509-03:00  INFO 12640 --- [A3Back] [           main] A.p.A3Back.service.ScamRetrievalService  : Successfully retrieved 1 scam report(s) for company: mqkZyGtQeJLBy
2025-11-24T07:05:20.511-03:00  INFO 12640 --- [A3Back] [           main] A.p.A3Back.service.ScamRetrievalService  : Retrieving scam reports for company: HlDeo
2025-11-24T07:05:20.514-03:00  INFO 12640 --- [A3Back] [           main] A.p.A3Back.service.ScamRetrievalService  : Successfully retrieved 1 scam report(s) for company: HlDeo
2025-11-24T07:05:20.522-03:00  INFO 12640 --- [A3Back] [           main] A.p.A3Back.service.ScamRetrievalService  : Retrieving scam reports for company: aaa
2025-11-24T07:05:20.524-03:00  INFO 12640 --- [A3Back] [           main] A.p.A3Back.service.ScamRetrievalService  : Successfully retrieved 1 scam report(s) for company: aaa
2025-11-24T07:05:20.526-03:00  INFO 12640 --- [A3Back] [           main] A.p.A3Back.service.ScamRetrievalService  : Retrieving scam reports for company: tbjaAuwFj
2025-11-24T07:05:20.526-03:00  INFO 12640 --- [A3Back] [           main] A.p.A3Back.service.ScamRetrievalService  : Successfully retrieved 1 scam report(s) for company: tbjaAuwFj
2025-11-24T07:05:20.526-03:00  INFO 12640 --- [A3Back] [           main] A.p.A3Back.service.ScamRetrievalService  : Retrieving scam reports for company: xnD
2025-11-24T07:05:20.526-03:00  INFO 12640 --- [A3Back] [           main] A.p.A3Back.service.ScamRetrievalService  : Successfully retrieved 1 scam report(s) for company: xnD
2025-11-24T07:05:20.528-03:00  INFO 12640 --- [A3Back] [           main] A.p.A3Back.service.ScamRetrievalService  : Retrieving scam reports for company: QQSa
2025-11-24T07:05:20.528-03:00  INFO 12640 --- [A3Back] [           main] A.p.A3Back.service.ScamRetrievalService  : Successfully retrieved 1 scam report(s) for company: QQSa
2025-11-24T07:05:20.528-03:00  INFO 12640 --- [A3Back] [           main] A.p.A3Back.service.ScamRetrievalService  : Retrieving scam reports for company: ZcXt
2025-11-24T07:05:20.528-03:00  INFO 12640 --- [A3Back] [           main] A.p.A3Back.service.ScamRetrievalService  : Successfully retrieved 1 scam report(s) for company: ZcXt
2025-11-24T07:05:20.537-03:00  INFO 12640 --- [A3Back] [           main] A.p.A3Back.service.ScamRetrievalService  : Retrieving scam reports for company: ZZZ
2025-11-24T07:05:20.537-03:00  INFO 12640 --- [A3Back] [           main] A.p.A3Back.service.ScamRetrievalService  : Successfully retrieved 1 scam report(s) for company: ZZZ
2025-11-24T07:05:20.539-03:00  INFO 12640 --- [A3Back] [           main] A.p.A3Back.service.ScamRetrievalService  : Retrieving scam reports for company: cFpOWZTZjVgAPGOOgaPrFEqmyTDeIrQKsBfbKm
2025-11-24T07:05:20.539-03:00  INFO 12640 --- [A3Back] [           main] A.p.A3Back.service.ScamRetrievalService  : Successfully retrieved 1 scam report(s) for company: cFpOWZTZjVgAPGOOgaPrFEqmyTDeIrQKsBfbKm
2025-11-24T07:05:20.539-03:00  INFO 12640 --- [A3Back] [           main] A.p.A3Back.service.ScamRetrievalService  : Retrieving scam reports for company: dDuLqnQr
2025-11-24T07:05:20.539-03:00  INFO 12640 --- [A3Back] [           main] A.p.A3Back.service.ScamRetrievalService  : Successfully retrieved 1 scam report(s) for company: dDuLqnQr
2025-11-24T07:05:20.541-03:00  INFO 12640 --- [A3Back] [           main] A.p.A3Back.service.ScamRetrievalService  : Retrieving scam reports for company: IgNM
2025-11-24T07:05:20.541-03:00  INFO 12640 --- [A3Back] [           main] A.p.A3Back.service.ScamRetrievalService  : Successfully retrieved 1 scam report(s) for company: IgNM
2025-11-24T07:05:20.555-03:00  INFO 12640 --- [A3Back] [           main] A.p.A3Back.service.ScamRetrievalService  : Retrieving scam reports for company: UAaMmRMapppZg
2025-11-24T07:05:20.555-03:00  INFO 12640 --- [A3Back] [           main] A.p.A3Back.service.ScamRetrievalService  : Successfully retrieved 1 scam report(s) for company: UAaMmRMapppZg
2025-11-24T07:05:20.558-03:00  INFO 12640 --- [A3Back] [           main] A.p.A3Back.service.ScamRetrievalService  : Retrieving scam reports for company: dyMDekbBhh
2025-11-24T07:05:20.558-03:00  INFO 12640 --- [A3Back] [           main] A.p.A3Back.service.ScamRetrievalService  : Successfully retrieved 1 scam report(s) for company: dyMDekbBhh
2025-11-24T07:05:20.558-03:00  INFO 12640 --- [A3Back] [           main] A.p.A3Back.service.ScamRetrievalService  : Retrieving scam reports for company: ZZZ
2025-11-24T07:05:20.558-03:00  INFO 12640 --- [A3Back] [           main] A.p.A3Back.service.ScamRetrievalService  : Successfully retrieved 1 scam report(s) for company: ZZZ
2025-11-24T07:05:20.560-03:00  INFO 12640 --- [A3Back] [           main] A.p.A3Back.service.ScamRetrievalService  : Retrieving scam reports for company: aREHftuLYwv
2025-11-24T07:05:20.560-03:00  INFO 12640 --- [A3Back] [           main] A.p.A3Back.service.ScamRetrievalService  : Successfully retrieved 1 scam report(s) for company: aREHftuLYwv
2025-11-24T07:05:20.569-03:00  INFO 12640 --- [A3Back] [           main] A.p.A3Back.service.ScamRetrievalService  : Retrieving scam reports for company: wdPtEpQruB
2025-11-24T07:05:20.576-03:00  INFO 12640 --- [A3Back] [           main] A.p.A3Back.service.ScamRetrievalService  : Successfully retrieved 1 scam report(s) for company: wdPtEpQruB
2025-11-24T07:05:20.576-03:00  INFO 12640 --- [A3Back] [           main] A.p.A3Back.service.ScamRetrievalService  : Retrieving scam reports for company: oLRvVSHke
2025-11-24T07:05:20.578-03:00  INFO 12640 --- [A3Back] [           main] A.p.A3Back.service.ScamRetrievalService  : Successfully retrieved 1 scam report(s) for company: oLRvVSHke
2025-11-24T07:05:20.578-03:00  INFO 12640 --- [A3Back] [           main] A.p.A3Back.service.ScamRetrievalService  : Retrieving scam reports for company: RWt
2025-11-24T07:05:20.578-03:00  INFO 12640 --- [A3Back] [           main] A.p.A3Back.service.ScamRetrievalService  : Successfully retrieved 1 scam report(s) for company: RWt
2025-11-24T07:05:20.582-03:00  INFO 12640 --- [A3Back] [           main] A.p.A3Back.service.ScamRetrievalService  : Retrieving scam reports for company: eBofY
2025-11-24T07:05:20.587-03:00  INFO 12640 --- [A3Back] [           main] A.p.A3Back.service.ScamRetrievalService  : Successfully retrieved 1 scam report(s) for company: eBofY
2025-11-24T07:05:20.589-03:00  INFO 12640 --- [A3Back] [           main] A.p.A3Back.service.ScamRetrievalService  : Retrieving scam reports for company: nNUemmwXnT
2025-11-24T07:05:20.589-03:00  INFO 12640 --- [A3Back] [           main] A.p.A3Back.service.ScamRetrievalService  : Successfully retrieved 1 scam report(s) for company: nNUemmwXnT
2025-11-24T07:05:20.591-03:00  INFO 12640 --- [A3Back] [           main] A.p.A3Back.service.ScamRetrievalService  : Retrieving scam reports for company: OlXi
2025-11-24T07:05:20.591-03:00  INFO 12640 --- [A3Back] [           main] A.p.A3Back.service.ScamRetrievalService  : Successfully retrieved 1 scam report(s) for company: OlXi
2025-11-24T07:05:20.591-03:00  INFO 12640 --- [A3Back] [           main] A.p.A3Back.service.ScamRetrievalService  : Retrieving scam reports for company: HNiNinr
2025-11-24T07:05:20.593-03:00  INFO 12640 --- [A3Back] [           main] A.p.A3Back.service.ScamRetrievalService  : Successfully retrieved 1 scam report(s) for company: HNiNinr
2025-11-24T07:05:20.593-03:00  INFO 12640 --- [A3Back] [           main] A.p.A3Back.service.ScamRetrievalService  : Retrieving scam reports for company: nXbxzbGd
2025-11-24T07:05:20.593-03:00  INFO 12640 --- [A3Back] [           main] A.p.A3Back.service.ScamRetrievalService  : Successfully retrieved 1 scam report(s) for company: nXbxzbGd
2025-11-24T07:05:20.593-03:00  INFO 12640 --- [A3Back] [           main] A.p.A3Back.service.ScamRetrievalService  : Retrieving scam reports for company: NpFYtgKIJV
2025-11-24T07:05:20.595-03:00  INFO 12640 --- [A3Back] [           main] A.p.A3Back.service.ScamRetrievalService  : Successfully retrieved 1 scam report(s) for company: NpFYtgKIJV
2025-11-24T07:05:20.597-03:00  INFO 12640 --- [A3Back] [           main] A.p.A3Back.service.ScamRetrievalService  : Retrieving scam reports for company: AAA
2025-11-24T07:05:20.597-03:00  INFO 12640 --- [A3Back] [           main] A.p.A3Back.service.ScamRetrievalService  : Successfully retrieved 1 scam report(s) for company: AAA
2025-11-24T07:05:20.612-03:00  INFO 12640 --- [A3Back] [           main] A.p.A3Back.service.ScamRetrievalService  : Retrieving scam reports for company: wUTW
2025-11-24T07:05:20.612-03:00  INFO 12640 --- [A3Back] [           main] A.p.A3Back.service.ScamRetrievalService  : Successfully retrieved 1 scam report(s) for company: wUTW
2025-11-24T07:05:20.614-03:00  INFO 12640 --- [A3Back] [           main] A.p.A3Back.service.ScamRetrievalService  : Retrieving scam reports for company: gzxF
2025-11-24T07:05:20.614-03:00  INFO 12640 --- [A3Back] [           main] A.p.A3Back.service.ScamRetrievalService  : Successfully retrieved 1 scam report(s) for company: gzxF
2025-11-24T07:05:20.615-03:00  INFO 12640 --- [A3Back] [           main] A.p.A3Back.service.ScamRetrievalService  : Retrieving scam reports for company: aaa
2025-11-24T07:05:20.617-03:00  INFO 12640 --- [A3Back] [           main] A.p.A3Back.service.ScamRetrievalService  : Successfully retrieved 1 scam report(s) for company: aaa
2025-11-24T07:05:20.625-03:00  INFO 12640 --- [A3Back] [           main] A.p.A3Back.service.ScamRetrievalService  : Retrieving scam reports for company: PDYJeihkyyZmZwFJEzZCPiCZQfdTAFytVeGHpM
2025-11-24T07:05:20.625-03:00  INFO 12640 --- [A3Back] [           main] A.p.A3Back.service.ScamRetrievalService  : Successfully retrieved 1 scam report(s) for company: PDYJeihkyyZmZwFJEzZCPiCZQfdTAFytVeGHpM
2025-11-24T07:05:20.629-03:00  INFO 12640 --- [A3Back] [           main] A.p.A3Back.service.ScamRetrievalService  : Retrieving scam reports for company: QmVuQwmCWbMUZZYhzgjopGOwGhxkwvJlDLWIAWJeH
2025-11-24T07:05:20.629-03:00  INFO 12640 --- [A3Back] [           main] A.p.A3Back.service.ScamRetrievalService  : Successfully retrieved 1 scam report(s) for company: QmVuQwmCWbMUZZYhzgjopGOwGhxkwvJlDLWIAWJeH
2025-11-24T07:05:20.629-03:00  INFO 12640 --- [A3Back] [           main] A.p.A3Back.service.ScamRetrievalService  : Retrieving scam reports for company: ymry
2025-11-24T07:05:20.629-03:00  INFO 12640 --- [A3Back] [           main] A.p.A3Back.service.ScamRetrievalService  : Successfully retrieved 1 scam report(s) for company: ymry
2025-11-24T07:05:20.632-03:00  INFO 12640 --- [A3Back] [           main] A.p.A3Back.service.ScamRetrievalService  : Retrieving scam reports for company: FjGcWfBbkPlx
2025-11-24T07:05:20.633-03:00  INFO 12640 --- [A3Back] [           main] A.p.A3Back.service.ScamRetrievalService  : Successfully retrieved 1 scam report(s) for company: FjGcWfBbkPlx
2025-11-24T07:05:20.639-03:00  INFO 12640 --- [A3Back] [           main] A.p.A3Back.service.ScamRetrievalService  : Retrieving scam reports for company: JhbyWMTka
2025-11-24T07:05:20.641-03:00  INFO 12640 --- [A3Back] [           main] A.p.A3Back.service.ScamRetrievalService  : Successfully retrieved 1 scam report(s) for company: JhbyWMTka
2025-11-24T07:05:20.641-03:00  INFO 12640 --- [A3Back] [           main] A.p.A3Back.service.ScamRetrievalService  : Retrieving scam reports for company: qkmgxdMsb
2025-11-24T07:05:20.641-03:00  INFO 12640 --- [A3Back] [           main] A.p.A3Back.service.ScamRetrievalService  : Successfully retrieved 1 scam report(s) for company: qkmgxdMsb
2025-11-24T07:05:20.644-03:00  INFO 12640 --- [A3Back] [           main] A.p.A3Back.service.ScamRetrievalService  : Retrieving scam reports for company: neTlIoMIdVKu
2025-11-24T07:05:20.644-03:00  INFO 12640 --- [A3Back] [           main] A.p.A3Back.service.ScamRetrievalService  : Successfully retrieved 1 scam report(s) for company: neTlIoMIdVKu
2025-11-24T07:05:20.644-03:00  INFO 12640 --- [A3Back] [           main] A.p.A3Back.service.ScamRetrievalService  : Retrieving scam reports for company: KmDM
2025-11-24T07:05:20.644-03:00  INFO 12640 --- [A3Back] [           main] A.p.A3Back.service.ScamRetrievalService  : Successfully retrieved 1 scam report(s) for company: KmDM
2025-11-24T07:05:20.646-03:00  INFO 12640 --- [A3Back] [           main] A.p.A3Back.service.ScamRetrievalService  : Retrieving scam reports for company: AAA
2025-11-24T07:05:20.646-03:00  INFO 12640 --- [A3Back] [           main] A.p.A3Back.service.ScamRetrievalService  : Successfully retrieved 1 scam report(s) for company: AAA
2025-11-24T07:05:20.646-03:00  INFO 12640 --- [A3Back] [           main] A.p.A3Back.service.ScamRetrievalService  : Retrieving scam reports for company: IQVLhTvJ
2025-11-24T07:05:20.646-03:00  INFO 12640 --- [A3Back] [           main] A.p.A3Back.service.ScamRetrievalService  : Successfully retrieved 1 scam report(s) for company: IQVLhTvJ
2025-11-24T07:05:20.658-03:00  INFO 12640 --- [A3Back] [           main] A.p.A3Back.service.ScamRetrievalService  : Retrieving scam reports for company: kUQNSlVhwfkw
2025-11-24T07:05:20.658-03:00  INFO 12640 --- [A3Back] [           main] A.p.A3Back.service.ScamRetrievalService  : Successfully retrieved 1 scam report(s) for company: kUQNSlVhwfkw
2025-11-24T07:05:20.660-03:00  INFO 12640 --- [A3Back] [           main] A.p.A3Back.service.ScamRetrievalService  : Retrieving scam reports for company: BpBO
2025-11-24T07:05:20.660-03:00  INFO 12640 --- [A3Back] [           main] A.p.A3Back.service.ScamRetrievalService  : Successfully retrieved 1 scam report(s) for company: BpBO
2025-11-24T07:05:20.662-03:00  INFO 12640 --- [A3Back] [           main] A.p.A3Back.service.ScamRetrievalService  : Retrieving scam reports for company: DsLRMUVIfbKCReMOowEXulCNUDTpdsCkqZCD
2025-11-24T07:05:20.662-03:00  INFO 12640 --- [A3Back] [           main] A.p.A3Back.service.ScamRetrievalService  : Successfully retrieved 1 scam report(s) for company: DsLRMUVIfbKCReMOowEXulCNUDTpdsCkqZCD
2025-11-24T07:05:20.662-03:00  INFO 12640 --- [A3Back] [           main] A.p.A3Back.service.ScamRetrievalService  : Retrieving scam reports for company: qptcVHGlK
2025-11-24T07:05:20.662-03:00  INFO 12640 --- [A3Back] [           main] A.p.A3Back.service.ScamRetrievalService  : Successfully retrieved 1 scam report(s) for company: qptcVHGlK
2025-11-24T07:05:20.672-03:00  INFO 12640 --- [A3Back] [           main] A.p.A3Back.service.ScamRetrievalService  : Retrieving scam reports for company: ZZZ
2025-11-24T07:05:20.672-03:00  INFO 12640 --- [A3Back] [           main] A.p.A3Back.service.ScamRetrievalService  : Successfully retrieved 1 scam report(s) for company: ZZZ
2025-11-24T07:05:20.674-03:00  INFO 12640 --- [A3Back] [           main] A.p.A3Back.service.ScamRetrievalService  : Retrieving scam reports for company: AlpPXIYMFCN
2025-11-24T07:05:20.674-03:00  INFO 12640 --- [A3Back] [           main] A.p.A3Back.service.ScamRetrievalService  : Successfully retrieved 1 scam report(s) for company: AlpPXIYMFCN
2025-11-24T07:05:20.676-03:00  INFO 12640 --- [A3Back] [           main] A.p.A3Back.service.ScamRetrievalService  : Retrieving scam reports for company: gxrOXdGn
2025-11-24T07:05:20.676-03:00  INFO 12640 --- [A3Back] [           main] A.p.A3Back.service.ScamRetrievalService  : Successfully retrieved 1 scam report(s) for company: gxrOXdGn
2025-11-24T07:05:20.676-03:00  INFO 12640 --- [A3Back] [           main] A.p.A3Back.service.ScamRetrievalService  : Retrieving scam reports for company: irkEOtVhPWr
2025-11-24T07:05:20.676-03:00  INFO 12640 --- [A3Back] [           main] A.p.A3Back.service.ScamRetrievalService  : Successfully retrieved 1 scam report(s) for company: irkEOtVhPWr
2025-11-24T07:05:20.676-03:00  INFO 12640 --- [A3Back] [           main] A.p.A3Back.service.ScamRetrievalService  : Retrieving scam reports for company: vWhrONRUe
2025-11-24T07:05:20.678-03:00  INFO 12640 --- [A3Back] [           main] A.p.A3Back.service.ScamRetrievalService  : Successfully retrieved 1 scam report(s) for company: vWhrONRUe
2025-11-24T07:05:20.678-03:00  INFO 12640 --- [A3Back] [           main] A.p.A3Back.service.ScamRetrievalService  : Retrieving scam reports for company: ogTYPgMwqCZjWCiRFcruSAPqnkJNzjcrrTrKrYJkdxgePsIYyZ
2025-11-24T07:05:20.678-03:00  INFO 12640 --- [A3Back] [           main] A.p.A3Back.service.ScamRetrievalService  : Successfully retrieved 1 scam report(s) for company: ogTYPgMwqCZjWCiRFcruSAPqnkJNzjcrrTrKrYJkdxgePsIYyZ
2025-11-24T07:05:20.680-03:00  INFO 12640 --- [A3Back] [           main] A.p.A3Back.service.ScamRetrievalService  : Retrieving scam reports for company: TQDDHis
2025-11-24T07:05:20.682-03:00  INFO 12640 --- [A3Back] [           main] A.p.A3Back.service.ScamRetrievalService  : Successfully retrieved 1 scam report(s) for company: TQDDHis
2025-11-24T07:05:20.690-03:00  INFO 12640 --- [A3Back] [           main] A.p.A3Back.service.ScamRetrievalService  : Retrieving scam reports for company: oajbEIhR
2025-11-24T07:05:20.690-03:00  INFO 12640 --- [A3Back] [           main] A.p.A3Back.service.ScamRetrievalService  : Successfully retrieved 1 scam report(s) for company: oajbEIhR
2025-11-24T07:05:20.693-03:00  INFO 12640 --- [A3Back] [           main] A.p.A3Back.service.ScamRetrievalService  : Retrieving scam reports for company: WLgK
2025-11-24T07:05:20.693-03:00  INFO 12640 --- [A3Back] [           main] A.p.A3Back.service.ScamRetrievalService  : Successfully retrieved 1 scam report(s) for company: WLgK
2025-11-24T07:05:20.695-03:00  INFO 12640 --- [A3Back] [           main] A.p.A3Back.service.ScamRetrievalService  : Retrieving scam reports for company: kcfAN
2025-11-24T07:05:20.695-03:00  INFO 12640 --- [A3Back] [           main] A.p.A3Back.service.ScamRetrievalService  : Successfully retrieved 1 scam report(s) for company: kcfAN
2025-11-24T07:05:20.750-03:00  INFO 12640 --- [A3Back] [           main] A.p.A3Back.service.ScamRetrievalService  : Retrieving scam reports for company: aaa
2025-11-24T07:05:20.753-03:00  INFO 12640 --- [A3Back] [           main] A.p.A3Back.service.ScamRetrievalService  : Successfully retrieved 1 scam report(s) for company: aaa
2025-11-24T07:05:20.759-03:00  INFO 12640 --- [A3Back] [           main] A.p.A3Back.service.ScamRetrievalService  : Retrieving scam reports for company: hunxLau
2025-11-24T07:05:20.759-03:00  INFO 12640 --- [A3Back] [           main] A.p.A3Back.service.ScamRetrievalService  : Successfully retrieved 1 scam report(s) for company: hunxLau
2025-11-24T07:05:20.761-03:00  INFO 12640 --- [A3Back] [           main] A.p.A3Back.service.ScamRetrievalService  : Retrieving scam reports for company: jySboJC
2025-11-24T07:05:20.761-03:00  INFO 12640 --- [A3Back] [           main] A.p.A3Back.service.ScamRetrievalService  : Successfully retrieved 1 scam report(s) for company: jySboJC
2025-11-24T07:05:20.761-03:00  INFO 12640 --- [A3Back] [           main] A.p.A3Back.service.ScamRetrievalService  : Retrieving scam reports for company: wphYyvepVJ
2025-11-24T07:05:20.761-03:00  INFO 12640 --- [A3Back] [           main] A.p.A3Back.service.ScamRetrievalService  : Successfully retrieved 1 scam report(s) for company: wphYyvepVJ
2025-11-24T07:05:20.763-03:00  INFO 12640 --- [A3Back] [           main] A.p.A3Back.service.ScamRetrievalService  : Retrieving scam reports for company: PeMfbMDpABryNyWZ
2025-11-24T07:05:20.763-03:00  INFO 12640 --- [A3Back] [           main] A.p.A3Back.service.ScamRetrievalService  : Successfully retrieved 1 scam report(s) for company: PeMfbMDpABryNyWZ
2025-11-24T07:05:20.763-03:00  INFO 12640 --- [A3Back] [           main] A.p.A3Back.service.ScamRetrievalService  : Retrieving scam reports for company: bgrw
2025-11-24T07:05:20.763-03:00  INFO 12640 --- [A3Back] [           main] A.p.A3Back.service.ScamRetrievalService  : Successfully retrieved 1 scam report(s) for company: bgrw
2025-11-24T07:05:20.775-03:00  INFO 12640 --- [A3Back] [           main] A.p.A3Back.service.ScamRetrievalService  : Retrieving scam reports for company: qbRfaaUjNT
2025-11-24T07:05:20.779-03:00  INFO 12640 --- [A3Back] [           main] A.p.A3Back.service.ScamRetrievalService  : Successfully retrieved 1 scam report(s) for company: qbRfaaUjNT
2025-11-24T07:05:20.781-03:00  INFO 12640 --- [A3Back] [           main] A.p.A3Back.service.ScamRetrievalService  : Retrieving scam reports for company: CnKxIBiozmh
2025-11-24T07:05:20.789-03:00  INFO 12640 --- [A3Back] [           main] A.p.A3Back.service.ScamRetrievalService  : Successfully retrieved 1 scam report(s) for company: CnKxIBiozmh
2025-11-24T07:05:20.789-03:00  INFO 12640 --- [A3Back] [           main] A.p.A3Back.service.ScamRetrievalService  : Retrieving scam reports for company: rJmcwM
2025-11-24T07:05:20.789-03:00  INFO 12640 --- [A3Back] [           main] A.p.A3Back.service.ScamRetrievalService  : Successfully retrieved 1 scam report(s) for company: rJmcwM
2025-11-24T07:05:20.791-03:00  INFO 12640 --- [A3Back] [           main] A.p.A3Back.service.ScamRetrievalService  : Retrieving scam reports for company: NssY
2025-11-24T07:05:20.791-03:00  INFO 12640 --- [A3Back] [           main] A.p.A3Back.service.ScamRetrievalService  : Successfully retrieved 1 scam report(s) for company: NssY
2025-11-24T07:05:20.791-03:00  INFO 12640 --- [A3Back] [           main] A.p.A3Back.service.ScamRetrievalService  : Retrieving scam reports for company: flhPFcQPsCn
2025-11-24T07:05:20.793-03:00  INFO 12640 --- [A3Back] [           main] A.p.A3Back.service.ScamRetrievalService  : Successfully retrieved 1 scam report(s) for company: flhPFcQPsCn
2025-11-24T07:05:20.793-03:00  INFO 12640 --- [A3Back] [           main] A.p.A3Back.service.ScamRetrievalService  : Retrieving scam reports for company: YjHWJrJKkp
2025-11-24T07:05:20.793-03:00  INFO 12640 --- [A3Back] [           main] A.p.A3Back.service.ScamRetrievalService  : Successfully retrieved 1 scam report(s) for company: YjHWJrJKkp
2025-11-24T07:05:20.793-03:00  INFO 12640 --- [A3Back] [           main] A.p.A3Back.service.ScamRetrievalService  : Retrieving scam reports for company: grQEZlaejSuOarrKTOOMyTfPyfZxZhZzNPKdWfMiApYsSPt
2025-11-24T07:05:20.793-03:00  INFO 12640 --- [A3Back] [           main] A.p.A3Back.service.ScamRetrievalService  : Successfully retrieved 1 scam report(s) for company: grQEZlaejSuOarrKTOOMyTfPyfZxZhZzNPKdWfMiApYsSPt
2025-11-24T07:05:20.795-03:00  INFO 12640 --- [A3Back] [           main] A.p.A3Back.service.ScamRetrievalService  : Retrieving scam reports for company: mRV
2025-11-24T07:05:20.795-03:00  INFO 12640 --- [A3Back] [           main] A.p.A3Back.service.ScamRetrievalService  : Successfully retrieved 1 scam report(s) for company: mRV
2025-11-24T07:05:20.797-03:00  INFO 12640 --- [A3Back] [           main] A.p.A3Back.service.ScamRetrievalService  : Retrieving scam reports for company: zzz
2025-11-24T07:05:20.797-03:00  INFO 12640 --- [A3Back] [           main] A.p.A3Back.service.ScamRetrievalService  : Successfully retrieved 1 scam report(s) for company: zzz
2025-11-24T07:05:20.811-03:00  INFO 12640 --- [A3Back] [           main] A.p.A3Back.service.ScamRetrievalService  : Retrieving scam reports for company: lLAG
2025-11-24T07:05:20.811-03:00  INFO 12640 --- [A3Back] [           main] A.p.A3Back.service.ScamRetrievalService  : Successfully retrieved 1 scam report(s) for company: lLAG
2025-11-24T07:05:20.813-03:00  INFO 12640 --- [A3Back] [           main] A.p.A3Back.service.ScamRetrievalService  : Retrieving scam reports for company: sxvGMcaQEPXizJLtYPkRtfRmTABJkxoeLfSXrgUHUWiBZAgXU
2025-11-24T07:05:20.813-03:00  INFO 12640 --- [A3Back] [           main] A.p.A3Back.service.ScamRetrievalService  : Successfully retrieved 1 scam report(s) for company: sxvGMcaQEPXizJLtYPkRtfRmTABJkxoeLfSXrgUHUWiBZAgXU
2025-11-24T07:05:20.823-03:00  INFO 12640 --- [A3Back] [           main] A.p.A3Back.service.ScamRetrievalService  : Retrieving scam reports for company: JIgPmMvZNv
2025-11-24T07:05:20.823-03:00  INFO 12640 --- [A3Back] [           main] A.p.A3Back.service.ScamRetrievalService  : Successfully retrieved 1 scam report(s) for company: JIgPmMvZNv
2025-11-24T07:05:20.823-03:00  INFO 12640 --- [A3Back] [           main] A.p.A3Back.service.ScamRetrievalService  : Retrieving scam reports for company: GOpoDGI
2025-11-24T07:05:20.823-03:00  INFO 12640 --- [A3Back] [           main] A.p.A3Back.service.ScamRetrievalService  : Successfully retrieved 1 scam report(s) for company: GOpoDGI
2025-11-24T07:05:20.825-03:00  INFO 12640 --- [A3Back] [           main] A.p.A3Back.service.ScamRetrievalService  : Retrieving scam reports for company: reZJEyHkqISXQ
2025-11-24T07:05:20.825-03:00  INFO 12640 --- [A3Back] [           main] A.p.A3Back.service.ScamRetrievalService  : Successfully retrieved 1 scam report(s) for company: reZJEyHkqISXQ
2025-11-24T07:05:20.827-03:00  INFO 12640 --- [A3Back] [           main] A.p.A3Back.service.ScamRetrievalService  : Retrieving scam reports for company: XTfhm
2025-11-24T07:05:20.827-03:00  INFO 12640 --- [A3Back] [           main] A.p.A3Back.service.ScamRetrievalService  : Successfully retrieved 1 scam report(s) for company: XTfhm
2025-11-24T07:05:20.829-03:00  INFO 12640 --- [A3Back] [           main] A.p.A3Back.service.ScamRetrievalService  : Retrieving scam reports for company: QIwozVsT
2025-11-24T07:05:20.829-03:00  INFO 12640 --- [A3Back] [           main] A.p.A3Back.service.ScamRetrievalService  : Successfully retrieved 1 scam report(s) for company: QIwozVsT
2025-11-24T07:05:20.874-03:00  INFO 12640 --- [A3Back] [           main] A.p.A3Back.service.ScamRetrievalService  : Retrieving scam reports for company: xjMLGlVSANfHx
2025-11-24T07:05:20.874-03:00  INFO 12640 --- [A3Back] [           main] A.p.A3Back.service.ScamRetrievalService  : Successfully retrieved 1 scam report(s) for company: xjMLGlVSANfHx
2025-11-24T07:05:20.878-03:00  INFO 12640 --- [A3Back] [           main] A.p.A3Back.service.ScamRetrievalService  : Retrieving scam reports for company: gVTVefjdlhwUXFWCwwGMtSygGFYgCtMRabQeIOZkAaKcwjsK
2025-11-24T07:05:20.878-03:00  INFO 12640 --- [A3Back] [           main] A.p.A3Back.service.ScamRetrievalService  : Successfully retrieved 1 scam report(s) for company: gVTVefjdlhwUXFWCwwGMtSygGFYgCtMRabQeIOZkAaKcwjsK
2025-11-24T07:05:20.890-03:00  INFO 12640 --- [A3Back] [           main] A.p.A3Back.service.ScamRetrievalService  : Retrieving scam reports for company: SNpzJ
2025-11-24T07:05:20.890-03:00  INFO 12640 --- [A3Back] [           main] A.p.A3Back.service.ScamRetrievalService  : Successfully retrieved 1 scam report(s) for company: SNpzJ
2025-11-24T07:05:20.892-03:00  INFO 12640 --- [A3Back] [           main] A.p.A3Back.service.ScamRetrievalService  : Retrieving scam reports for company: UpMrZbQDVBP
2025-11-24T07:05:20.892-03:00  INFO 12640 --- [A3Back] [           main] A.p.A3Back.service.ScamRetrievalService  : Successfully retrieved 1 scam report(s) for company: UpMrZbQDVBP
2025-11-24T07:05:20.894-03:00  INFO 12640 --- [A3Back] [           main] A.p.A3Back.service.ScamRetrievalService  : Retrieving scam reports for company: feYKXbqTpuYa
2025-11-24T07:05:20.894-03:00  INFO 12640 --- [A3Back] [           main] A.p.A3Back.service.ScamRetrievalService  : Successfully retrieved 1 scam report(s) for company: feYKXbqTpuYa
2025-11-24T07:05:20.896-03:00  INFO 12640 --- [A3Back] [           main] A.p.A3Back.service.ScamRetrievalService  : Retrieving scam reports for company: aYyALa
2025-11-24T07:05:20.896-03:00  INFO 12640 --- [A3Back] [           main] A.p.A3Back.service.ScamRetrievalService  : Successfully retrieved 1 scam report(s) for company: aYyALa
2025-11-24T07:05:20.896-03:00  INFO 12640 --- [A3Back] [           main] A.p.A3Back.service.ScamRetrievalService  : Retrieving scam reports for company: DysROZrqSWzmbBMMzoRJtLZXTzsEfyZzlaOkQWzKJoMqBVeXcS
2025-11-24T07:05:20.896-03:00  INFO 12640 --- [A3Back] [           main] A.p.A3Back.service.ScamRetrievalService  : Successfully retrieved 1 scam report(s) for company: DysROZrqSWzmbBMMzoRJtLZXTzsEfyZzlaOkQWzKJoMqBVeXcS
2025-11-24T07:05:20.911-03:00  INFO 12640 --- [A3Back] [           main] A.p.A3Back.service.ScamRetrievalService  : Retrieving scam reports for company: rNmeOpfjxUzVZ
2025-11-24T07:05:20.911-03:00  INFO 12640 --- [A3Back] [           main] A.p.A3Back.service.ScamRetrievalService  : Successfully retrieved 1 scam report(s) for company: rNmeOpfjxUzVZ
2025-11-24T07:05:20.913-03:00  INFO 12640 --- [A3Back] [           main] A.p.A3Back.service.ScamRetrievalService  : Retrieving scam reports for company: auWctqHhOK
2025-11-24T07:05:20.913-03:00  INFO 12640 --- [A3Back] [           main] A.p.A3Back.service.ScamRetrievalService  : Successfully retrieved 1 scam report(s) for company: auWctqHhOK
2025-11-24T07:05:20.920-03:00  INFO 12640 --- [A3Back] [           main] A.p.A3Back.service.ScamRetrievalService  : Retrieving scam reports for company: CsVQEgPaXuOVLiUlYDuSWviSivZPfPQGNnwdLrdJzmtN
2025-11-24T07:05:20.922-03:00  INFO 12640 --- [A3Back] [           main] A.p.A3Back.service.ScamRetrievalService  : Successfully retrieved 1 scam report(s) for company: CsVQEgPaXuOVLiUlYDuSWviSivZPfPQGNnwdLrdJzmtN
2025-11-24T07:05:20.922-03:00  INFO 12640 --- [A3Back] [           main] A.p.A3Back.service.ScamRetrievalService  : Retrieving scam reports for company: MIdghUeTZ
2025-11-24T07:05:20.922-03:00  INFO 12640 --- [A3Back] [           main] A.p.A3Back.service.ScamRetrievalService  : Successfully retrieved 1 scam report(s) for company: MIdghUeTZ
2025-11-24T07:05:20.922-03:00  INFO 12640 --- [A3Back] [           main] A.p.A3Back.service.ScamRetrievalService  : Retrieving scam reports for company: kNoaEY
2025-11-24T07:05:20.924-03:00  INFO 12640 --- [A3Back] [           main] A.p.A3Back.service.ScamRetrievalService  : Successfully retrieved 1 scam report(s) for company: kNoaEY
2025-11-24T07:05:20.924-03:00  INFO 12640 --- [A3Back] [           main] A.p.A3Back.service.ScamRetrievalService  : Retrieving scam reports for company: jZanubLvNvXCZwNAEeuqeTSMZkgOJ
2025-11-24T07:05:20.924-03:00  INFO 12640 --- [A3Back] [           main] A.p.A3Back.service.ScamRetrievalService  : Successfully retrieved 1 scam report(s) for company: jZanubLvNvXCZwNAEeuqeTSMZkgOJ
2025-11-24T07:05:20.924-03:00  INFO 12640 --- [A3Back] [           main] A.p.A3Back.service.ScamRetrievalService  : Retrieving scam reports for company: Kpk
2025-11-24T07:05:20.926-03:00  INFO 12640 --- [A3Back] [           main] A.p.A3Back.service.ScamRetrievalService  : Successfully retrieved 1 scam report(s) for company: Kpk
2025-11-24T07:05:20.926-03:00  INFO 12640 --- [A3Back] [           main] A.p.A3Back.service.ScamRetrievalService  : Retrieving scam reports for company: FoGGRGq
2025-11-24T07:05:20.926-03:00  INFO 12640 --- [A3Back] [           main] A.p.A3Back.service.ScamRetrievalService  : Successfully retrieved 1 scam report(s) for company: FoGGRGq
2025-11-24T07:05:20.926-03:00  INFO 12640 --- [A3Back] [           main] A.p.A3Back.service.ScamRetrievalService  : Retrieving scam reports for company: ftLCzaq
2025-11-24T07:05:20.926-03:00  INFO 12640 --- [A3Back] [           main] A.p.A3Back.service.ScamRetrievalService  : Successfully retrieved 1 scam report(s) for company: ftLCzaq
2025-11-24T07:05:20.928-03:00  INFO 12640 --- [A3Back] [           main] A.p.A3Back.service.ScamRetrievalService  : Retrieving scam reports for company: wMa
2025-11-24T07:05:20.928-03:00  INFO 12640 --- [A3Back] [           main] A.p.A3Back.service.ScamRetrievalService  : Successfully retrieved 1 scam report(s) for company: wMa
2025-11-24T07:05:20.929-03:00  INFO 12640 --- [A3Back] [           main] A.p.A3Back.service.ScamRetrievalService  : Retrieving scam reports for company: AiZPPrJFfZut
2025-11-24T07:05:20.931-03:00  INFO 12640 --- [A3Back] [           main] A.p.A3Back.service.ScamRetrievalService  : Successfully retrieved 1 scam report(s) for company: AiZPPrJFfZut
2025-11-24T07:05:20.940-03:00  INFO 12640 --- [A3Back] [           main] A.p.A3Back.service.ScamRetrievalService  : Retrieving scam reports for company: zzz
2025-11-24T07:05:20.942-03:00  INFO 12640 --- [A3Back] [           main] A.p.A3Back.service.ScamRetrievalService  : Successfully retrieved 1 scam report(s) for company: zzz
2025-11-24T07:05:20.942-03:00  INFO 12640 --- [A3Back] [           main] A.p.A3Back.service.ScamRetrievalService  : Retrieving scam reports for company: BQoaR
2025-11-24T07:05:20.942-03:00  INFO 12640 --- [A3Back] [           main] A.p.A3Back.service.ScamRetrievalService  : Successfully retrieved 1 scam report(s) for company: BQoaR
2025-11-24T07:05:20.944-03:00  INFO 12640 --- [A3Back] [           main] A.p.A3Back.service.ScamRetrievalService  : Retrieving scam reports for company: YWjcsyEtTZt
2025-11-24T07:05:20.944-03:00  INFO 12640 --- [A3Back] [           main] A.p.A3Back.service.ScamRetrievalService  : Successfully retrieved 1 scam report(s) for company: YWjcsyEtTZt
2025-11-24T07:05:20.972-03:00  INFO 12640 --- [A3Back] [           main] A.p.A3Back.service.ScamRetrievalService  : Retrieving scam reports for company: nJXYXgCVCOmIsWiiVBgCpIoFMFivnQfEhpyUMFBmijhHPkZzUM
2025-11-24T07:05:20.972-03:00  INFO 12640 --- [A3Back] [           main] A.p.A3Back.service.ScamRetrievalService  : Successfully retrieved 1 scam report(s) for company: nJXYXgCVCOmIsWiiVBgCpIoFMFivnQfEhpyUMFBmijhHPkZzUM
2025-11-24T07:05:20.974-03:00  INFO 12640 --- [A3Back] [           main] A.p.A3Back.service.ScamRetrievalService  : Retrieving scam reports for company: dyCs
2025-11-24T07:05:20.974-03:00  INFO 12640 --- [A3Back] [           main] A.p.A3Back.service.ScamRetrievalService  : Successfully retrieved 1 scam report(s) for company: dyCs
timestamp = 2025-11-24T07:05:20.974941100, ScamRetrievalServicePropertyTest:usernameLoggingShouldOccurAtInfoLevel = 
                              |-----------------------jqwik-----------------------
tries = 100                   | # of calls to property
checks = 100                  | # of not rejected calls
generation = RANDOMIZED       | parameters are randomly generated
after-failure = SAMPLE_FIRST  | try previously failed sample, then previous seed
when-fixed-seed = ALLOW       | fixing the random seed is allowed
edge-cases#mode = MIXIN       | edge cases are mixed in
edge-cases#total = 4          | # of all combined edge cases
edge-cases#tried = 4          | # of edge cases tried in current run
seed = -2372363835766472286   | random seed to reproduce generated values


]]></system-out>
  </testcase>
  <testcase name="cpfShouldBeExcludedFromGolpeDTO" classname="ScamRetrievalServicePropertyTest" time="2.41">
    <system-out><![CDATA[2025-11-24T07:05:21.628-03:00  INFO 12640 --- [A3Back] [           main] A.p.A3Back.service.ScamRetrievalService  : Retrieving scam reports for company: AAA
2025-11-24T07:05:21.628-03:00  INFO 12640 --- [A3Back] [           main] A.p.A3Back.service.ScamRetrievalService  : Successfully retrieved 2 scam report(s) for company: AAA
2025-11-24T07:05:21.674-03:00  INFO 12640 --- [A3Back] [           main] A.p.A3Back.service.ScamRetrievalService  : Retrieving scam reports for company: xkqcLbu
2025-11-24T07:05:21.674-03:00  INFO 12640 --- [A3Back] [           main] A.p.A3Back.service.ScamRetrievalService  : Successfully retrieved 6 scam report(s) for company: xkqcLbu
2025-11-24T07:05:21.674-03:00  INFO 12640 --- [A3Back] [           main] A.p.A3Back.service.ScamRetrievalService  : Retrieving scam reports for company: AAA
2025-11-24T07:05:21.676-03:00  INFO 12640 --- [A3Back] [           main] A.p.A3Back.service.ScamRetrievalService  : Successfully retrieved 1 scam report(s) for company: AAA
2025-11-24T07:05:21.846-03:00  INFO 12640 --- [A3Back] [           main] A.p.A3Back.service.ScamRetrievalService  : Retrieving scam reports for company: AAA
2025-11-24T07:05:21.920-03:00  INFO 12640 --- [A3Back] [           main] A.p.A3Back.service.ScamRetrievalService  : Successfully retrieved 10 scam report(s) for company: AAA
2025-11-24T07:05:21.924-03:00  INFO 12640 --- [A3Back] [           main] A.p.A3Back.service.ScamRetrievalService  : Retrieving scam reports for company: DlPbVjfgr
2025-11-24T07:05:21.924-03:00  INFO 12640 --- [A3Back] [           main] A.p.A3Back.service.ScamRetrievalService  : Successfully retrieved 4 scam report(s) for company: DlPbVjfgr
2025-11-24T07:05:22.024-03:00  INFO 12640 --- [A3Back] [           main] A.p.A3Back.service.ScamRetrievalService  : Retrieving scam reports for company: ROUWIcN
2025-11-24T07:05:22.024-03:00  INFO 12640 --- [A3Back] [           main] A.p.A3Back.service.ScamRetrievalService  : Successfully retrieved 7 scam report(s) for company: ROUWIcN
2025-11-24T07:05:22.059-03:00  INFO 12640 --- [A3Back] [           main] A.p.A3Back.service.ScamRetrievalService  : Retrieving scam reports for company: MLOJiWPU
2025-11-24T07:05:22.059-03:00  INFO 12640 --- [A3Back] [           main] A.p.A3Back.service.ScamRetrievalService  : Successfully retrieved 2 scam report(s) for company: MLOJiWPU
2025-11-24T07:05:22.061-03:00  INFO 12640 --- [A3Back] [           main] A.p.A3Back.service.ScamRetrievalService  : Retrieving scam reports for company: scqZUxCKkyClX
2025-11-24T07:05:22.063-03:00  INFO 12640 --- [A3Back] [           main] A.p.A3Back.service.ScamRetrievalService  : Successfully retrieved 2 scam report(s) for company: scqZUxCKkyClX
2025-11-24T07:05:22.063-03:00  INFO 12640 --- [A3Back] [           main] A.p.A3Back.service.ScamRetrievalService  : Retrieving scam reports for company: KdgFhfAqn
2025-11-24T07:05:22.063-03:00  INFO 12640 --- [A3Back] [           main] A.p.A3Back.service.ScamRetrievalService  : Successfully retrieved 2 scam report(s) for company: KdgFhfAqn
2025-11-24T07:05:22.076-03:00  INFO 12640 --- [A3Back] [           main] A.p.A3Back.service.ScamRetrievalService  : Retrieving scam reports for company: PKxgdcYaIZ
2025-11-24T07:05:22.076-03:00  INFO 12640 --- [A3Back] [           main] A.p.A3Back.service.ScamRetrievalService  : Successfully retrieved 8 scam report(s) for company: PKxgdcYaIZ
2025-11-24T07:05:22.107-03:00  INFO 12640 --- [A3Back] [           main] A.p.A3Back.service.ScamRetrievalService  : Retrieving scam reports for company: UyednsDc
2025-11-24T07:05:22.107-03:00  INFO 12640 --- [A3Back] [           main] A.p.A3Back.service.ScamRetrievalService  : Successfully retrieved 6 scam report(s) for company: UyednsDc
2025-11-24T07:05:22.142-03:00  INFO 12640 --- [A3Back] [           main] A.p.A3Back.service.ScamRetrievalService  : Retrieving scam reports for company: VQgtk
2025-11-24T07:05:22.144-03:00  INFO 12640 --- [A3Back] [           main] A.p.A3Back.service.ScamRetrievalService  : Successfully retrieved 8 scam report(s) for company: VQgtk
2025-11-24T07:05:22.205-03:00  INFO 12640 --- [A3Back] [           main] A.p.A3Back.service.ScamRetrievalService  : Retrieving scam reports for company: AAA
2025-11-24T07:05:22.205-03:00  INFO 12640 --- [A3Back] [           main] A.p.A3Back.service.ScamRetrievalService  : Successfully retrieved 1 scam report(s) for company: AAA
2025-11-24T07:05:22.328-03:00  INFO 12640 --- [A3Back] [           main] A.p.A3Back.service.ScamRetrievalService  : Retrieving scam reports for company: BCxyetKJE
2025-11-24T07:05:22.328-03:00  INFO 12640 --- [A3Back] [           main] A.p.A3Back.service.ScamRetrievalService  : Successfully retrieved 10 scam report(s) for company: BCxyetKJE
2025-11-24T07:05:22.340-03:00  INFO 12640 --- [A3Back] [           main] A.p.A3Back.service.ScamRetrievalService  : Retrieving scam reports for company: AAA
2025-11-24T07:05:22.340-03:00  INFO 12640 --- [A3Back] [           main] A.p.A3Back.service.ScamRetrievalService  : Successfully retrieved 9 scam report(s) for company: AAA
2025-11-24T07:05:22.360-03:00  INFO 12640 --- [A3Back] [           main] A.p.A3Back.service.ScamRetrievalService  : Retrieving scam reports for company: UyFNVqiIwpPkKybFzLYkAaDfBLkgswzXdPPpjsqrBTZiXZuDvl
2025-11-24T07:05:22.362-03:00  INFO 12640 --- [A3Back] [           main] A.p.A3Back.service.ScamRetrievalService  : Successfully retrieved 2 scam report(s) for company: UyFNVqiIwpPkKybFzLYkAaDfBLkgswzXdPPpjsqrBTZiXZuDvl
2025-11-24T07:05:22.364-03:00  INFO 12640 --- [A3Back] [           main] A.p.A3Back.service.ScamRetrievalService  : Retrieving scam reports for company: ZZZ
2025-11-24T07:05:22.367-03:00  INFO 12640 --- [A3Back] [           main] A.p.A3Back.service.ScamRetrievalService  : Successfully retrieved 2 scam report(s) for company: ZZZ
2025-11-24T07:05:22.369-03:00  INFO 12640 --- [A3Back] [           main] A.p.A3Back.service.ScamRetrievalService  : Retrieving scam reports for company: FYxld
2025-11-24T07:05:22.369-03:00  INFO 12640 --- [A3Back] [           main] A.p.A3Back.service.ScamRetrievalService  : Successfully retrieved 1 scam report(s) for company: FYxld
2025-11-24T07:05:22.371-03:00  INFO 12640 --- [A3Back] [           main] A.p.A3Back.service.ScamRetrievalService  : Retrieving scam reports for company: DUJuYbx
2025-11-24T07:05:22.371-03:00  INFO 12640 --- [A3Back] [           main] A.p.A3Back.service.ScamRetrievalService  : Successfully retrieved 2 scam report(s) for company: DUJuYbx
2025-11-24T07:05:22.373-03:00  INFO 12640 --- [A3Back] [           main] A.p.A3Back.service.ScamRetrievalService  : Retrieving scam reports for company: WdLaNxfEOPQukYKlrMXpnxtnZIjNobHNuauHuSxOCFzY
2025-11-24T07:05:22.373-03:00  INFO 12640 --- [A3Back] [           main] A.p.A3Back.service.ScamRetrievalService  : Successfully retrieved 2 scam report(s) for company: WdLaNxfEOPQukYKlrMXpnxtnZIjNobHNuauHuSxOCFzY
2025-11-24T07:05:22.373-03:00  INFO 12640 --- [A3Back] [           main] A.p.A3Back.service.ScamRetrievalService  : Retrieving scam reports for company: gxHrsSJWkVG
2025-11-24T07:05:22.375-03:00  INFO 12640 --- [A3Back] [           main] A.p.A3Back.service.ScamRetrievalService  : Successfully retrieved 4 scam report(s) for company: gxHrsSJWkVG
2025-11-24T07:05:22.377-03:00  INFO 12640 --- [A3Back] [           main] A.p.A3Back.service.ScamRetrievalService  : Retrieving scam reports for company: vcepWJfoCERnb
2025-11-24T07:05:22.377-03:00  INFO 12640 --- [A3Back] [           main] A.p.A3Back.service.ScamRetrievalService  : Successfully retrieved 9 scam report(s) for company: vcepWJfoCERnb
2025-11-24T07:05:22.379-03:00  INFO 12640 --- [A3Back] [           main] A.p.A3Back.service.ScamRetrievalService  : Retrieving scam reports for company: vEsDcXURPVCBM
2025-11-24T07:05:22.379-03:00  INFO 12640 --- [A3Back] [           main] A.p.A3Back.service.ScamRetrievalService  : Successfully retrieved 5 scam report(s) for company: vEsDcXURPVCBM
2025-11-24T07:05:22.385-03:00  INFO 12640 --- [A3Back] [           main] A.p.A3Back.service.ScamRetrievalService  : Retrieving scam reports for company: ZfAwcEqtMr
2025-11-24T07:05:22.385-03:00  INFO 12640 --- [A3Back] [           main] A.p.A3Back.service.ScamRetrievalService  : Successfully retrieved 5 scam report(s) for company: ZfAwcEqtMr
2025-11-24T07:05:22.387-03:00  INFO 12640 --- [A3Back] [           main] A.p.A3Back.service.ScamRetrievalService  : Retrieving scam reports for company: ECEFJhK
2025-11-24T07:05:22.387-03:00  INFO 12640 --- [A3Back] [           main] A.p.A3Back.service.ScamRetrievalService  : Successfully retrieved 7 scam report(s) for company: ECEFJhK
2025-11-24T07:05:22.389-03:00  INFO 12640 --- [A3Back] [           main] A.p.A3Back.service.ScamRetrievalService  : Retrieving scam reports for company: ZZZ
2025-11-24T07:05:22.389-03:00  INFO 12640 --- [A3Back] [           main] A.p.A3Back.service.ScamRetrievalService  : Successfully retrieved 8 scam report(s) for company: ZZZ
2025-11-24T07:05:22.391-03:00  INFO 12640 --- [A3Back] [           main] A.p.A3Back.service.ScamRetrievalService  : Retrieving scam reports for company: OUV
2025-11-24T07:05:22.391-03:00  INFO 12640 --- [A3Back] [           main] A.p.A3Back.service.ScamRetrievalService  : Successfully retrieved 1 scam report(s) for company: OUV
2025-11-24T07:05:22.408-03:00  INFO 12640 --- [A3Back] [           main] A.p.A3Back.service.ScamRetrievalService  : Retrieving scam reports for company: wYepdoQKnbsI
2025-11-24T07:05:22.419-03:00  INFO 12640 --- [A3Back] [           main] A.p.A3Back.service.ScamRetrievalService  : Successfully retrieved 8 scam report(s) for company: wYepdoQKnbsI
2025-11-24T07:05:22.421-03:00  INFO 12640 --- [A3Back] [           main] A.p.A3Back.service.ScamRetrievalService  : Retrieving scam reports for company: NkHNdkFJS
2025-11-24T07:05:22.423-03:00  INFO 12640 --- [A3Back] [           main] A.p.A3Back.service.ScamRetrievalService  : Successfully retrieved 10 scam report(s) for company: NkHNdkFJS
2025-11-24T07:05:22.425-03:00  INFO 12640 --- [A3Back] [           main] A.p.A3Back.service.ScamRetrievalService  : Retrieving scam reports for company: EiBo
2025-11-24T07:05:22.425-03:00  INFO 12640 --- [A3Back] [           main] A.p.A3Back.service.ScamRetrievalService  : Successfully retrieved 3 scam report(s) for company: EiBo
2025-11-24T07:05:22.427-03:00  INFO 12640 --- [A3Back] [           main] A.p.A3Back.service.ScamRetrievalService  : Retrieving scam reports for company: Ens
2025-11-24T07:05:22.427-03:00  INFO 12640 --- [A3Back] [           main] A.p.A3Back.service.ScamRetrievalService  : Successfully retrieved 2 scam report(s) for company: Ens
2025-11-24T07:05:22.428-03:00  INFO 12640 --- [A3Back] [           main] A.p.A3Back.service.ScamRetrievalService  : Retrieving scam reports for company: OHd
2025-11-24T07:05:22.428-03:00  INFO 12640 --- [A3Back] [           main] A.p.A3Back.service.ScamRetrievalService  : Successfully retrieved 1 scam report(s) for company: OHd
2025-11-24T07:05:22.434-03:00  INFO 12640 --- [A3Back] [           main] A.p.A3Back.service.ScamRetrievalService  : Retrieving scam reports for company: kmKUqgDiK
2025-11-24T07:05:22.434-03:00  INFO 12640 --- [A3Back] [           main] A.p.A3Back.service.ScamRetrievalService  : Successfully retrieved 2 scam report(s) for company: kmKUqgDiK
2025-11-24T07:05:22.444-03:00  INFO 12640 --- [A3Back] [           main] A.p.A3Back.service.ScamRetrievalService  : Retrieving scam reports for company: wzbRRYjFUp
2025-11-24T07:05:22.444-03:00  INFO 12640 --- [A3Back] [           main] A.p.A3Back.service.ScamRetrievalService  : Successfully retrieved 1 scam report(s) for company: wzbRRYjFUp
2025-11-24T07:05:22.449-03:00  INFO 12640 --- [A3Back] [           main] A.p.A3Back.service.ScamRetrievalService  : Retrieving scam reports for company: SlpnYqmmCZCW
2025-11-24T07:05:22.449-03:00  INFO 12640 --- [A3Back] [           main] A.p.A3Back.service.ScamRetrievalService  : Successfully retrieved 2 scam report(s) for company: SlpnYqmmCZCW
2025-11-24T07:05:22.475-03:00  INFO 12640 --- [A3Back] [           main] A.p.A3Back.service.ScamRetrievalService  : Retrieving scam reports for company: cQQwoDobbiuRSyezIyUnSBHKdqlbIkcrkeoILstqGjYfABPDVs
2025-11-24T07:05:22.475-03:00  INFO 12640 --- [A3Back] [           main] A.p.A3Back.service.ScamRetrievalService  : Successfully retrieved 10 scam report(s) for company: cQQwoDobbiuRSyezIyUnSBHKdqlbIkcrkeoILstqGjYfABPDVs
2025-11-24T07:05:22.477-03:00  INFO 12640 --- [A3Back] [           main] A.p.A3Back.service.ScamRetrievalService  : Retrieving scam reports for company: UgHWEfFPkbXC
2025-11-24T07:05:22.477-03:00  INFO 12640 --- [A3Back] [           main] A.p.A3Back.service.ScamRetrievalService  : Successfully retrieved 1 scam report(s) for company: UgHWEfFPkbXC
2025-11-24T07:05:22.479-03:00  INFO 12640 --- [A3Back] [           main] A.p.A3Back.service.ScamRetrievalService  : Retrieving scam reports for company: ZZZ
2025-11-24T07:05:22.483-03:00  INFO 12640 --- [A3Back] [           main] A.p.A3Back.service.ScamRetrievalService  : Successfully retrieved 1 scam report(s) for company: ZZZ
2025-11-24T07:05:22.487-03:00  INFO 12640 --- [A3Back] [           main] A.p.A3Back.service.ScamRetrievalService  : Retrieving scam reports for company: DAa
2025-11-24T07:05:22.487-03:00  INFO 12640 --- [A3Back] [           main] A.p.A3Back.service.ScamRetrievalService  : Successfully retrieved 10 scam report(s) for company: DAa
2025-11-24T07:05:22.489-03:00  INFO 12640 --- [A3Back] [           main] A.p.A3Back.service.ScamRetrievalService  : Retrieving scam reports for company: vbVIuTB
2025-11-24T07:05:22.489-03:00  INFO 12640 --- [A3Back] [           main] A.p.A3Back.service.ScamRetrievalService  : Successfully retrieved 7 scam report(s) for company: vbVIuTB
2025-11-24T07:05:22.491-03:00  INFO 12640 --- [A3Back] [           main] A.p.A3Back.service.ScamRetrievalService  : Retrieving scam reports for company: uhxQpKZbWc
2025-11-24T07:05:22.491-03:00  INFO 12640 --- [A3Back] [           main] A.p.A3Back.service.ScamRetrievalService  : Successfully retrieved 3 scam report(s) for company: uhxQpKZbWc
2025-11-24T07:05:22.493-03:00  INFO 12640 --- [A3Back] [           main] A.p.A3Back.service.ScamRetrievalService  : Retrieving scam reports for company: Ncckvu
2025-11-24T07:05:22.493-03:00  INFO 12640 --- [A3Back] [           main] A.p.A3Back.service.ScamRetrievalService  : Successfully retrieved 5 scam report(s) for company: Ncckvu
2025-11-24T07:05:22.493-03:00  INFO 12640 --- [A3Back] [           main] A.p.A3Back.service.ScamRetrievalService  : Retrieving scam reports for company: YYOah
2025-11-24T07:05:22.506-03:00  INFO 12640 --- [A3Back] [           main] A.p.A3Back.service.ScamRetrievalService  : Successfully retrieved 5 scam report(s) for company: YYOah
2025-11-24T07:05:22.524-03:00  INFO 12640 --- [A3Back] [           main] A.p.A3Back.service.ScamRetrievalService  : Retrieving scam reports for company: tDAHjH
2025-11-24T07:05:22.524-03:00  INFO 12640 --- [A3Back] [           main] A.p.A3Back.service.ScamRetrievalService  : Successfully retrieved 8 scam report(s) for company: tDAHjH
2025-11-24T07:05:22.545-03:00  INFO 12640 --- [A3Back] [           main] A.p.A3Back.service.ScamRetrievalService  : Retrieving scam reports for company: hAPwVSoTedGTfPUkQHtQmOLHrhkFpPFI
2025-11-24T07:05:22.545-03:00  INFO 12640 --- [A3Back] [           main] A.p.A3Back.service.ScamRetrievalService  : Successfully retrieved 10 scam report(s) for company: hAPwVSoTedGTfPUkQHtQmOLHrhkFpPFI
2025-11-24T07:05:22.554-03:00  INFO 12640 --- [A3Back] [           main] A.p.A3Back.service.ScamRetrievalService  : Retrieving scam reports for company: ZZZ
2025-11-24T07:05:22.555-03:00  INFO 12640 --- [A3Back] [           main] A.p.A3Back.service.ScamRetrievalService  : Successfully retrieved 10 scam report(s) for company: ZZZ
2025-11-24T07:05:22.557-03:00  INFO 12640 --- [A3Back] [           main] A.p.A3Back.service.ScamRetrievalService  : Retrieving scam reports for company: vpDjW
2025-11-24T07:05:22.557-03:00  INFO 12640 --- [A3Back] [           main] A.p.A3Back.service.ScamRetrievalService  : Successfully retrieved 10 scam report(s) for company: vpDjW
2025-11-24T07:05:22.557-03:00  INFO 12640 --- [A3Back] [           main] A.p.A3Back.service.ScamRetrievalService  : Retrieving scam reports for company: EqLhXZk
2025-11-24T07:05:22.572-03:00  INFO 12640 --- [A3Back] [           main] A.p.A3Back.service.ScamRetrievalService  : Successfully retrieved 3 scam report(s) for company: EqLhXZk
2025-11-24T07:05:22.578-03:00  INFO 12640 --- [A3Back] [           main] A.p.A3Back.service.ScamRetrievalService  : Retrieving scam reports for company: ZZZ
2025-11-24T07:05:22.591-03:00  INFO 12640 --- [A3Back] [           main] A.p.A3Back.service.ScamRetrievalService  : Successfully retrieved 9 scam report(s) for company: ZZZ
2025-11-24T07:05:22.609-03:00  INFO 12640 --- [A3Back] [           main] A.p.A3Back.service.ScamRetrievalService  : Retrieving scam reports for company: ZZZ
2025-11-24T07:05:22.609-03:00  INFO 12640 --- [A3Back] [           main] A.p.A3Back.service.ScamRetrievalService  : Successfully retrieved 4 scam report(s) for company: ZZZ
2025-11-24T07:05:22.609-03:00  INFO 12640 --- [A3Back] [           main] A.p.A3Back.service.ScamRetrievalService  : Retrieving scam reports for company: mutJmPdPn
2025-11-24T07:05:22.612-03:00  INFO 12640 --- [A3Back] [           main] A.p.A3Back.service.ScamRetrievalService  : Successfully retrieved 8 scam report(s) for company: mutJmPdPn
2025-11-24T07:05:22.619-03:00  INFO 12640 --- [A3Back] [           main] A.p.A3Back.service.ScamRetrievalService  : Retrieving scam reports for company: VIQvQepUlBSrPlImKUOneXyhsYXkafiAztjfC
2025-11-24T07:05:22.619-03:00  INFO 12640 --- [A3Back] [           main] A.p.A3Back.service.ScamRetrievalService  : Successfully retrieved 7 scam report(s) for company: VIQvQepUlBSrPlImKUOneXyhsYXkafiAztjfC
2025-11-24T07:05:22.628-03:00  INFO 12640 --- [A3Back] [           main] A.p.A3Back.service.ScamRetrievalService  : Retrieving scam reports for company: NiZuCeRFOCMLT
2025-11-24T07:05:22.628-03:00  INFO 12640 --- [A3Back] [           main] A.p.A3Back.service.ScamRetrievalService  : Successfully retrieved 4 scam report(s) for company: NiZuCeRFOCMLT
2025-11-24T07:05:22.638-03:00  INFO 12640 --- [A3Back] [           main] A.p.A3Back.service.ScamRetrievalService  : Retrieving scam reports for company: aaa
2025-11-24T07:05:22.638-03:00  INFO 12640 --- [A3Back] [           main] A.p.A3Back.service.ScamRetrievalService  : Successfully retrieved 2 scam report(s) for company: aaa
2025-11-24T07:05:22.643-03:00  INFO 12640 --- [A3Back] [           main] A.p.A3Back.service.ScamRetrievalService  : Retrieving scam reports for company: EpuSLZpP
2025-11-24T07:05:22.643-03:00  INFO 12640 --- [A3Back] [           main] A.p.A3Back.service.ScamRetrievalService  : Successfully retrieved 3 scam report(s) for company: EpuSLZpP
2025-11-24T07:05:22.651-03:00  INFO 12640 --- [A3Back] [           main] A.p.A3Back.service.ScamRetrievalService  : Retrieving scam reports for company: WUXc
2025-11-24T07:05:22.651-03:00  INFO 12640 --- [A3Back] [           main] A.p.A3Back.service.ScamRetrievalService  : Successfully retrieved 5 scam report(s) for company: WUXc
2025-11-24T07:05:22.679-03:00  INFO 12640 --- [A3Back] [           main] A.p.A3Back.service.ScamRetrievalService  : Retrieving scam reports for company: urKCiqx
2025-11-24T07:05:22.681-03:00  INFO 12640 --- [A3Back] [           main] A.p.A3Back.service.ScamRetrievalService  : Successfully retrieved 4 scam report(s) for company: urKCiqx
2025-11-24T07:05:22.688-03:00  INFO 12640 --- [A3Back] [           main] A.p.A3Back.service.ScamRetrievalService  : Retrieving scam reports for company: kIzGFYmyUcNkx
2025-11-24T07:05:22.688-03:00  INFO 12640 --- [A3Back] [           main] A.p.A3Back.service.ScamRetrievalService  : Successfully retrieved 7 scam report(s) for company: kIzGFYmyUcNkx
2025-11-24T07:05:22.690-03:00  INFO 12640 --- [A3Back] [           main] A.p.A3Back.service.ScamRetrievalService  : Retrieving scam reports for company: aaa
2025-11-24T07:05:22.690-03:00  INFO 12640 --- [A3Back] [           main] A.p.A3Back.service.ScamRetrievalService  : Successfully retrieved 1 scam report(s) for company: aaa
2025-11-24T07:05:22.692-03:00  INFO 12640 --- [A3Back] [           main] A.p.A3Back.service.ScamRetrievalService  : Retrieving scam reports for company: yilidsbZfnbynayhn
2025-11-24T07:05:22.692-03:00  INFO 12640 --- [A3Back] [           main] A.p.A3Back.service.ScamRetrievalService  : Successfully retrieved 8 scam report(s) for company: yilidsbZfnbynayhn
2025-11-24T07:05:22.694-03:00  INFO 12640 --- [A3Back] [           main] A.p.A3Back.service.ScamRetrievalService  : Retrieving scam reports for company: KYiYSJLm
2025-11-24T07:05:22.694-03:00  INFO 12640 --- [A3Back] [           main] A.p.A3Back.service.ScamRetrievalService  : Successfully retrieved 5 scam report(s) for company: KYiYSJLm
2025-11-24T07:05:22.706-03:00  INFO 12640 --- [A3Back] [           main] A.p.A3Back.service.ScamRetrievalService  : Retrieving scam reports for company: XuDzV
2025-11-24T07:05:22.706-03:00  INFO 12640 --- [A3Back] [           main] A.p.A3Back.service.ScamRetrievalService  : Successfully retrieved 7 scam report(s) for company: XuDzV
2025-11-24T07:05:22.709-03:00  INFO 12640 --- [A3Back] [           main] A.p.A3Back.service.ScamRetrievalService  : Retrieving scam reports for company: AAA
2025-11-24T07:05:22.709-03:00  INFO 12640 --- [A3Back] [           main] A.p.A3Back.service.ScamRetrievalService  : Successfully retrieved 5 scam report(s) for company: AAA
2025-11-24T07:05:22.711-03:00  INFO 12640 --- [A3Back] [           main] A.p.A3Back.service.ScamRetrievalService  : Retrieving scam reports for company: aaa
2025-11-24T07:05:22.711-03:00  INFO 12640 --- [A3Back] [           main] A.p.A3Back.service.ScamRetrievalService  : Successfully retrieved 10 scam report(s) for company: aaa
2025-11-24T07:05:22.713-03:00  INFO 12640 --- [A3Back] [           main] A.p.A3Back.service.ScamRetrievalService  : Retrieving scam reports for company: bRjSWZGMRYIn
2025-11-24T07:05:22.720-03:00  INFO 12640 --- [A3Back] [           main] A.p.A3Back.service.ScamRetrievalService  : Successfully retrieved 8 scam report(s) for company: bRjSWZGMRYIn
2025-11-24T07:05:22.724-03:00  INFO 12640 --- [A3Back] [           main] A.p.A3Back.service.ScamRetrievalService  : Retrieving scam reports for company: TMGhLBbLVbb
2025-11-24T07:05:22.724-03:00  INFO 12640 --- [A3Back] [           main] A.p.A3Back.service.ScamRetrievalService  : Successfully retrieved 7 scam report(s) for company: TMGhLBbLVbb
2025-11-24T07:05:22.726-03:00  INFO 12640 --- [A3Back] [           main] A.p.A3Back.service.ScamRetrievalService  : Retrieving scam reports for company: Bvzlzc
2025-11-24T07:05:22.726-03:00  INFO 12640 --- [A3Back] [           main] A.p.A3Back.service.ScamRetrievalService  : Successfully retrieved 5 scam report(s) for company: Bvzlzc
2025-11-24T07:05:22.730-03:00  INFO 12640 --- [A3Back] [           main] A.p.A3Back.service.ScamRetrievalService  : Retrieving scam reports for company: ROJz
2025-11-24T07:05:22.730-03:00  INFO 12640 --- [A3Back] [           main] A.p.A3Back.service.ScamRetrievalService  : Successfully retrieved 6 scam report(s) for company: ROJz
2025-11-24T07:05:22.738-03:00  INFO 12640 --- [A3Back] [           main] A.p.A3Back.service.ScamRetrievalService  : Retrieving scam reports for company: aaa
2025-11-24T07:05:22.740-03:00  INFO 12640 --- [A3Back] [           main] A.p.A3Back.service.ScamRetrievalService  : Successfully retrieved 9 scam report(s) for company: aaa
2025-11-24T07:05:22.742-03:00  INFO 12640 --- [A3Back] [           main] A.p.A3Back.service.ScamRetrievalService  : Retrieving scam reports for company: XRRAwN
2025-11-24T07:05:22.742-03:00  INFO 12640 --- [A3Back] [           main] A.p.A3Back.service.ScamRetrievalService  : Successfully retrieved 9 scam report(s) for company: XRRAwN
2025-11-24T07:05:22.793-03:00  INFO 12640 --- [A3Back] [           main] A.p.A3Back.service.ScamRetrievalService  : Retrieving scam reports for company: SBSGqeMvnrxW
2025-11-24T07:05:22.793-03:00  INFO 12640 --- [A3Back] [           main] A.p.A3Back.service.ScamRetrievalService  : Successfully retrieved 6 scam report(s) for company: SBSGqeMvnrxW
2025-11-24T07:05:22.825-03:00  INFO 12640 --- [A3Back] [           main] A.p.A3Back.service.ScamRetrievalService  : Retrieving scam reports for company: fRoJgsCa
2025-11-24T07:05:22.825-03:00  INFO 12640 --- [A3Back] [           main] A.p.A3Back.service.ScamRetrievalService  : Successfully retrieved 6 scam report(s) for company: fRoJgsCa
2025-11-24T07:05:22.827-03:00  INFO 12640 --- [A3Back] [           main] A.p.A3Back.service.ScamRetrievalService  : Retrieving scam reports for company: uWrWjaqma
2025-11-24T07:05:22.827-03:00  INFO 12640 --- [A3Back] [           main] A.p.A3Back.service.ScamRetrievalService  : Successfully retrieved 4 scam report(s) for company: uWrWjaqma
2025-11-24T07:05:22.840-03:00  INFO 12640 --- [A3Back] [           main] A.p.A3Back.service.ScamRetrievalService  : Retrieving scam reports for company: bJWGFjC
2025-11-24T07:05:22.841-03:00  INFO 12640 --- [A3Back] [           main] A.p.A3Back.service.ScamRetrievalService  : Successfully retrieved 3 scam report(s) for company: bJWGFjC
2025-11-24T07:05:22.843-03:00  INFO 12640 --- [A3Back] [           main] A.p.A3Back.service.ScamRetrievalService  : Retrieving scam reports for company: DEBYdkpSnjdM
2025-11-24T07:05:22.843-03:00  INFO 12640 --- [A3Back] [           main] A.p.A3Back.service.ScamRetrievalService  : Successfully retrieved 2 scam report(s) for company: DEBYdkpSnjdM
2025-11-24T07:05:22.843-03:00  INFO 12640 --- [A3Back] [           main] A.p.A3Back.service.ScamRetrievalService  : Retrieving scam reports for company: AiVvXcgjkkcO
2025-11-24T07:05:22.845-03:00  INFO 12640 --- [A3Back] [           main] A.p.A3Back.service.ScamRetrievalService  : Successfully retrieved 9 scam report(s) for company: AiVvXcgjkkcO
2025-11-24T07:05:22.847-03:00  INFO 12640 --- [A3Back] [           main] A.p.A3Back.service.ScamRetrievalService  : Retrieving scam reports for company: RxFnEZYgdzgdX
2025-11-24T07:05:22.855-03:00  INFO 12640 --- [A3Back] [           main] A.p.A3Back.service.ScamRetrievalService  : Successfully retrieved 3 scam report(s) for company: RxFnEZYgdzgdX
2025-11-24T07:05:22.857-03:00  INFO 12640 --- [A3Back] [           main] A.p.A3Back.service.ScamRetrievalService  : Retrieving scam reports for company: zzz
2025-11-24T07:05:22.857-03:00  INFO 12640 --- [A3Back] [           main] A.p.A3Back.service.ScamRetrievalService  : Successfully retrieved 5 scam report(s) for company: zzz
2025-11-24T07:05:22.857-03:00  INFO 12640 --- [A3Back] [           main] A.p.A3Back.service.ScamRetrievalService  : Retrieving scam reports for company: JUuOsOUWcQYcPVLKgCHNovXoHwVpkYqrkWVBorUIQkv
2025-11-24T07:05:22.859-03:00  INFO 12640 --- [A3Back] [           main] A.p.A3Back.service.ScamRetrievalService  : Successfully retrieved 2 scam report(s) for company: JUuOsOUWcQYcPVLKgCHNovXoHwVpkYqrkWVBorUIQkv
2025-11-24T07:05:22.859-03:00  INFO 12640 --- [A3Back] [           main] A.p.A3Back.service.ScamRetrievalService  : Retrieving scam reports for company: WmqLhGP
2025-11-24T07:05:22.859-03:00  INFO 12640 --- [A3Back] [           main] A.p.A3Back.service.ScamRetrievalService  : Successfully retrieved 6 scam report(s) for company: WmqLhGP
2025-11-24T07:05:22.861-03:00  INFO 12640 --- [A3Back] [           main] A.p.A3Back.service.ScamRetrievalService  : Retrieving scam reports for company: eBmsacwflg
2025-11-24T07:05:22.863-03:00  INFO 12640 --- [A3Back] [           main] A.p.A3Back.service.ScamRetrievalService  : Successfully retrieved 5 scam report(s) for company: eBmsacwflg
2025-11-24T07:05:23.170-03:00  INFO 12640 --- [A3Back] [           main] A.p.A3Back.service.ScamRetrievalService  : Retrieving scam reports for company: KpTstrzxoCEinhoVOxCHrJFhFaqxNRuFHDTUJZgvihnZl
2025-11-24T07:05:23.170-03:00  INFO 12640 --- [A3Back] [           main] A.p.A3Back.service.ScamRetrievalService  : Successfully retrieved 10 scam report(s) for company: KpTstrzxoCEinhoVOxCHrJFhFaqxNRuFHDTUJZgvihnZl
2025-11-24T07:05:23.173-03:00  INFO 12640 --- [A3Back] [           main] A.p.A3Back.service.ScamRetrievalService  : Retrieving scam reports for company: DhgXpQGEnZqBI
2025-11-24T07:05:23.173-03:00  INFO 12640 --- [A3Back] [           main] A.p.A3Back.service.ScamRetrievalService  : Successfully retrieved 4 scam report(s) for company: DhgXpQGEnZqBI
2025-11-24T07:05:23.302-03:00  INFO 12640 --- [A3Back] [           main] A.p.A3Back.service.ScamRetrievalService  : Retrieving scam reports for company: zzz
2025-11-24T07:05:23.302-03:00  INFO 12640 --- [A3Back] [           main] A.p.A3Back.service.ScamRetrievalService  : Successfully retrieved 2 scam report(s) for company: zzz
2025-11-24T07:05:23.304-03:00  INFO 12640 --- [A3Back] [           main] A.p.A3Back.service.ScamRetrievalService  : Retrieving scam reports for company: mIgrPd
2025-11-24T07:05:23.304-03:00  INFO 12640 --- [A3Back] [           main] A.p.A3Back.service.ScamRetrievalService  : Successfully retrieved 1 scam report(s) for company: mIgrPd
2025-11-24T07:05:23.342-03:00  INFO 12640 --- [A3Back] [           main] A.p.A3Back.service.ScamRetrievalService  : Retrieving scam reports for company: bbDMOHf
2025-11-24T07:05:23.342-03:00  INFO 12640 --- [A3Back] [           main] A.p.A3Back.service.ScamRetrievalService  : Successfully retrieved 1 scam report(s) for company: bbDMOHf
2025-11-24T07:05:23.344-03:00  INFO 12640 --- [A3Back] [           main] A.p.A3Back.service.ScamRetrievalService  : Retrieving scam reports for company: wedpDOTC
2025-11-24T07:05:23.344-03:00  INFO 12640 --- [A3Back] [           main] A.p.A3Back.service.ScamRetrievalService  : Successfully retrieved 8 scam report(s) for company: wedpDOTC
2025-11-24T07:05:23.353-03:00  INFO 12640 --- [A3Back] [           main] A.p.A3Back.service.ScamRetrievalService  : Retrieving scam reports for company: XAFKotrxRhuJ
2025-11-24T07:05:23.353-03:00  INFO 12640 --- [A3Back] [           main] A.p.A3Back.service.ScamRetrievalService  : Successfully retrieved 7 scam report(s) for company: XAFKotrxRhuJ
2025-11-24T07:05:23.355-03:00  INFO 12640 --- [A3Back] [           main] A.p.A3Back.service.ScamRetrievalService  : Retrieving scam reports for company: pvafeYRnQgic
2025-11-24T07:05:23.355-03:00  INFO 12640 --- [A3Back] [           main] A.p.A3Back.service.ScamRetrievalService  : Successfully retrieved 2 scam report(s) for company: pvafeYRnQgic
2025-11-24T07:05:23.355-03:00  INFO 12640 --- [A3Back] [           main] A.p.A3Back.service.ScamRetrievalService  : Retrieving scam reports for company: DWAvmhjjsDrzJ
2025-11-24T07:05:23.355-03:00  INFO 12640 --- [A3Back] [           main] A.p.A3Back.service.ScamRetrievalService  : Successfully retrieved 1 scam report(s) for company: DWAvmhjjsDrzJ
2025-11-24T07:05:23.369-03:00  INFO 12640 --- [A3Back] [           main] A.p.A3Back.service.ScamRetrievalService  : Retrieving scam reports for company: dbindDrohz
2025-11-24T07:05:23.369-03:00  INFO 12640 --- [A3Back] [           main] A.p.A3Back.service.ScamRetrievalService  : Successfully retrieved 1 scam report(s) for company: dbindDrohz
2025-11-24T07:05:23.375-03:00  INFO 12640 --- [A3Back] [           main] A.p.A3Back.service.ScamRetrievalService  : Retrieving scam reports for company: RAzPpDjqMLa
2025-11-24T07:05:23.375-03:00  INFO 12640 --- [A3Back] [           main] A.p.A3Back.service.ScamRetrievalService  : Successfully retrieved 2 scam report(s) for company: RAzPpDjqMLa
2025-11-24T07:05:23.375-03:00  INFO 12640 --- [A3Back] [           main] A.p.A3Back.service.ScamRetrievalService  : Retrieving scam reports for company: zzz
2025-11-24T07:05:23.375-03:00  INFO 12640 --- [A3Back] [           main] A.p.A3Back.service.ScamRetrievalService  : Successfully retrieved 1 scam report(s) for company: zzz
2025-11-24T07:05:23.377-03:00  INFO 12640 --- [A3Back] [           main] A.p.A3Back.service.ScamRetrievalService  : Retrieving scam reports for company: PKUkQOm
2025-11-24T07:05:23.377-03:00  INFO 12640 --- [A3Back] [           main] A.p.A3Back.service.ScamRetrievalService  : Successfully retrieved 1 scam report(s) for company: PKUkQOm
2025-11-24T07:05:23.379-03:00  INFO 12640 --- [A3Back] [           main] A.p.A3Back.service.ScamRetrievalService  : Retrieving scam reports for company: mleB
2025-11-24T07:05:23.379-03:00  INFO 12640 --- [A3Back] [           main] A.p.A3Back.service.ScamRetrievalService  : Successfully retrieved 9 scam report(s) for company: mleB
2025-11-24T07:05:23.398-03:00  INFO 12640 --- [A3Back] [           main] A.p.A3Back.service.ScamRetrievalService  : Retrieving scam reports for company: zzz
2025-11-24T07:05:23.398-03:00  INFO 12640 --- [A3Back] [           main] A.p.A3Back.service.ScamRetrievalService  : Successfully retrieved 10 scam report(s) for company: zzz
2025-11-24T07:05:23.406-03:00  INFO 12640 --- [A3Back] [           main] A.p.A3Back.service.ScamRetrievalService  : Retrieving scam reports for company: zzz
2025-11-24T07:05:23.406-03:00  INFO 12640 --- [A3Back] [           main] A.p.A3Back.service.ScamRetrievalService  : Successfully retrieved 9 scam report(s) for company: zzz
2025-11-24T07:05:23.408-03:00  INFO 12640 --- [A3Back] [           main] A.p.A3Back.service.ScamRetrievalService  : Retrieving scam reports for company: WTI
2025-11-24T07:05:23.408-03:00  INFO 12640 --- [A3Back] [           main] A.p.A3Back.service.ScamRetrievalService  : Successfully retrieved 9 scam report(s) for company: WTI
2025-11-24T07:05:23.410-03:00  INFO 12640 --- [A3Back] [           main] A.p.A3Back.service.ScamRetrievalService  : Retrieving scam reports for company: NRSputmOmVPJ
2025-11-24T07:05:23.410-03:00  INFO 12640 --- [A3Back] [           main] A.p.A3Back.service.ScamRetrievalService  : Successfully retrieved 9 scam report(s) for company: NRSputmOmVPJ
2025-11-24T07:05:23.415-03:00  INFO 12640 --- [A3Back] [           main] A.p.A3Back.service.ScamRetrievalService  : Retrieving scam reports for company: NuXDJOGLC
2025-11-24T07:05:23.415-03:00  INFO 12640 --- [A3Back] [           main] A.p.A3Back.service.ScamRetrievalService  : Successfully retrieved 2 scam report(s) for company: NuXDJOGLC
timestamp = 2025-11-24T07:05:23.427296800, ScamRetrievalServicePropertyTest:cpfShouldBeExcludedFromGolpeDTO = 
                              |-----------------------jqwik-----------------------
tries = 100                   | # of calls to property
checks = 100                  | # of not rejected calls
generation = RANDOMIZED       | parameters are randomly generated
after-failure = SAMPLE_FIRST  | try previously failed sample, then previous seed
when-fixed-seed = ALLOW       | fixing the random seed is allowed
edge-cases#mode = MIXIN       | edge cases are mixed in
edge-cases#total = 16         | # of all combined edge cases
edge-cases#tried = 16         | # of edge cases tried in current run
seed = 4208545720803255129    | random seed to reproduce generated values


]]></system-out>
  </testcase>
  <testcase name="caseInsensitiveMatchingShouldWork" classname="ScamRetrievalServicePropertyTest" time="0.885">
    <system-out><![CDATA[2025-11-24T07:05:23.587-03:00  INFO 12640 --- [A3Back] [           main] A.p.A3Back.service.ScamRetrievalService  : Retrieving scam reports for company: VUCYBGBOAR
2025-11-24T07:05:23.587-03:00  INFO 12640 --- [A3Back] [           main] A.p.A3Back.service.ScamRetrievalService  : Successfully retrieved 1 scam report(s) for company: VUCYBGBOAR
2025-11-24T07:05:23.587-03:00  INFO 12640 --- [A3Back] [           main] A.p.A3Back.service.ScamRetrievalService  : Retrieving scam reports for company: vucybgboar
2025-11-24T07:05:23.589-03:00  INFO 12640 --- [A3Back] [           main] A.p.A3Back.service.ScamRetrievalService  : Successfully retrieved 1 scam report(s) for company: vucybgboar
2025-11-24T07:05:23.591-03:00  INFO 12640 --- [A3Back] [           main] A.p.A3Back.service.ScamRetrievalService  : Retrieving scam reports for company: GMJGJEDCACZHQCOVMOXKDX
2025-11-24T07:05:23.591-03:00  INFO 12640 --- [A3Back] [           main] A.p.A3Back.service.ScamRetrievalService  : Successfully retrieved 5 scam report(s) for company: GMJGJEDCACZHQCOVMOXKDX
2025-11-24T07:05:23.591-03:00  INFO 12640 --- [A3Back] [           main] A.p.A3Back.service.ScamRetrievalService  : Retrieving scam reports for company: gmjgjedcaczhqcovmoxkdx
2025-11-24T07:05:23.593-03:00  INFO 12640 --- [A3Back] [           main] A.p.A3Back.service.ScamRetrievalService  : Successfully retrieved 5 scam report(s) for company: gmjgjedcaczhqcovmoxkdx
2025-11-24T07:05:23.593-03:00  INFO 12640 --- [A3Back] [           main] A.p.A3Back.service.ScamRetrievalService  : Retrieving scam reports for company: AAA
2025-11-24T07:05:23.593-03:00  INFO 12640 --- [A3Back] [           main] A.p.A3Back.service.ScamRetrievalService  : Successfully retrieved 2 scam report(s) for company: AAA
2025-11-24T07:05:23.593-03:00  INFO 12640 --- [A3Back] [           main] A.p.A3Back.service.ScamRetrievalService  : Retrieving scam reports for company: aaa
2025-11-24T07:05:23.593-03:00  INFO 12640 --- [A3Back] [           main] A.p.A3Back.service.ScamRetrievalService  : Successfully retrieved 2 scam report(s) for company: aaa
2025-11-24T07:05:23.603-03:00  INFO 12640 --- [A3Back] [           main] A.p.A3Back.service.ScamRetrievalService  : Retrieving scam reports for company: LOFLWLSWDMBJJOBNYXZUZTOMFJQUQV
2025-11-24T07:05:23.603-03:00  INFO 12640 --- [A3Back] [           main] A.p.A3Back.service.ScamRetrievalService  : Successfully retrieved 4 scam report(s) for company: LOFLWLSWDMBJJOBNYXZUZTOMFJQUQV
2025-11-24T07:05:23.603-03:00  INFO 12640 --- [A3Back] [           main] A.p.A3Back.service.ScamRetrievalService  : Retrieving scam reports for company: loflwlswdmbjjobnyxzuztomfjquqv
2025-11-24T07:05:23.603-03:00  INFO 12640 --- [A3Back] [           main] A.p.A3Back.service.ScamRetrievalService  : Successfully retrieved 4 scam report(s) for company: loflwlswdmbjjobnyxzuztomfjquqv
2025-11-24T07:05:23.604-03:00  INFO 12640 --- [A3Back] [           main] A.p.A3Back.service.ScamRetrievalService  : Retrieving scam reports for company: RBAKNSGGCGDJ
2025-11-24T07:05:23.604-03:00  INFO 12640 --- [A3Back] [           main] A.p.A3Back.service.ScamRetrievalService  : Successfully retrieved 5 scam report(s) for company: RBAKNSGGCGDJ
2025-11-24T07:05:23.604-03:00  INFO 12640 --- [A3Back] [           main] A.p.A3Back.service.ScamRetrievalService  : Retrieving scam reports for company: rbaknsggcgdj
2025-11-24T07:05:23.604-03:00  INFO 12640 --- [A3Back] [           main] A.p.A3Back.service.ScamRetrievalService  : Successfully retrieved 5 scam report(s) for company: rbaknsggcgdj
2025-11-24T07:05:23.606-03:00  INFO 12640 --- [A3Back] [           main] A.p.A3Back.service.ScamRetrievalService  : Retrieving scam reports for company: LYYYXNRODBGIZ
2025-11-24T07:05:23.606-03:00  INFO 12640 --- [A3Back] [           main] A.p.A3Back.service.ScamRetrievalService  : Successfully retrieved 3 scam report(s) for company: LYYYXNRODBGIZ
2025-11-24T07:05:23.606-03:00  INFO 12640 --- [A3Back] [           main] A.p.A3Back.service.ScamRetrievalService  : Retrieving scam reports for company: lyyyxnrodbgiz
2025-11-24T07:05:23.606-03:00  INFO 12640 --- [A3Back] [           main] A.p.A3Back.service.ScamRetrievalService  : Successfully retrieved 3 scam report(s) for company: lyyyxnrodbgiz
2025-11-24T07:05:23.608-03:00  INFO 12640 --- [A3Back] [           main] A.p.A3Back.service.ScamRetrievalService  : Retrieving scam reports for company: ZNGUCJO
2025-11-24T07:05:23.608-03:00  INFO 12640 --- [A3Back] [           main] A.p.A3Back.service.ScamRetrievalService  : Successfully retrieved 5 scam report(s) for company: ZNGUCJO
2025-11-24T07:05:23.608-03:00  INFO 12640 --- [A3Back] [           main] A.p.A3Back.service.ScamRetrievalService  : Retrieving scam reports for company: zngucjo
2025-11-24T07:05:23.608-03:00  INFO 12640 --- [A3Back] [           main] A.p.A3Back.service.ScamRetrievalService  : Successfully retrieved 5 scam report(s) for company: zngucjo
2025-11-24T07:05:23.608-03:00  INFO 12640 --- [A3Back] [           main] A.p.A3Back.service.ScamRetrievalService  : Retrieving scam reports for company: QOLYFOVSCC
2025-11-24T07:05:23.608-03:00  INFO 12640 --- [A3Back] [           main] A.p.A3Back.service.ScamRetrievalService  : Successfully retrieved 1 scam report(s) for company: QOLYFOVSCC
2025-11-24T07:05:23.608-03:00  INFO 12640 --- [A3Back] [           main] A.p.A3Back.service.ScamRetrievalService  : Retrieving scam reports for company: qolyfovscc
2025-11-24T07:05:23.608-03:00  INFO 12640 --- [A3Back] [           main] A.p.A3Back.service.ScamRetrievalService  : Successfully retrieved 1 scam report(s) for company: qolyfovscc
2025-11-24T07:05:23.611-03:00  INFO 12640 --- [A3Back] [           main] A.p.A3Back.service.ScamRetrievalService  : Retrieving scam reports for company: GFPKXLHGYQWLOK
2025-11-24T07:05:23.627-03:00  INFO 12640 --- [A3Back] [           main] A.p.A3Back.service.ScamRetrievalService  : Successfully retrieved 4 scam report(s) for company: GFPKXLHGYQWLOK
2025-11-24T07:05:23.627-03:00  INFO 12640 --- [A3Back] [           main] A.p.A3Back.service.ScamRetrievalService  : Retrieving scam reports for company: gfpkxlhgyqwlok
2025-11-24T07:05:23.627-03:00  INFO 12640 --- [A3Back] [           main] A.p.A3Back.service.ScamRetrievalService  : Successfully retrieved 4 scam report(s) for company: gfpkxlhgyqwlok
2025-11-24T07:05:23.633-03:00  INFO 12640 --- [A3Back] [           main] A.p.A3Back.service.ScamRetrievalService  : Retrieving scam reports for company: ROMBPWWCGMDRE
2025-11-24T07:05:23.633-03:00  INFO 12640 --- [A3Back] [           main] A.p.A3Back.service.ScamRetrievalService  : Successfully retrieved 4 scam report(s) for company: ROMBPWWCGMDRE
2025-11-24T07:05:23.633-03:00  INFO 12640 --- [A3Back] [           main] A.p.A3Back.service.ScamRetrievalService  : Retrieving scam reports for company: rombpwwcgmdre
2025-11-24T07:05:23.633-03:00  INFO 12640 --- [A3Back] [           main] A.p.A3Back.service.ScamRetrievalService  : Successfully retrieved 4 scam report(s) for company: rombpwwcgmdre
2025-11-24T07:05:23.643-03:00  INFO 12640 --- [A3Back] [           main] A.p.A3Back.service.ScamRetrievalService  : Retrieving scam reports for company: QZVKXLI
2025-11-24T07:05:23.643-03:00  INFO 12640 --- [A3Back] [           main] A.p.A3Back.service.ScamRetrievalService  : Successfully retrieved 5 scam report(s) for company: QZVKXLI
2025-11-24T07:05:23.643-03:00  INFO 12640 --- [A3Back] [           main] A.p.A3Back.service.ScamRetrievalService  : Retrieving scam reports for company: qzvkxli
2025-11-24T07:05:23.643-03:00  INFO 12640 --- [A3Back] [           main] A.p.A3Back.service.ScamRetrievalService  : Successfully retrieved 5 scam report(s) for company: qzvkxli
2025-11-24T07:05:23.645-03:00  INFO 12640 --- [A3Back] [           main] A.p.A3Back.service.ScamRetrievalService  : Retrieving scam reports for company: ZZZ
2025-11-24T07:05:23.645-03:00  INFO 12640 --- [A3Back] [           main] A.p.A3Back.service.ScamRetrievalService  : Successfully retrieved 4 scam report(s) for company: ZZZ
2025-11-24T07:05:23.653-03:00  INFO 12640 --- [A3Back] [           main] A.p.A3Back.service.ScamRetrievalService  : Retrieving scam reports for company: zzz
2025-11-24T07:05:23.653-03:00  INFO 12640 --- [A3Back] [           main] A.p.A3Back.service.ScamRetrievalService  : Successfully retrieved 4 scam report(s) for company: zzz
[...]
2025-11-24T07:05:27.337-03:00  INFO 12640 --- [A3Back] [           main] A.p.A3Back.service.ScamRetrievalService  : Successfully retrieved 5 scam report(s) for company: Bws
2025-11-24T07:05:27.339-03:00  INFO 12640 --- [A3Back] [           main] A.p.A3Back.service.ScamRetrievalService  : Retrieving scam reports for company: odGKCpgORtIhenXtPEAJJMogursxaosgXtdFecyxCaIHFL
2025-11-24T07:05:27.339-03:00  INFO 12640 --- [A3Back] [           main] A.p.A3Back.service.ScamRetrievalService  : Successfully retrieved 4 scam report(s) for company: odGKCpgORtIhenXtPEAJJMogursxaosgXtdFecyxCaIHFL
2025-11-24T07:05:27.341-03:00  INFO 12640 --- [A3Back] [           main] A.p.A3Back.service.ScamRetrievalService  : Retrieving scam reports for company: iEnCKlq
2025-11-24T07:05:27.349-03:00  INFO 12640 --- [A3Back] [           main] A.p.A3Back.service.ScamRetrievalService  : Successfully retrieved 6 scam report(s) for company: iEnCKlq
2025-11-24T07:05:27.349-03:00  INFO 12640 --- [A3Back] [           main] A.p.A3Back.service.ScamRetrievalService  : Retrieving scam reports for company: sRwcKbEHpciHT
2025-11-24T07:05:27.349-03:00  INFO 12640 --- [A3Back] [           main] A.p.A3Back.service.ScamRetrievalService  : Successfully retrieved 6 scam report(s) for company: sRwcKbEHpciHT
2025-11-24T07:05:27.351-03:00  INFO 12640 --- [A3Back] [           main] A.p.A3Back.service.ScamRetrievalService  : Retrieving scam reports for company: VENRejZTNY
2025-11-24T07:05:27.351-03:00  INFO 12640 --- [A3Back] [           main] A.p.A3Back.service.ScamRetrievalService  : Successfully retrieved 1 scam report(s) for company: VENRejZTNY
2025-11-24T07:05:27.353-03:00  INFO 12640 --- [A3Back] [           main] A.p.A3Back.service.ScamRetrievalService  : Retrieving scam reports for company: cLKaJJRp
2025-11-24T07:05:27.353-03:00  INFO 12640 --- [A3Back] [           main] A.p.A3Back.service.ScamRetrievalService  : Successfully retrieved 7 scam report(s) for company: cLKaJJRp
2025-11-24T07:05:27.353-03:00  INFO 12640 --- [A3Back] [           main] A.p.A3Back.service.ScamRetrievalService  : Retrieving scam reports for company: JMdLhB
2025-11-24T07:05:27.353-03:00  INFO 12640 --- [A3Back] [           main] A.p.A3Back.service.ScamRetrievalService  : Successfully retrieved 4 scam report(s) for company: JMdLhB
2025-11-24T07:05:27.353-03:00  INFO 12640 --- [A3Back] [           main] A.p.A3Back.service.ScamRetrievalService  : Retrieving scam reports for company: prrre
2025-11-24T07:05:27.355-03:00  INFO 12640 --- [A3Back] [           main] A.p.A3Back.service.ScamRetrievalService  : Successfully retrieved 6 scam report(s) for company: prrre
2025-11-24T07:05:27.355-03:00  INFO 12640 --- [A3Back] [           main] A.p.A3Back.service.ScamRetrievalService  : Retrieving scam reports for company: ouzEOjR
2025-11-24T07:05:27.355-03:00  INFO 12640 --- [A3Back] [           main] A.p.A3Back.service.ScamRetrievalService  : Successfully retrieved 3 scam report(s) for company: ouzEOjR
2025-11-24T07:05:27.357-03:00  INFO 12640 --- [A3Back] [           main] A.p.A3Back.service.ScamRetrievalService  : Retrieving scam reports for company: vmMIPaaImFhKjXR
2025-11-24T07:05:27.357-03:00  INFO 12640 --- [A3Back] [           main] A.p.A3Back.service.ScamRetrievalService  : Successfully retrieved 7 scam report(s) for company: vmMIPaaImFhKjXR
2025-11-24T07:05:27.366-03:00  INFO 12640 --- [A3Back] [           main] A.p.A3Back.service.ScamRetrievalService  : Retrieving scam reports for company: wWZLFNubvGbGWtDaiiHgGGjxEsNiGwXZoVtybCAstgkMlVaZpy
2025-11-24T07:05:27.366-03:00  INFO 12640 --- [A3Back] [           main] A.p.A3Back.service.ScamRetrievalService  : Successfully retrieved 8 scam report(s) for company: wWZLFNubvGbGWtDaiiHgGGjxEsNiGwXZoVtybCAstgkMlVaZpy
2025-11-24T07:05:27.385-03:00  INFO 12640 --- [A3Back] [           main] A.p.A3Back.service.ScamRetrievalService  : Retrieving scam reports for company: ZZZ
2025-11-24T07:05:27.385-03:00  INFO 12640 --- [A3Back] [           main] A.p.A3Back.service.ScamRetrievalService  : Successfully retrieved 1 scam report(s) for company: ZZZ
2025-11-24T07:05:27.385-03:00  INFO 12640 --- [A3Back] [           main] A.p.A3Back.service.ScamRetrievalService  : Retrieving scam reports for company: ZZZ
2025-11-24T07:05:27.385-03:00  INFO 12640 --- [A3Back] [           main] A.p.A3Back.service.ScamRetrievalService  : Successfully retrieved 10 scam report(s) for company: ZZZ
2025-11-24T07:05:27.387-03:00  INFO 12640 --- [A3Back] [           main] A.p.A3Back.service.ScamRetrievalService  : Retrieving scam reports for company: amJCbCQOusB
2025-11-24T07:05:27.387-03:00  INFO 12640 --- [A3Back] [           main] A.p.A3Back.service.ScamRetrievalService  : Successfully retrieved 4 scam report(s) for company: amJCbCQOusB
2025-11-24T07:05:27.387-03:00  INFO 12640 --- [A3Back] [           main] A.p.A3Back.service.ScamRetrievalService  : Retrieving scam reports for company: PpkaMGNNW
2025-11-24T07:05:27.387-03:00  INFO 12640 --- [A3Back] [           main] A.p.A3Back.service.ScamRetrievalService  : Successfully retrieved 3 scam report(s) for company: PpkaMGNNW
2025-11-24T07:05:27.389-03:00  INFO 12640 --- [A3Back] [           main] A.p.A3Back.service.ScamRetrievalService  : Retrieving scam reports for company: OfRpCTuY
2025-11-24T07:05:27.389-03:00  INFO 12640 --- [A3Back] [           main] A.p.A3Back.service.ScamRetrievalService  : Successfully retrieved 2 scam report(s) for company: OfRpCTuY
2025-11-24T07:05:27.389-03:00  INFO 12640 --- [A3Back] [           main] A.p.A3Back.service.ScamRetrievalService  : Retrieving scam reports for company: aZkgNj
2025-11-24T07:05:27.389-03:00  INFO 12640 --- [A3Back] [           main] A.p.A3Back.service.ScamRetrievalService  : Successfully retrieved 10 scam report(s) for company: aZkgNj
2025-11-24T07:05:27.391-03:00  INFO 12640 --- [A3Back] [           main] A.p.A3Back.service.ScamRetrievalService  : Retrieving scam reports for company: rapHF
2025-11-24T07:05:27.391-03:00  INFO 12640 --- [A3Back] [           main] A.p.A3Back.service.ScamRetrievalService  : Successfully retrieved 1 scam report(s) for company: rapHF
2025-11-24T07:05:27.404-03:00  INFO 12640 --- [A3Back] [           main] A.p.A3Back.service.ScamRetrievalService  : Retrieving scam reports for company: ZZZ
2025-11-24T07:05:27.404-03:00  INFO 12640 --- [A3Back] [           main] A.p.A3Back.service.ScamRetrievalService  : Successfully retrieved 9 scam report(s) for company: ZZZ
2025-11-24T07:05:27.439-03:00  INFO 12640 --- [A3Back] [           main] A.p.A3Back.service.ScamRetrievalService  : Retrieving scam reports for company: sZvf
2025-11-24T07:05:27.439-03:00  INFO 12640 --- [A3Back] [           main] A.p.A3Back.service.ScamRetrievalService  : Successfully retrieved 4 scam report(s) for company: sZvf
2025-11-24T07:05:27.439-03:00  INFO 12640 --- [A3Back] [           main] A.p.A3Back.service.ScamRetrievalService  : Retrieving scam reports for company: hlbBcwj
2025-11-24T07:05:27.439-03:00  INFO 12640 --- [A3Back] [           main] A.p.A3Back.service.ScamRetrievalService  : Successfully retrieved 4 scam report(s) for company: hlbBcwj
2025-11-24T07:05:27.441-03:00  INFO 12640 --- [A3Back] [           main] A.p.A3Back.service.ScamRetrievalService  : Retrieving scam reports for company: TwcIuOFxDcC
2025-11-24T07:05:27.452-03:00  INFO 12640 --- [A3Back] [           main] A.p.A3Back.service.ScamRetrievalService  : Successfully retrieved 8 scam report(s) for company: TwcIuOFxDcC
2025-11-24T07:05:27.452-03:00  INFO 12640 --- [A3Back] [           main] A.p.A3Back.service.ScamRetrievalService  : Retrieving scam reports for company: aaa
2025-11-24T07:05:27.452-03:00  INFO 12640 --- [A3Back] [           main] A.p.A3Back.service.ScamRetrievalService  : Successfully retrieved 0 scam report(s) for company: aaa
2025-11-24T07:05:27.501-03:00  INFO 12640 --- [A3Back] [           main] A.p.A3Back.service.ScamRetrievalService  : Retrieving scam reports for company: WGsCOj
2025-11-24T07:05:27.501-03:00  INFO 12640 --- [A3Back] [           main] A.p.A3Back.service.ScamRetrievalService  : Successfully retrieved 5 scam report(s) for company: WGsCOj
2025-11-24T07:05:27.503-03:00  INFO 12640 --- [A3Back] [           main] A.p.A3Back.service.ScamRetrievalService  : Retrieving scam reports for company: XXlzLwv
2025-11-24T07:05:27.503-03:00  INFO 12640 --- [A3Back] [           main] A.p.A3Back.service.ScamRetrievalService  : Successfully retrieved 8 scam report(s) for company: XXlzLwv
2025-11-24T07:05:27.505-03:00  INFO 12640 --- [A3Back] [           main] A.p.A3Back.service.ScamRetrievalService  : Retrieving scam reports for company: kBhEtImKzQz
2025-11-24T07:05:27.505-03:00  INFO 12640 --- [A3Back] [           main] A.p.A3Back.service.ScamRetrievalService  : Successfully retrieved 8 scam report(s) for company: kBhEtImKzQz
2025-11-24T07:05:27.507-03:00  INFO 12640 --- [A3Back] [           main] A.p.A3Back.service.ScamRetrievalService  : Retrieving scam reports for company: qrvNwQh
2025-11-24T07:05:27.507-03:00  INFO 12640 --- [A3Back] [           main] A.p.A3Back.service.ScamRetrievalService  : Successfully retrieved 8 scam report(s) for company: qrvNwQh
2025-11-24T07:05:27.518-03:00  INFO 12640 --- [A3Back] [           main] A.p.A3Back.service.ScamRetrievalService  : Retrieving scam reports for company: OvU
2025-11-24T07:05:27.518-03:00  INFO 12640 --- [A3Back] [           main] A.p.A3Back.service.ScamRetrievalService  : Successfully retrieved 9 scam report(s) for company: OvU
2025-11-24T07:05:27.518-03:00  INFO 12640 --- [A3Back] [           main] A.p.A3Back.service.ScamRetrievalService  : Retrieving scam reports for company: yObBWexuE
2025-11-24T07:05:27.520-03:00  INFO 12640 --- [A3Back] [           main] A.p.A3Back.service.ScamRetrievalService  : Successfully retrieved 8 scam report(s) for company: yObBWexuE
2025-11-24T07:05:27.520-03:00  INFO 12640 --- [A3Back] [           main] A.p.A3Back.service.ScamRetrievalService  : Retrieving scam reports for company: aaa
2025-11-24T07:05:27.520-03:00  INFO 12640 --- [A3Back] [           main] A.p.A3Back.service.ScamRetrievalService  : Successfully retrieved 2 scam report(s) for company: aaa
2025-11-24T07:05:27.520-03:00  INFO 12640 --- [A3Back] [           main] A.p.A3Back.service.ScamRetrievalService  : Retrieving scam reports for company: quOVYZ
2025-11-24T07:05:27.520-03:00  INFO 12640 --- [A3Back] [           main] A.p.A3Back.service.ScamRetrievalService  : Successfully retrieved 1 scam report(s) for company: quOVYZ
2025-11-24T07:05:27.522-03:00  INFO 12640 --- [A3Back] [           main] A.p.A3Back.service.ScamRetrievalService  : Retrieving scam reports for company: ItxkbR
2025-11-24T07:05:27.522-03:00  INFO 12640 --- [A3Back] [           main] A.p.A3Back.service.ScamRetrievalService  : Successfully retrieved 9 scam report(s) for company: ItxkbR
2025-11-24T07:05:27.522-03:00  INFO 12640 --- [A3Back] [           main] A.p.A3Back.service.ScamRetrievalService  : Retrieving scam reports for company: iPD
2025-11-24T07:05:27.522-03:00  INFO 12640 --- [A3Back] [           main] A.p.A3Back.service.ScamRetrievalService  : Successfully retrieved 8 scam report(s) for company: iPD
2025-11-24T07:05:27.522-03:00  INFO 12640 --- [A3Back] [           main] A.p.A3Back.service.ScamRetrievalService  : Retrieving scam reports for company: AAA
2025-11-24T07:05:27.532-03:00  INFO 12640 --- [A3Back] [           main] A.p.A3Back.service.ScamRetrievalService  : Successfully retrieved 1 scam report(s) for company: AAA
2025-11-24T07:05:27.532-03:00  INFO 12640 --- [A3Back] [           main] A.p.A3Back.service.ScamRetrievalService  : Retrieving scam reports for company: UUoKEFQNmbZo
2025-11-24T07:05:27.532-03:00  INFO 12640 --- [A3Back] [           main] A.p.A3Back.service.ScamRetrievalService  : Successfully retrieved 1 scam report(s) for company: UUoKEFQNmbZo
2025-11-24T07:05:27.534-03:00  INFO 12640 --- [A3Back] [           main] A.p.A3Back.service.ScamRetrievalService  : Retrieving scam reports for company: kPe
2025-11-24T07:05:27.534-03:00  INFO 12640 --- [A3Back] [           main] A.p.A3Back.service.ScamRetrievalService  : Successfully retrieved 10 scam report(s) for company: kPe
2025-11-24T07:05:27.534-03:00  INFO 12640 --- [A3Back] [           main] A.p.A3Back.service.ScamRetrievalService  : Retrieving scam reports for company: BFBYzHv
2025-11-24T07:05:27.534-03:00  INFO 12640 --- [A3Back] [           main] A.p.A3Back.service.ScamRetrievalService  : Successfully retrieved 9 scam report(s) for company: BFBYzHv
2025-11-24T07:05:27.574-03:00  INFO 12640 --- [A3Back] [           main] A.p.A3Back.service.ScamRetrievalService  : Retrieving scam reports for company: GxaWJYuLFLu
2025-11-24T07:05:27.574-03:00  INFO 12640 --- [A3Back] [           main] A.p.A3Back.service.ScamRetrievalService  : Successfully retrieved 3 scam report(s) for company: GxaWJYuLFLu
2025-11-24T07:05:27.576-03:00  INFO 12640 --- [A3Back] [           main] A.p.A3Back.service.ScamRetrievalService  : Retrieving scam reports for company: raaolM
2025-11-24T07:05:27.576-03:00  INFO 12640 --- [A3Back] [           main] A.p.A3Back.service.ScamRetrievalService  : Successfully retrieved 4 scam report(s) for company: raaolM
2025-11-24T07:05:27.585-03:00  INFO 12640 --- [A3Back] [           main] A.p.A3Back.service.ScamRetrievalService  : Retrieving scam reports for company: zzz
2025-11-24T07:05:27.587-03:00  INFO 12640 --- [A3Back] [           main] A.p.A3Back.service.ScamRetrievalService  : Successfully retrieved 6 scam report(s) for company: zzz
2025-11-24T07:05:27.591-03:00  INFO 12640 --- [A3Back] [           main] A.p.A3Back.service.ScamRetrievalService  : Retrieving scam reports for company: LCEaBydidR
2025-11-24T07:05:27.593-03:00  INFO 12640 --- [A3Back] [           main] A.p.A3Back.service.ScamRetrievalService  : Successfully retrieved 10 scam report(s) for company: LCEaBydidR
2025-11-24T07:05:27.600-03:00  INFO 12640 --- [A3Back] [           main] A.p.A3Back.service.ScamRetrievalService  : Retrieving scam reports for company: xsAjcrqDTnGcP
2025-11-24T07:05:27.600-03:00  INFO 12640 --- [A3Back] [           main] A.p.A3Back.service.ScamRetrievalService  : Successfully retrieved 3 scam report(s) for company: xsAjcrqDTnGcP
2025-11-24T07:05:27.604-03:00  INFO 12640 --- [A3Back] [           main] A.p.A3Back.service.ScamRetrievalService  : Retrieving scam reports for company: ywOTlURQS
2025-11-24T07:05:27.604-03:00  INFO 12640 --- [A3Back] [           main] A.p.A3Back.service.ScamRetrievalService  : Successfully retrieved 9 scam report(s) for company: ywOTlURQS
2025-11-24T07:05:27.606-03:00  INFO 12640 --- [A3Back] [           main] A.p.A3Back.service.ScamRetrievalService  : Retrieving scam reports for company: gLv
2025-11-24T07:05:27.608-03:00  INFO 12640 --- [A3Back] [           main] A.p.A3Back.service.ScamRetrievalService  : Successfully retrieved 2 scam report(s) for company: gLv
2025-11-24T07:05:27.610-03:00  INFO 12640 --- [A3Back] [           main] A.p.A3Back.service.ScamRetrievalService  : Retrieving scam reports for company: aaa
2025-11-24T07:05:27.610-03:00  INFO 12640 --- [A3Back] [           main] A.p.A3Back.service.ScamRetrievalService  : Successfully retrieved 1 scam report(s) for company: aaa
2025-11-24T07:05:27.617-03:00  INFO 12640 --- [A3Back] [           main] A.p.A3Back.service.ScamRetrievalService  : Retrieving scam reports for company: TaPTHJcvGM
2025-11-24T07:05:27.619-03:00  INFO 12640 --- [A3Back] [           main] A.p.A3Back.service.ScamRetrievalService  : Successfully retrieved 2 scam report(s) for company: TaPTHJcvGM
2025-11-24T07:05:27.623-03:00  INFO 12640 --- [A3Back] [           main] A.p.A3Back.service.ScamRetrievalService  : Retrieving scam reports for company: aaa
2025-11-24T07:05:27.623-03:00  INFO 12640 --- [A3Back] [           main] A.p.A3Back.service.ScamRetrievalService  : Successfully retrieved 1 scam report(s) for company: aaa
2025-11-24T07:05:27.623-03:00  INFO 12640 --- [A3Back] [           main] A.p.A3Back.service.ScamRetrievalService  : Retrieving scam reports for company: aaa
2025-11-24T07:05:27.623-03:00  INFO 12640 --- [A3Back] [           main] A.p.A3Back.service.ScamRetrievalService  : Successfully retrieved 10 scam report(s) for company: aaa
2025-11-24T07:05:27.639-03:00  INFO 12640 --- [A3Back] [           main] A.p.A3Back.service.ScamRetrievalService  : Retrieving scam reports for company: IYMScswpjK
2025-11-24T07:05:27.641-03:00  INFO 12640 --- [A3Back] [           main] A.p.A3Back.service.ScamRetrievalService  : Successfully retrieved 4 scam report(s) for company: IYMScswpjK
2025-11-24T07:05:27.651-03:00  INFO 12640 --- [A3Back] [           main] A.p.A3Back.service.ScamRetrievalService  : Retrieving scam reports for company: WHXrLw
2025-11-24T07:05:27.651-03:00  INFO 12640 --- [A3Back] [           main] A.p.A3Back.service.ScamRetrievalService  : Successfully retrieved 2 scam report(s) for company: WHXrLw
2025-11-24T07:05:27.653-03:00  INFO 12640 --- [A3Back] [           main] A.p.A3Back.service.ScamRetrievalService  : Retrieving scam reports for company: QmYmLkTDV
2025-11-24T07:05:27.653-03:00  INFO 12640 --- [A3Back] [           main] A.p.A3Back.service.ScamRetrievalService  : Successfully retrieved 0 scam report(s) for company: QmYmLkTDV
2025-11-24T07:05:27.655-03:00  INFO 12640 --- [A3Back] [           main] A.p.A3Back.service.ScamRetrievalService  : Retrieving scam reports for company: zbnjeUSCzkTNs
2025-11-24T07:05:27.655-03:00  INFO 12640 --- [A3Back] [           main] A.p.A3Back.service.ScamRetrievalService  : Successfully retrieved 8 scam report(s) for company: zbnjeUSCzkTNs
2025-11-24T07:05:27.655-03:00  INFO 12640 --- [A3Back] [           main] A.p.A3Back.service.ScamRetrievalService  : Retrieving scam reports for company: UDhNrvPqe
2025-11-24T07:05:27.655-03:00  INFO 12640 --- [A3Back] [           main] A.p.A3Back.service.ScamRetrievalService  : Successfully retrieved 0 scam report(s) for company: UDhNrvPqe
2025-11-24T07:05:27.655-03:00  INFO 12640 --- [A3Back] [           main] A.p.A3Back.service.ScamRetrievalService  : Retrieving scam reports for company: QhFQDDvLU
2025-11-24T07:05:27.657-03:00  INFO 12640 --- [A3Back] [           main] A.p.A3Back.service.ScamRetrievalService  : Successfully retrieved 10 scam report(s) for company: QhFQDDvLU
2025-11-24T07:05:27.657-03:00  INFO 12640 --- [A3Back] [           main] A.p.A3Back.service.ScamRetrievalService  : Retrieving scam reports for company: UJZPyvPYiQCygivpBeWTMScFalUtYFNhjQBvnFcBjqUHeAapQP
2025-11-24T07:05:27.659-03:00  INFO 12640 --- [A3Back] [           main] A.p.A3Back.service.ScamRetrievalService  : Successfully retrieved 8 scam report(s) for company: UJZPyvPYiQCygivpBeWTMScFalUtYFNhjQBvnFcBjqUHeAapQP
2025-11-24T07:05:27.668-03:00  INFO 12640 --- [A3Back] [           main] A.p.A3Back.service.ScamRetrievalService  : Retrieving scam reports for company: IHQbkSs
2025-11-24T07:05:27.668-03:00  INFO 12640 --- [A3Back] [           main] A.p.A3Back.service.ScamRetrievalService  : Successfully retrieved 2 scam report(s) for company: IHQbkSs
timestamp = 2025-11-24T07:05:27.685451200, ScamRetrievalServicePropertyTest:successCountLoggingShouldOccurAtInfoLevel = 
                              |-----------------------jqwik-----------------------
tries = 100                   | # of calls to property
checks = 100                  | # of not rejected calls
generation = RANDOMIZED       | parameters are randomly generated
after-failure = SAMPLE_FIRST  | try previously failed sample, then previous seed
when-fixed-seed = ALLOW       | fixing the random seed is allowed
edge-cases#mode = MIXIN       | edge cases are mixed in
edge-cases#total = 20         | # of all combined edge cases
edge-cases#tried = 14         | # of edge cases tried in current run
seed = 5383453223304741332    | random seed to reproduce generated values


]]></system-out>
  </testcase>
</testsuite>